Using pre-set license
Built from '2020.3/staging' branch; Version is '2020.3.10f1 (297d780c91bc) revision 2719096'; Using compiler version '192528614'; Build Type 'Release'
OS: 'Windows 10 Home; OS build 19042.1288; Version 2009; 64bit' Language: 'en' Physical Memory: 8091 MB
BatchMode: 1, IsHumanControllingUs: 0, StartBugReporterOnCrash: 0, Is64bit: 1, IsPro: 0

 COMMAND LINE ARGUMENTS:
C:\Program Files\Unity\Hub\Editor\2020.3.10f1\Editor\Unity.exe
-adb2
-batchMode
-noUpm
-name
AssetImportWorker6
-projectPath
C:/Users/ASUS PC/Documents/GitHub/wanderer---game-engine/Wander game
-logFile
Logs/AssetImportWorker6.log
-srvPort
53963
Successfully changed project path to: C:/Users/ASUS PC/Documents/GitHub/wanderer---game-engine/Wander game
C:/Users/ASUS PC/Documents/GitHub/wanderer---game-engine/Wander game
Using Asset Import Pipeline V2.
Refreshing native plugins compatible for Editor in 115.46 ms, found 2 plugins.
Preloading 0 native plugins for Editor in 0.00 ms.
Initialize engine version: 2020.3.10f1 (297d780c91bc)
[Subsystems] Discovering subsystems at path C:/Program Files/Unity/Hub/Editor/2020.3.10f1/Editor/Data/Resources/UnitySubsystems
[Subsystems] Discovering subsystems at path C:/Users/ASUS PC/Documents/GitHub/wanderer---game-engine/Wander game/Assets
GfxDevice: creating device client; threaded=0
Direct3D:
    Version:  Direct3D 11.0 [level 11.1]
    Renderer: Intel(R) HD Graphics 520 (ID=0x1916)
    Vendor:   
    VRAM:     4045 MB
    Driver:   30.0.100.9864
Initialize mono
Mono path[0] = 'C:/Program Files/Unity/Hub/Editor/2020.3.10f1/Editor/Data/Managed'
Mono path[1] = 'C:/Program Files/Unity/Hub/Editor/2020.3.10f1/Editor/Data/MonoBleedingEdge/lib/mono/unityjit'
Mono config path = 'C:/Program Files/Unity/Hub/Editor/2020.3.10f1/Editor/Data/MonoBleedingEdge/etc'
Using monoOptions --debugger-agent=transport=dt_socket,embedding=1,server=y,suspend=n,address=127.0.0.1:56404
Begin MonoManager ReloadAssembly
Registering precompiled unity dll's ...
Register platform support module: C:/Program Files/Unity/Hub/Editor/2020.3.10f1/Editor/Data/PlaybackEngines/WindowsStandaloneSupport/UnityEditor.WindowsStandalone.Extensions.dll
Registered in 0.010232 seconds.
Native extension for WindowsStandalone target not found
Refreshing native plugins compatible for Editor in 72.36 ms, found 2 plugins.
Preloading 0 native plugins for Editor in 0.00 ms.
Mono: successfully reloaded assembly
- Completed reload, in  1.925 seconds
Platform modules already initialized, skipping
Registering precompiled user dll's ...
Registered in 0.014995 seconds.
Begin MonoManager ReloadAssembly
Native extension for WindowsStandalone target not found
Refreshing native plugins compatible for Editor in 0.57 ms, found 2 plugins.
Preloading 0 native plugins for Editor in 0.00 ms.
Mono: successfully reloaded assembly
- Completed reload, in  2.328 seconds
Platform modules already initialized, skipping
========================================================================
Worker process is ready to serve import requests
Launched and connected shader compiler UnityShaderCompiler.exe after 0.15 seconds
Refreshing native plugins compatible for Editor in 0.59 ms, found 2 plugins.
Preloading 0 native plugins for Editor in 0.00 ms.
Unloading 1947 Unused Serialized files (Serialized files now loaded: 0)
System memory in use before: 104.1 MB.
System memory in use after: 104.1 MB.

Unloading 18 unused Assets to reduce memory usage. Loaded Objects now: 2400.
Total: 3.100500 ms (FindLiveObjects: 0.242200 ms CreateObjectMapping: 0.119100 ms MarkObjects: 2.591900 ms  DeleteObjects: 0.145600 ms)

========================================================================
Received Import Request.
  path: Assets/Wanderer Song 1.mp3
  artifactKey: Guid(6a4bea774ebc7f4408ac6fa3efd930be) Importer(815301076,1909f56bfc062723c751e8b465ee728b)
Start importing Assets/Wanderer Song 1.mp3 using Guid(6a4bea774ebc7f4408ac6fa3efd930be) Importer(815301076,1909f56bfc062723c751e8b465ee728b)  -> (artifact id: '8374864a34210d53f269bc351b2982ea') in 0.634044 seconds
  Import took 0.642922 seconds .

========================================================================
Received Import Request.
  Time since last request: 0.000342 seconds.
  path: Assets/SpaceZeta_StreetLamps/Floor_mat.mat
  artifactKey: Guid(194a7e2c4a9fc5f409dca86a97e93fea) Importer(815301076,1909f56bfc062723c751e8b465ee728b)
Start importing Assets/SpaceZeta_StreetLamps/Floor_mat.mat using Guid(194a7e2c4a9fc5f409dca86a97e93fea) Importer(815301076,1909f56bfc062723c751e8b465ee728b)  -> (artifact id: '4d7fdaa90bbdc4c78ac206a399ad7ac9') in 0.131343 seconds
  Import took 0.134910 seconds .

========================================================================
Received Import Request.
  Time since last request: 3.454187 seconds.
  path: Assets/ProBuilder Data/Default Color Palette.asset
  artifactKey: Guid(4018f1f1e6178b14ab2d86cec4397677) Importer(815301076,1909f56bfc062723c751e8b465ee728b)
Start importing Assets/ProBuilder Data/Default Color Palette.asset using Guid(4018f1f1e6178b14ab2d86cec4397677) Importer(815301076,1909f56bfc062723c751e8b465ee728b)  -> (artifact id: '633fdcaeed0122adca6af878ce6713c2') in 0.022742 seconds
  Import took 0.038170 seconds .

========================================================================
Received Import Request.
  Time since last request: 53.360608 seconds.
  path: Assets/Scenes/Space-planets.unity
  artifactKey: Guid(e17b1d8931a9db54d9e043c1d8d32258) Importer(815301076,1909f56bfc062723c751e8b465ee728b)
Start importing Assets/Scenes/Space-planets.unity using Guid(e17b1d8931a9db54d9e043c1d8d32258) Importer(815301076,1909f56bfc062723c751e8b465ee728b)  -> (artifact id: '42e5e8a6192cd8729cfc6442a40f7bf6') in 0.009969 seconds
  Import took 0.016989 seconds .

========================================================================
Received Import Request.
  Time since last request: 0.013510 seconds.
  path: Assets/Scenes/Space-planets.unity
  artifactKey: Guid(e17b1d8931a9db54d9e043c1d8d32258) Importer(815301076,1909f56bfc062723c751e8b465ee728b)
Start importing Assets/Scenes/Space-planets.unity using Guid(e17b1d8931a9db54d9e043c1d8d32258) Importer(815301076,1909f56bfc062723c751e8b465ee728b)  -> (artifact id: '42e5e8a6192cd8729cfc6442a40f7bf6') in 0.008234 seconds
  Import took 0.012537 seconds .

AssetImportWorkerClient::OnTransportError - code=2 error=End of file
