Using pre-set license
Built from '2020.3/staging' branch; Version is '2020.3.10f1 (297d780c91bc) revision 2719096'; Using compiler version '192528614'; Build Type 'Release'
OS: 'Windows 10 Home; OS build 22000.282; Version 2009; 64bit' Language: 'en' Physical Memory: 16229 MB
BatchMode: 1, IsHumanControllingUs: 0, StartBugReporterOnCrash: 0, Is64bit: 1, IsPro: 0

 COMMAND LINE ARGUMENTS:
C:\Program Files\Unity\Hub\Editor\2020.3.10f1\Editor\Unity.exe
-adb2
-batchMode
-noUpm
-name
AssetImportWorker0
-projectPath
D:/E3WANDERER/wanderer---game-engine/Wander game
-logFile
Logs/AssetImportWorker0.log
-srvPort
62010
Successfully changed project path to: D:/E3WANDERER/wanderer---game-engine/Wander game
D:/E3WANDERER/wanderer---game-engine/Wander game
Using Asset Import Pipeline V2.
Refreshing native plugins compatible for Editor in 57.79 ms, found 2 plugins.
Preloading 0 native plugins for Editor in 0.00 ms.
Initialize engine version: 2020.3.10f1 (297d780c91bc)
[Subsystems] Discovering subsystems at path C:/Program Files/Unity/Hub/Editor/2020.3.10f1/Editor/Data/Resources/UnitySubsystems
[Subsystems] Discovering subsystems at path D:/E3WANDERER/wanderer---game-engine/Wander game/Assets
GfxDevice: creating device client; threaded=0
Direct3D:
    Version:  Direct3D 11.0 [level 11.1]
    Renderer: NVIDIA GeForce GTX 1650 (ID=0x1f91)
    Vendor:   
    VRAM:     3962 MB
    Driver:   26.21.14.4219
Initialize mono
Mono path[0] = 'C:/Program Files/Unity/Hub/Editor/2020.3.10f1/Editor/Data/Managed'
Mono path[1] = 'C:/Program Files/Unity/Hub/Editor/2020.3.10f1/Editor/Data/MonoBleedingEdge/lib/mono/unityjit'
Mono config path = 'C:/Program Files/Unity/Hub/Editor/2020.3.10f1/Editor/Data/MonoBleedingEdge/etc'
Using monoOptions --debugger-agent=transport=dt_socket,embedding=1,server=y,suspend=n,address=127.0.0.1:56580
Begin MonoManager ReloadAssembly
Registering precompiled unity dll's ...
Register platform support module: C:/Program Files/Unity/Hub/Editor/2020.3.10f1/Editor/Data/PlaybackEngines/WebGLSupport/UnityEditor.WebGL.Extensions.dll
Register platform support module: C:/Program Files/Unity/Hub/Editor/2020.3.10f1/Editor/Data/PlaybackEngines/WindowsStandaloneSupport/UnityEditor.WindowsStandalone.Extensions.dll
Registered in 0.002325 seconds.
Native extension for WindowsStandalone target not found
Native extension for WebGL target not found
Refreshing native plugins compatible for Editor in 50.20 ms, found 2 plugins.
Preloading 0 native plugins for Editor in 0.00 ms.
Mono: successfully reloaded assembly
- Completed reload, in  1.389 seconds
Platform modules already initialized, skipping
Registering precompiled user dll's ...
Registered in 0.002912 seconds.
Begin MonoManager ReloadAssembly
Native extension for WindowsStandalone target not found
Native extension for WebGL target not found
Refreshing native plugins compatible for Editor in 1.48 ms, found 2 plugins.
Preloading 0 native plugins for Editor in 0.00 ms.
Mono: successfully reloaded assembly
- Completed reload, in  1.245 seconds
Platform modules already initialized, skipping
========================================================================
Worker process is ready to serve import requests
Launched and connected shader compiler UnityShaderCompiler.exe after 0.05 seconds
Refreshing native plugins compatible for Editor in 0.55 ms, found 2 plugins.
Preloading 0 native plugins for Editor in 0.00 ms.
Unloading 1947 Unused Serialized files (Serialized files now loaded: 0)
System memory in use before: 110.9 MB.
System memory in use after: 111.0 MB.

Unloading 18 unused Assets to reduce memory usage. Loaded Objects now: 2407.
Total: 2.366800 ms (FindLiveObjects: 0.237400 ms CreateObjectMapping: 0.065700 ms MarkObjects: 1.979400 ms  DeleteObjects: 0.083300 ms)

========================================================================
Received Import Request.
  path: Assets/Floor.mat
  artifactKey: Guid(a63e6eb568b48654aad0bda737e22416) Importer(815301076,1909f56bfc062723c751e8b465ee728b)
Start importing Assets/Floor.mat using Guid(a63e6eb568b48654aad0bda737e22416) Importer(815301076,1909f56bfc062723c751e8b465ee728b)  -> (artifact id: '19044c63ce7a007e9e52a665d1c97c50') in 0.246344 seconds
  Import took 0.249805 seconds .

========================================================================
Received Import Request.
  Time since last request: 0.000373 seconds.
  path: Assets/Wanderer Song 1.mp3
  artifactKey: Guid(6a4bea774ebc7f4408ac6fa3efd930be) Importer(815301076,1909f56bfc062723c751e8b465ee728b)
Start importing Assets/Wanderer Song 1.mp3 using Guid(6a4bea774ebc7f4408ac6fa3efd930be) Importer(815301076,1909f56bfc062723c751e8b465ee728b)  -> (artifact id: '8374864a34210d53f269bc351b2982ea') in 0.067374 seconds
  Import took 0.070601 seconds .

========================================================================
Received Import Request.
  Time since last request: 0.000363 seconds.
  path: Assets/Polybrush Textures blend.mat
  artifactKey: Guid(d7e197989997e8b47826a2a20f4f49f6) Importer(815301076,1909f56bfc062723c751e8b465ee728b)
Start importing Assets/Polybrush Textures blend.mat using Guid(d7e197989997e8b47826a2a20f4f49f6) Importer(815301076,1909f56bfc062723c751e8b465ee728b)  -> (artifact id: '317c333b1a31af4bf57ff5acdd0b2879') in 0.016166 seconds
  Import took 0.019939 seconds .

========================================================================
Received Import Request.
  Time since last request: 0.000447 seconds.
  path: Assets/Myblend.mat
  artifactKey: Guid(a05e8342a684a104aa732fc8bc5bbb6e) Importer(815301076,1909f56bfc062723c751e8b465ee728b)
Start importing Assets/Myblend.mat using Guid(a05e8342a684a104aa732fc8bc5bbb6e) Importer(815301076,1909f56bfc062723c751e8b465ee728b)  -> (artifact id: '8bb4345e2b57dc8ed7014a73e1edd21d') in 0.051809 seconds
  Import took 0.055517 seconds .

========================================================================
Received Import Request.
  Time since last request: 57.511729 seconds.
  path: Assets/New Grass.prefab
  artifactKey: Guid(4db631efea9d64e4aba2790e781d40d5) Importer(815301076,1909f56bfc062723c751e8b465ee728b)
Start importing Assets/New Grass.prefab using Guid(4db631efea9d64e4aba2790e781d40d5) Importer(815301076,1909f56bfc062723c751e8b465ee728b)  -> (artifact id: '23f1083f0b96054d275369b2a36693b1') in 0.195188 seconds
  Import took 0.207304 seconds .

========================================================================
Received Import Request.
  Time since last request: 7.093048 seconds.
  path: Assets/GrassFlowers/Textures/Ground/Grass01_BigUV.png
  artifactKey: Guid(38bb15d6b378aff46b461e248592d1da) Importer(815301076,1909f56bfc062723c751e8b465ee728b)
Start importing Assets/GrassFlowers/Textures/Ground/Grass01_BigUV.png using Guid(38bb15d6b378aff46b461e248592d1da) Importer(815301076,1909f56bfc062723c751e8b465ee728b)  -> (artifact id: '3775a2428480778457ee5b260f271e87') in 0.041457 seconds
  Import took 0.045956 seconds .

========================================================================
Received Import Request.
  Time since last request: 0.000916 seconds.
  path: Assets/GrassFlowers/Textures/Ground/Grass01_BigUV.png
  artifactKey: Guid(38bb15d6b378aff46b461e248592d1da) Importer(815301076,1909f56bfc062723c751e8b465ee728b)
Start importing Assets/GrassFlowers/Textures/Ground/Grass01_BigUV.png using Guid(38bb15d6b378aff46b461e248592d1da) Importer(815301076,1909f56bfc062723c751e8b465ee728b)  -> (artifact id: '3775a2428480778457ee5b260f271e87') in 0.025085 seconds
  Import took 0.029002 seconds .

========================================================================
Received Import Request.
  Time since last request: 26.663359 seconds.
  path: Assets/New Park.prefab
  artifactKey: Guid(c1ee8374dd75ffa4e988b91c0114f847) Importer(815301076,1909f56bfc062723c751e8b465ee728b)
Start importing Assets/New Park.prefab using Guid(c1ee8374dd75ffa4e988b91c0114f847) Importer(815301076,1909f56bfc062723c751e8b465ee728b)  -> (artifact id: '3cd41f5c6d09002f10d5d525e5cf6e35') in 0.013704 seconds
  Import took 0.017838 seconds .

========================================================================
Received Import Request.
  Time since last request: 0.007346 seconds.
  path: Assets/New Park.prefab
  artifactKey: Guid(c1ee8374dd75ffa4e988b91c0114f847) Importer(815301076,1909f56bfc062723c751e8b465ee728b)
Start importing Assets/New Park.prefab using Guid(c1ee8374dd75ffa4e988b91c0114f847) Importer(815301076,1909f56bfc062723c751e8b465ee728b)  -> (artifact id: '3cd41f5c6d09002f10d5d525e5cf6e35') in 0.004814 seconds
  Import took 0.008450 seconds .

========================================================================
Received Import Request.
  Time since last request: 11.101125 seconds.
  path: Assets/GrassFlowers/Textures/GrassFlowers/grass01.tga
  artifactKey: Guid(91a1945982e98be4d9fe3e3d12fdebd8) Importer(815301076,1909f56bfc062723c751e8b465ee728b)
Start importing Assets/GrassFlowers/Textures/GrassFlowers/grass01.tga using Guid(91a1945982e98be4d9fe3e3d12fdebd8) Importer(815301076,1909f56bfc062723c751e8b465ee728b)  -> (artifact id: '79e6f3d5f454f4900da673b873489ee1') in 0.021610 seconds
  Import took 0.025909 seconds .

========================================================================
Received Import Request.
  Time since last request: 0.000436 seconds.
  path: Assets/PBR_Grass_Textures/Textures/grass_04_maskmap.png
  artifactKey: Guid(cd629ca419b808242a1d70610b903ae2) Importer(815301076,1909f56bfc062723c751e8b465ee728b)
Start importing Assets/PBR_Grass_Textures/Textures/grass_04_maskmap.png using Guid(cd629ca419b808242a1d70610b903ae2) Importer(815301076,1909f56bfc062723c751e8b465ee728b)  -> (artifact id: '950b62c486245376a6080c4d6196b527') in 0.044085 seconds
  Import took 0.049836 seconds .

========================================================================
Received Import Request.
  Time since last request: 0.000378 seconds.
  path: Assets/PBR_Grass_Textures/Textures/grass_02_smoothness.png
  artifactKey: Guid(bd0d06ed462f301429744cbff86a9e00) Importer(815301076,1909f56bfc062723c751e8b465ee728b)
Start importing Assets/PBR_Grass_Textures/Textures/grass_02_smoothness.png using Guid(bd0d06ed462f301429744cbff86a9e00) Importer(815301076,1909f56bfc062723c751e8b465ee728b)  -> (artifact id: 'fe6aa8cf02e1628e166c160b99a7c96a') in 0.017112 seconds
  Import took 0.021198 seconds .

========================================================================
Received Import Request.
  Time since last request: 0.000392 seconds.
  path: Assets/PBR_Grass_Textures/Textures/grass_02_maskmap.png
  artifactKey: Guid(ba2dd3eadecc05348b2371c35a5fef36) Importer(815301076,1909f56bfc062723c751e8b465ee728b)
Start importing Assets/PBR_Grass_Textures/Textures/grass_02_maskmap.png using Guid(ba2dd3eadecc05348b2371c35a5fef36) Importer(815301076,1909f56bfc062723c751e8b465ee728b)  -> (artifact id: '7b571877e599d24057b391b1b69719c3') in 0.021771 seconds
  Import took 0.025529 seconds .

========================================================================
Received Import Request.
  Time since last request: 0.000438 seconds.
  path: Assets/GrassFlowers/Textures/GrassFlowers/grass01.tga
  artifactKey: Guid(91a1945982e98be4d9fe3e3d12fdebd8) Importer(815301076,1909f56bfc062723c751e8b465ee728b)
Start importing Assets/GrassFlowers/Textures/GrassFlowers/grass01.tga using Guid(91a1945982e98be4d9fe3e3d12fdebd8) Importer(815301076,1909f56bfc062723c751e8b465ee728b)  -> (artifact id: '79e6f3d5f454f4900da673b873489ee1') in 0.016307 seconds
  Import took 0.020300 seconds .

========================================================================
Received Import Request.
  Time since last request: 0.000402 seconds.
  path: Assets/PBR_Grass_Textures/Textures/grass_02_normal.png
  artifactKey: Guid(66319961537921f499d8f1b181eabbc4) Importer(815301076,1909f56bfc062723c751e8b465ee728b)
Start importing Assets/PBR_Grass_Textures/Textures/grass_02_normal.png using Guid(66319961537921f499d8f1b181eabbc4) Importer(815301076,1909f56bfc062723c751e8b465ee728b)  -> (artifact id: '5f94feeed4634735b610a7f5bc87a25f') in 0.029305 seconds
  Import took 0.033490 seconds .

========================================================================
Received Import Request.
  Time since last request: 0.000405 seconds.
  path: Assets/PBR_Grass_Textures/Textures/grass_05.png
  artifactKey: Guid(cc86a014af55150489736f65f50668ad) Importer(815301076,1909f56bfc062723c751e8b465ee728b)
Start importing Assets/PBR_Grass_Textures/Textures/grass_05.png using Guid(cc86a014af55150489736f65f50668ad) Importer(815301076,1909f56bfc062723c751e8b465ee728b)  -> (artifact id: '88e5f1f29e76a22ad387638ad2f0a203') in 0.020006 seconds
  Import took 0.024579 seconds .

========================================================================
Received Import Request.
  Time since last request: 0.000420 seconds.
  path: Assets/PBR_Grass_Textures/Textures/grass_01_ao.png
  artifactKey: Guid(d21f0d935be318743a856c0b6b43c641) Importer(815301076,1909f56bfc062723c751e8b465ee728b)
Start importing Assets/PBR_Grass_Textures/Textures/grass_01_ao.png using Guid(d21f0d935be318743a856c0b6b43c641) Importer(815301076,1909f56bfc062723c751e8b465ee728b)  -> (artifact id: 'b78023e9bb44a6749ba620838eae65c2') in 0.015717 seconds
  Import took 0.019275 seconds .

========================================================================
Received Import Request.
  Time since last request: 0.000405 seconds.
  path: Assets/PBR_Grass_Textures/Textures/grass_04_normal.png
  artifactKey: Guid(bf4d6fd9083877c41b1333cb4aee5085) Importer(815301076,1909f56bfc062723c751e8b465ee728b)
Start importing Assets/PBR_Grass_Textures/Textures/grass_04_normal.png using Guid(bf4d6fd9083877c41b1333cb4aee5085) Importer(815301076,1909f56bfc062723c751e8b465ee728b)  -> (artifact id: '73275bfa53cfdf1117d7d384303b09d6') in 0.041112 seconds
  Import took 0.054172 seconds .

========================================================================
Received Import Request.
  Time since last request: 0.000438 seconds.
  path: Assets/PBR_Grass_Textures/Textures/grass_01_normal.png
  artifactKey: Guid(9955698b184ee234590c49a05a2a09e5) Importer(815301076,1909f56bfc062723c751e8b465ee728b)
Start importing Assets/PBR_Grass_Textures/Textures/grass_01_normal.png using Guid(9955698b184ee234590c49a05a2a09e5) Importer(815301076,1909f56bfc062723c751e8b465ee728b)  -> (artifact id: '34dfdc805a5588394f2eedb1f6f66e78') in 0.019775 seconds
  Import took 0.023984 seconds .

========================================================================
Received Import Request.
  Time since last request: 0.000410 seconds.
  path: Assets/PBR_Grass_Textures/Textures/grass_03_smoothness.png
  artifactKey: Guid(2c190177ab4e2914381dd2b8c54fc824) Importer(815301076,1909f56bfc062723c751e8b465ee728b)
Start importing Assets/PBR_Grass_Textures/Textures/grass_03_smoothness.png using Guid(2c190177ab4e2914381dd2b8c54fc824) Importer(815301076,1909f56bfc062723c751e8b465ee728b)  -> (artifact id: 'b648c13ad29778a84c76d11244d770f9') in 0.017605 seconds
  Import took 0.022138 seconds .

========================================================================
Received Import Request.
  Time since last request: 0.000420 seconds.
  path: Assets/PBR_Grass_Textures/Textures/grass_04_ao.png
  artifactKey: Guid(bf64c87dd7e962f4881f59938515497f) Importer(815301076,1909f56bfc062723c751e8b465ee728b)
Start importing Assets/PBR_Grass_Textures/Textures/grass_04_ao.png using Guid(bf64c87dd7e962f4881f59938515497f) Importer(815301076,1909f56bfc062723c751e8b465ee728b)  -> (artifact id: '4644ef505b1403e4f95a0cafcee8cbcc') in 0.025635 seconds
  Import took 0.030049 seconds .

========================================================================
Received Import Request.
  Time since last request: 0.000449 seconds.
  path: Assets/PBR_Grass_Textures/Textures/grass_03_ao.png
  artifactKey: Guid(dccdc0590104f4747ad7b93faefdb820) Importer(815301076,1909f56bfc062723c751e8b465ee728b)
Start importing Assets/PBR_Grass_Textures/Textures/grass_03_ao.png using Guid(dccdc0590104f4747ad7b93faefdb820) Importer(815301076,1909f56bfc062723c751e8b465ee728b)  -> (artifact id: 'e1cdcd3b7c53bffcf4b6818c7207f5ce') in 0.019636 seconds
  Import took 0.023633 seconds .

========================================================================
Received Import Request.
  Time since last request: 0.000411 seconds.
  path: Assets/PBR_Grass_Textures/Textures/grass_02.png
  artifactKey: Guid(a462a659d1259ff418d79c9b824333f1) Importer(815301076,1909f56bfc062723c751e8b465ee728b)
Start importing Assets/PBR_Grass_Textures/Textures/grass_02.png using Guid(a462a659d1259ff418d79c9b824333f1) Importer(815301076,1909f56bfc062723c751e8b465ee728b)  -> (artifact id: '806a765ceb5befe6444898789cd9ee10') in 0.017699 seconds
  Import took 0.022391 seconds .

========================================================================
Received Import Request.
  Time since last request: 0.000413 seconds.
  path: Assets/PBR_Grass_Textures/Textures/grass_03.png
  artifactKey: Guid(d2af4f613f58aa04e9bcf494a8ec1b58) Importer(815301076,1909f56bfc062723c751e8b465ee728b)
Start importing Assets/PBR_Grass_Textures/Textures/grass_03.png using Guid(d2af4f613f58aa04e9bcf494a8ec1b58) Importer(815301076,1909f56bfc062723c751e8b465ee728b)  -> (artifact id: '0c607236bd64b75bee4664598f363573') in 0.018037 seconds
  Import took 0.022060 seconds .

========================================================================
Received Import Request.
  Time since last request: 0.000415 seconds.
  path: Assets/PBR_Grass_Textures/Textures/grass_02_ao.png
  artifactKey: Guid(05bd764f495aa1e4db12454c9facc149) Importer(815301076,1909f56bfc062723c751e8b465ee728b)
Start importing Assets/PBR_Grass_Textures/Textures/grass_02_ao.png using Guid(05bd764f495aa1e4db12454c9facc149) Importer(815301076,1909f56bfc062723c751e8b465ee728b)  -> (artifact id: 'e6fc836ebca506900e95901b0aff13c6') in 0.021204 seconds
  Import took 0.025309 seconds .

========================================================================
Received Import Request.
  Time since last request: 0.000402 seconds.
  path: Assets/GrassFlowers/Textures/GrassFlowers/grass02.tga
  artifactKey: Guid(cf3069941001b5c46b1f13d4551d0fd9) Importer(815301076,1909f56bfc062723c751e8b465ee728b)
Start importing Assets/GrassFlowers/Textures/GrassFlowers/grass02.tga using Guid(cf3069941001b5c46b1f13d4551d0fd9) Importer(815301076,1909f56bfc062723c751e8b465ee728b)  -> (artifact id: 'f632020371acb0aafef93b99472fd025') in 0.016246 seconds
  Import took 0.019738 seconds .

========================================================================
Received Import Request.
  Time since last request: 0.000421 seconds.
  path: Assets/PBR_Grass_Textures/Textures/grass_04_smoothness.png
  artifactKey: Guid(10798f9303ad0914d9d1d2032009291a) Importer(815301076,1909f56bfc062723c751e8b465ee728b)
Start importing Assets/PBR_Grass_Textures/Textures/grass_04_smoothness.png using Guid(10798f9303ad0914d9d1d2032009291a) Importer(815301076,1909f56bfc062723c751e8b465ee728b)  -> (artifact id: '22748d4c5287544f35306335e17d1e2b') in 0.020880 seconds
  Import took 0.025171 seconds .

========================================================================
Received Import Request.
  Time since last request: 0.000343 seconds.
  path: Assets/PBR_Grass_Textures/Textures/grass_01_smoohtness.png
  artifactKey: Guid(4601883a585028646af509d494130b02) Importer(815301076,1909f56bfc062723c751e8b465ee728b)
Start importing Assets/PBR_Grass_Textures/Textures/grass_01_smoohtness.png using Guid(4601883a585028646af509d494130b02) Importer(815301076,1909f56bfc062723c751e8b465ee728b)  -> (artifact id: 'd1c750599f585f184c1f9b7865d42d87') in 0.017977 seconds
  Import took 0.021966 seconds .

========================================================================
Received Import Request.
  Time since last request: 0.000415 seconds.
  path: Assets/PBR_Grass_Textures/Textures/grass_01.png
  artifactKey: Guid(15f6d1c452c8e9f4c896260d6bb8433d) Importer(815301076,1909f56bfc062723c751e8b465ee728b)
Start importing Assets/PBR_Grass_Textures/Textures/grass_01.png using Guid(15f6d1c452c8e9f4c896260d6bb8433d) Importer(815301076,1909f56bfc062723c751e8b465ee728b)  -> (artifact id: '1ee76c5b71e4b1104e5851ddc3298a6c') in 0.021270 seconds
  Import took 0.025119 seconds .

========================================================================
Received Import Request.
  Time since last request: 0.000345 seconds.
  path: Assets/PBR_Grass_Textures/Textures/grass_03_maskmap.png
  artifactKey: Guid(ba6dd8e7becdd124380f3a72bd00f812) Importer(815301076,1909f56bfc062723c751e8b465ee728b)
Start importing Assets/PBR_Grass_Textures/Textures/grass_03_maskmap.png using Guid(ba6dd8e7becdd124380f3a72bd00f812) Importer(815301076,1909f56bfc062723c751e8b465ee728b)  -> (artifact id: 'ef60f98175b2021148f2e9ac7b2fc17d') in 0.021645 seconds
  Import took 0.025205 seconds .

========================================================================
Received Import Request.
  Time since last request: 0.000409 seconds.
  path: Assets/PBR_Grass_Textures/Textures/grass_03_normal.png
  artifactKey: Guid(a34dbb64b78c32a478a651544f7585a8) Importer(815301076,1909f56bfc062723c751e8b465ee728b)
Start importing Assets/PBR_Grass_Textures/Textures/grass_03_normal.png using Guid(a34dbb64b78c32a478a651544f7585a8) Importer(815301076,1909f56bfc062723c751e8b465ee728b)  -> (artifact id: 'df8c02abf8de5b413955bb9e461244de') in 0.019814 seconds
  Import took 0.023349 seconds .

========================================================================
Received Import Request.
  Time since last request: 0.000442 seconds.
  path: Assets/PBR_Grass_Textures/Textures/grass_01_maskmap.png
  artifactKey: Guid(699b468ed0165234ebb614480ac207ff) Importer(815301076,1909f56bfc062723c751e8b465ee728b)
Start importing Assets/PBR_Grass_Textures/Textures/grass_01_maskmap.png using Guid(699b468ed0165234ebb614480ac207ff) Importer(815301076,1909f56bfc062723c751e8b465ee728b)  -> (artifact id: '2c6b8d087b48b2bb18d5c99cbe53f6e0') in 0.022188 seconds
  Import took 0.026597 seconds .

========================================================================
Received Import Request.
  Time since last request: 0.000294 seconds.
  path: Assets/PBR_Grass_Textures/Textures/grass_04.png
  artifactKey: Guid(d328b36fe895dc54d82ce105d47de6c5) Importer(815301076,1909f56bfc062723c751e8b465ee728b)
Start importing Assets/PBR_Grass_Textures/Textures/grass_04.png using Guid(d328b36fe895dc54d82ce105d47de6c5) Importer(815301076,1909f56bfc062723c751e8b465ee728b)  -> (artifact id: '174380c94b4b105670cef8add072e02f') in 0.021128 seconds
  Import took 0.024882 seconds .

========================================================================
Received Import Request.
  Time since last request: 0.000330 seconds.
  path: Assets/PBR_Grass_Textures/Textures/grass_03_normal.png
  artifactKey: Guid(a34dbb64b78c32a478a651544f7585a8) Importer(815301076,1909f56bfc062723c751e8b465ee728b)
Start importing Assets/PBR_Grass_Textures/Textures/grass_03_normal.png using Guid(a34dbb64b78c32a478a651544f7585a8) Importer(815301076,1909f56bfc062723c751e8b465ee728b)  -> (artifact id: 'df8c02abf8de5b413955bb9e461244de') in 0.021083 seconds
  Import took 0.026653 seconds .

========================================================================
Received Import Request.
  Time since last request: 0.000413 seconds.
  path: Assets/PBR_Grass_Textures/Textures/grass_04.png
  artifactKey: Guid(d328b36fe895dc54d82ce105d47de6c5) Importer(815301076,1909f56bfc062723c751e8b465ee728b)
Start importing Assets/PBR_Grass_Textures/Textures/grass_04.png using Guid(d328b36fe895dc54d82ce105d47de6c5) Importer(815301076,1909f56bfc062723c751e8b465ee728b)  -> (artifact id: '174380c94b4b105670cef8add072e02f') in 0.020606 seconds
  Import took 0.024945 seconds .

========================================================================
Received Import Request.
  Time since last request: 0.000366 seconds.
  path: Assets/PBR_Grass_Textures/Textures/grass_05_smoothness.png
  artifactKey: Guid(36736ae60db09d144a127086117801a1) Importer(815301076,1909f56bfc062723c751e8b465ee728b)
Start importing Assets/PBR_Grass_Textures/Textures/grass_05_smoothness.png using Guid(36736ae60db09d144a127086117801a1) Importer(815301076,1909f56bfc062723c751e8b465ee728b)  -> (artifact id: 'f9208491d1d81c14ccb41fc72cd224b2') in 0.018516 seconds
  Import took 0.023560 seconds .

========================================================================
Received Import Request.
  Time since last request: 0.000337 seconds.
  path: Assets/GrassFlowers/Textures/GrassFlowers/grassFlower03.tga
  artifactKey: Guid(c6bde8cacfa93444fa98152cb9e36815) Importer(815301076,1909f56bfc062723c751e8b465ee728b)
Start importing Assets/GrassFlowers/Textures/GrassFlowers/grassFlower03.tga using Guid(c6bde8cacfa93444fa98152cb9e36815) Importer(815301076,1909f56bfc062723c751e8b465ee728b)  -> (artifact id: 'd35207dc354ac8c1353f1d70ce3f58b8') in 0.016933 seconds
  Import took 0.020812 seconds .

========================================================================
Received Import Request.
  Time since last request: 0.000350 seconds.
  path: Assets/PBR_Grass_Textures/Textures/grass_05_normal.png
  artifactKey: Guid(1ca8d7047c5f9cd4bbc921f704f093fe) Importer(815301076,1909f56bfc062723c751e8b465ee728b)
Start importing Assets/PBR_Grass_Textures/Textures/grass_05_normal.png using Guid(1ca8d7047c5f9cd4bbc921f704f093fe) Importer(815301076,1909f56bfc062723c751e8b465ee728b)  -> (artifact id: '084d96097b6da195ed44e1ebf31e66f6') in 0.019133 seconds
  Import took 0.023063 seconds .

========================================================================
Received Import Request.
  Time since last request: 0.000330 seconds.
  path: Assets/GrassFlowers/Textures/GrassFlowers/grassFlower04.tga
  artifactKey: Guid(5c744e80ad52c884c9ac4c9139b3aaae) Importer(815301076,1909f56bfc062723c751e8b465ee728b)
Start importing Assets/GrassFlowers/Textures/GrassFlowers/grassFlower04.tga using Guid(5c744e80ad52c884c9ac4c9139b3aaae) Importer(815301076,1909f56bfc062723c751e8b465ee728b)  -> (artifact id: 'cb03f5e592d57d915c5f99d3a647bfee') in 0.016212 seconds
  Import took 0.019999 seconds .

========================================================================
Received Import Request.
  Time since last request: 0.000330 seconds.
  path: Assets/GrassFlowers/Textures/GrassFlowers/grassFlower07.tga
  artifactKey: Guid(5afd653e4d79b7a4c9523dd543c0bead) Importer(815301076,1909f56bfc062723c751e8b465ee728b)
Start importing Assets/GrassFlowers/Textures/GrassFlowers/grassFlower07.tga using Guid(5afd653e4d79b7a4c9523dd543c0bead) Importer(815301076,1909f56bfc062723c751e8b465ee728b)  -> (artifact id: 'd29ae9f5c57008026e518e043de2db1e') in 0.015470 seconds
  Import took 0.019845 seconds .

========================================================================
Received Import Request.
  Time since last request: 0.000327 seconds.
  path: Assets/GrassFlowers/Textures/GrassFlowers/grassFlower08.tga
  artifactKey: Guid(8900a35e436818940b97df26c3a8a1aa) Importer(815301076,1909f56bfc062723c751e8b465ee728b)
Start importing Assets/GrassFlowers/Textures/GrassFlowers/grassFlower08.tga using Guid(8900a35e436818940b97df26c3a8a1aa) Importer(815301076,1909f56bfc062723c751e8b465ee728b)  -> (artifact id: '5428a7293dc86145901d52c4c1fb9f0e') in 0.015933 seconds
  Import took 0.019604 seconds .

========================================================================
Received Import Request.
  Time since last request: 0.000291 seconds.
  path: Assets/GrassFlowers/Textures/GrassFlowers/grassFlower05.tga
  artifactKey: Guid(e3b33de953074bc4a88d9487f19c1202) Importer(815301076,1909f56bfc062723c751e8b465ee728b)
Start importing Assets/GrassFlowers/Textures/GrassFlowers/grassFlower05.tga using Guid(e3b33de953074bc4a88d9487f19c1202) Importer(815301076,1909f56bfc062723c751e8b465ee728b)  -> (artifact id: 'c599cb85d87fd628cc2948f1acb778fb') in 0.015598 seconds
  Import took 0.019360 seconds .

========================================================================
Received Import Request.
  Time since last request: 0.000504 seconds.
  path: Assets/GrassFlowers/Textures/GrassFlowers/grassFlower01.tga
  artifactKey: Guid(5733619f617fd954cac22d3d11fd1b93) Importer(815301076,1909f56bfc062723c751e8b465ee728b)
Start importing Assets/GrassFlowers/Textures/GrassFlowers/grassFlower01.tga using Guid(5733619f617fd954cac22d3d11fd1b93) Importer(815301076,1909f56bfc062723c751e8b465ee728b)  -> (artifact id: '380099602f3874f75a05efdc1084e0ef') in 0.016783 seconds
  Import took 0.020432 seconds .

========================================================================
Received Import Request.
  Time since last request: 0.000331 seconds.
  path: Assets/PBR_Grass_Textures/Textures/grass_05_maskmap.png
  artifactKey: Guid(64ca5e4c2567f2542be0737dda0b80dc) Importer(815301076,1909f56bfc062723c751e8b465ee728b)
Start importing Assets/PBR_Grass_Textures/Textures/grass_05_maskmap.png using Guid(64ca5e4c2567f2542be0737dda0b80dc) Importer(815301076,1909f56bfc062723c751e8b465ee728b)  -> (artifact id: '73ba6874fbcb87d0e1776111f2d3ef78') in 0.018988 seconds
  Import took 0.023034 seconds .

========================================================================
Received Import Request.
  Time since last request: 0.000306 seconds.
  path: Assets/GrassFlowers/Textures/GrassFlowers/grassFlower06.tga
  artifactKey: Guid(b3d0250e4b7a1ac4abe98a38d34d2048) Importer(815301076,1909f56bfc062723c751e8b465ee728b)
Start importing Assets/GrassFlowers/Textures/GrassFlowers/grassFlower06.tga using Guid(b3d0250e4b7a1ac4abe98a38d34d2048) Importer(815301076,1909f56bfc062723c751e8b465ee728b)  -> (artifact id: '9a8cb21695f12c1494e756126a8fa931') in 0.017418 seconds
  Import took 0.021250 seconds .

========================================================================
Received Import Request.
  Time since last request: 0.000453 seconds.
  path: Assets/Parks And Nature Pack/DataSource/Textures/GrassE_mt1_D.tga
  artifactKey: Guid(f04f5fd15906774418048e8b576b7184) Importer(815301076,1909f56bfc062723c751e8b465ee728b)
Start importing Assets/Parks And Nature Pack/DataSource/Textures/GrassE_mt1_D.tga using Guid(f04f5fd15906774418048e8b576b7184) Importer(815301076,1909f56bfc062723c751e8b465ee728b)  -> (artifact id: '4f2cddbd97f91cbf8f9d7c7a4249cb4f') in 0.016252 seconds
  Import took 0.020345 seconds .

========================================================================
Received Import Request.
  Time since last request: 0.000275 seconds.
  path: Assets/GrassFlowers/Textures/GrassFlowers/grassFlower09.tga
  artifactKey: Guid(d238efbd27bc5ae4ead9839995f74830) Importer(815301076,1909f56bfc062723c751e8b465ee728b)
Start importing Assets/GrassFlowers/Textures/GrassFlowers/grassFlower09.tga using Guid(d238efbd27bc5ae4ead9839995f74830) Importer(815301076,1909f56bfc062723c751e8b465ee728b)  -> (artifact id: '4ac90bb490e4c15526678ad413326079') in 0.016650 seconds
  Import took 0.020632 seconds .

========================================================================
Received Import Request.
  Time since last request: 0.000370 seconds.
  path: Assets/GrassFlowers/Textures/GrassFlowers/grassFlower02.tga
  artifactKey: Guid(b0601839c4520064bb61d58d088810bc) Importer(815301076,1909f56bfc062723c751e8b465ee728b)
Start importing Assets/GrassFlowers/Textures/GrassFlowers/grassFlower02.tga using Guid(b0601839c4520064bb61d58d088810bc) Importer(815301076,1909f56bfc062723c751e8b465ee728b)  -> (artifact id: '5db9677fc5c5fd4fabef0bc357a9936e') in 0.015437 seconds
  Import took 0.019191 seconds .

========================================================================
Received Import Request.
  Time since last request: 0.000304 seconds.
  path: Assets/PBR_Grass_Textures/Textures/grass_05_ao.png
  artifactKey: Guid(03c7206836b381e45a4f95c9d1f32116) Importer(815301076,1909f56bfc062723c751e8b465ee728b)
Start importing Assets/PBR_Grass_Textures/Textures/grass_05_ao.png using Guid(03c7206836b381e45a4f95c9d1f32116) Importer(815301076,1909f56bfc062723c751e8b465ee728b)  -> (artifact id: '36d20bc38832582a7b624ad1ccfd3195') in 0.019902 seconds
  Import took 0.024116 seconds .

========================================================================
Received Import Request.
  Time since last request: 0.012358 seconds.
  path: Assets/GrassFlowers/Textures/GrassFlowers/grassFlower02.tga
  artifactKey: Guid(b0601839c4520064bb61d58d088810bc) Importer(815301076,1909f56bfc062723c751e8b465ee728b)
Start importing Assets/GrassFlowers/Textures/GrassFlowers/grassFlower02.tga using Guid(b0601839c4520064bb61d58d088810bc) Importer(815301076,1909f56bfc062723c751e8b465ee728b)  -> (artifact id: '5db9677fc5c5fd4fabef0bc357a9936e') in 0.016353 seconds
  Import took 0.021251 seconds .

========================================================================
Received Import Request.
  Time since last request: 499.845852 seconds.
  path: Assets/New Terrain 1.asset
  artifactKey: Guid(727efd0d871e7b64f9eb09c2e3e5618b) Importer(815301076,1909f56bfc062723c751e8b465ee728b)
Start importing Assets/New Terrain 1.asset using Guid(727efd0d871e7b64f9eb09c2e3e5618b) Importer(815301076,1909f56bfc062723c751e8b465ee728b)  -> (artifact id: 'bbda9defb69ba68968a6b64032bdf525') in 0.019097 seconds
  Import took 0.024043 seconds .

========================================================================
Received Import Request.
  Time since last request: 15.058805 seconds.
  path: Assets/NewPlaneImprovise.mat
  artifactKey: Guid(9443cf34be94ee345bc14f5c1f57f40c) Importer(815301076,1909f56bfc062723c751e8b465ee728b)
Start importing Assets/NewPlaneImprovise.mat using Guid(9443cf34be94ee345bc14f5c1f57f40c) Importer(815301076,1909f56bfc062723c751e8b465ee728b)  -> (artifact id: '7e3cfd3ffe9ff8b163728c4cb7920625') in 0.026330 seconds
  Import took 0.030822 seconds .

========================================================================
Received Import Request.
  Time since last request: 8.562825 seconds.
  path: Assets/Free_SpeedTrees/Broadleaf_Desktop_Atlas.tga
  artifactKey: Guid(31018c739fc121f40904965bce982a7e) Importer(815301076,1909f56bfc062723c751e8b465ee728b)
Start importing Assets/Free_SpeedTrees/Broadleaf_Desktop_Atlas.tga using Guid(31018c739fc121f40904965bce982a7e) Importer(815301076,1909f56bfc062723c751e8b465ee728b)  -> (artifact id: 'c2131ff32db91e4fcef74623ef80fad7') in 0.032393 seconds
  Import took 0.036106 seconds .

========================================================================
Received Import Request.
  Time since last request: 0.004602 seconds.
  path: Assets/Free_SpeedTrees/Broadleaf_Desktop_Atlas.tga
  artifactKey: Guid(31018c739fc121f40904965bce982a7e) Importer(815301076,1909f56bfc062723c751e8b465ee728b)
Start importing Assets/Free_SpeedTrees/Broadleaf_Desktop_Atlas.tga using Guid(31018c739fc121f40904965bce982a7e) Importer(815301076,1909f56bfc062723c751e8b465ee728b)  -> (artifact id: 'c2131ff32db91e4fcef74623ef80fad7') in 0.024282 seconds
  Import took 0.028038 seconds .

========================================================================
Received Import Request.
  Time since last request: 0.721621 seconds.
  path: Assets/Free_SpeedTrees/Broadleaf_Desktop_Atlas_Billboards.tga
  artifactKey: Guid(400cf02f268b02e4497feb50a409aaf6) Importer(815301076,1909f56bfc062723c751e8b465ee728b)
Start importing Assets/Free_SpeedTrees/Broadleaf_Desktop_Atlas_Billboards.tga using Guid(400cf02f268b02e4497feb50a409aaf6) Importer(815301076,1909f56bfc062723c751e8b465ee728b)  -> (artifact id: '14c4266e3e0a262b1a0bbf9aeb8554e8') in 0.015645 seconds
  Import took 0.027342 seconds .

========================================================================
Received Import Request.
  Time since last request: 0.000346 seconds.
  path: Assets/Free_SpeedTrees/Broadleaf_Mobile_Atlas.tga
  artifactKey: Guid(aff229c1761713249bcd47b52eae7b9d) Importer(815301076,1909f56bfc062723c751e8b465ee728b)
Start importing Assets/Free_SpeedTrees/Broadleaf_Mobile_Atlas.tga using Guid(aff229c1761713249bcd47b52eae7b9d) Importer(815301076,1909f56bfc062723c751e8b465ee728b)  -> (artifact id: 'd921d8141e27b5ec9b7b1bfa327324aa') in 0.021405 seconds
  Import took 0.025379 seconds .

========================================================================
Received Import Request.
  Time since last request: 0.000354 seconds.
  path: Assets/Free_SpeedTrees/Broadleaf_Desktop_Atlas_Normal.tga
  artifactKey: Guid(95797b7ad77ef66488f0a638eb46b900) Importer(815301076,1909f56bfc062723c751e8b465ee728b)
Start importing Assets/Free_SpeedTrees/Broadleaf_Desktop_Atlas_Normal.tga using Guid(95797b7ad77ef66488f0a638eb46b900) Importer(815301076,1909f56bfc062723c751e8b465ee728b)  -> (artifact id: 'c30d5c6906f6fa578edd8d7ac8f4eccf') in 0.025132 seconds
  Import took 0.028818 seconds .

========================================================================
Received Import Request.
  Time since last request: 0.000365 seconds.
  path: Assets/Free_SpeedTrees/Broadleaf_Mobile_Atlas_Billboards_Normal.tga
  artifactKey: Guid(d08ed16db3ffed749b2a182a220ec7e8) Importer(815301076,1909f56bfc062723c751e8b465ee728b)
Start importing Assets/Free_SpeedTrees/Broadleaf_Mobile_Atlas_Billboards_Normal.tga using Guid(d08ed16db3ffed749b2a182a220ec7e8) Importer(815301076,1909f56bfc062723c751e8b465ee728b)  -> (artifact id: '36d31b005aca2f598ffbb5079e429d5c') in 0.021617 seconds
  Import took 0.025437 seconds .

========================================================================
Received Import Request.
  Time since last request: 0.000311 seconds.
  path: Assets/Free_SpeedTrees/Broadleaf_Desktop_Atlas_Billboards.tga
  artifactKey: Guid(400cf02f268b02e4497feb50a409aaf6) Importer(815301076,1909f56bfc062723c751e8b465ee728b)
Start importing Assets/Free_SpeedTrees/Broadleaf_Desktop_Atlas_Billboards.tga using Guid(400cf02f268b02e4497feb50a409aaf6) Importer(815301076,1909f56bfc062723c751e8b465ee728b)  -> (artifact id: '14c4266e3e0a262b1a0bbf9aeb8554e8') in 0.015959 seconds
  Import took 0.019590 seconds .

========================================================================
Received Import Request.
  Time since last request: 0.000277 seconds.
  path: Assets/Free_SpeedTrees/Broadleaf_Desktop_Atlas_Specular.tga
  artifactKey: Guid(331fab33425f2a443a5533996e30c2f3) Importer(815301076,1909f56bfc062723c751e8b465ee728b)
Start importing Assets/Free_SpeedTrees/Broadleaf_Desktop_Atlas_Specular.tga using Guid(331fab33425f2a443a5533996e30c2f3) Importer(815301076,1909f56bfc062723c751e8b465ee728b)  -> (artifact id: 'bc5605c36de5c56f64867f46218fd379') in 0.018993 seconds
  Import took 0.023194 seconds .

========================================================================
Received Import Request.
  Time since last request: 0.000391 seconds.
  path: Assets/Free_SpeedTrees/BroadleafBark.tga
  artifactKey: Guid(8388ef004037cfb4bb078b578e3ed979) Importer(815301076,1909f56bfc062723c751e8b465ee728b)
Start importing Assets/Free_SpeedTrees/BroadleafBark.tga using Guid(8388ef004037cfb4bb078b578e3ed979) Importer(815301076,1909f56bfc062723c751e8b465ee728b)  -> (artifact id: '43e9c1ab15f2b5c6e1e2f0d08f6aa3de') in 0.017451 seconds
  Import took 0.021347 seconds .

========================================================================
Received Import Request.
  Time since last request: 0.000379 seconds.
  path: Assets/Free_SpeedTrees/Broadleaves_Card_Desktop_Normal.tga
  artifactKey: Guid(ba3df608f71aa66459b42227a3bfe843) Importer(815301076,1909f56bfc062723c751e8b465ee728b)
Start importing Assets/Free_SpeedTrees/Broadleaves_Card_Desktop_Normal.tga using Guid(ba3df608f71aa66459b42227a3bfe843) Importer(815301076,1909f56bfc062723c751e8b465ee728b)  -> (artifact id: '1e60a6a59c4bedaa2cd3d50086dc87b7') in 0.016825 seconds
  Import took 0.020327 seconds .

========================================================================
Received Import Request.
  Time since last request: 0.000272 seconds.
  path: Assets/Free_SpeedTrees/Broadleaf_Mobile_Atlas_Specular.tga
  artifactKey: Guid(2fae588f60ac4474ea0fb25519d51427) Importer(815301076,1909f56bfc062723c751e8b465ee728b)
Start importing Assets/Free_SpeedTrees/Broadleaf_Mobile_Atlas_Specular.tga using Guid(2fae588f60ac4474ea0fb25519d51427) Importer(815301076,1909f56bfc062723c751e8b465ee728b)  -> (artifact id: 'ec267af9f50c2dff81ee1e868ee30415') in 0.019473 seconds
  Import took 0.023820 seconds .

========================================================================
Received Import Request.
  Time since last request: 0.000274 seconds.
  path: Assets/Free_SpeedTrees/Broadleaf_Mobile_Atlas_Normal.tga
  artifactKey: Guid(cae8ecee60430f64b90c5796b575e166) Importer(815301076,1909f56bfc062723c751e8b465ee728b)
Start importing Assets/Free_SpeedTrees/Broadleaf_Mobile_Atlas_Normal.tga using Guid(cae8ecee60430f64b90c5796b575e166) Importer(815301076,1909f56bfc062723c751e8b465ee728b)  -> (artifact id: 'ee6a2858717aee2ea7717682dd131d07') in 0.024953 seconds
  Import took 0.028609 seconds .

========================================================================
Received Import Request.
  Time since last request: 0.000292 seconds.
  path: Assets/Free_SpeedTrees/Broadleaf_Desktop_Atlas_Billboards_Normal.tga
  artifactKey: Guid(9eee8eb4a2dc9b544acbad65d658bae6) Importer(815301076,1909f56bfc062723c751e8b465ee728b)
Start importing Assets/Free_SpeedTrees/Broadleaf_Desktop_Atlas_Billboards_Normal.tga using Guid(9eee8eb4a2dc9b544acbad65d658bae6) Importer(815301076,1909f56bfc062723c751e8b465ee728b)  -> (artifact id: '5cfd2ffa470e4b745909a5b85f46ff2d') in 0.017071 seconds
  Import took 0.021240 seconds .

========================================================================
Received Import Request.
  Time since last request: 0.000365 seconds.
  path: Assets/Free_SpeedTrees/Broadleaves_Card_Desktop.tga
  artifactKey: Guid(e64cf5c9456ef684aaff7b60939f2eaa) Importer(815301076,1909f56bfc062723c751e8b465ee728b)
Start importing Assets/Free_SpeedTrees/Broadleaves_Card_Desktop.tga using Guid(e64cf5c9456ef684aaff7b60939f2eaa) Importer(815301076,1909f56bfc062723c751e8b465ee728b)  -> (artifact id: 'd5d9694de26afe4d0bccf4ff1e62d293') in 0.017667 seconds
  Import took 0.021903 seconds .

========================================================================
Received Import Request.
  Time since last request: 0.000327 seconds.
  path: Assets/Free_SpeedTrees/BroadleafBark_Normal.tga
  artifactKey: Guid(1f5ec39442ecd0743b110eccfc24d442) Importer(815301076,1909f56bfc062723c751e8b465ee728b)
Start importing Assets/Free_SpeedTrees/BroadleafBark_Normal.tga using Guid(1f5ec39442ecd0743b110eccfc24d442) Importer(815301076,1909f56bfc062723c751e8b465ee728b)  -> (artifact id: '30d73a257a7f51a3dd52aca11bc8bb64') in 0.016616 seconds
  Import took 0.021033 seconds .

========================================================================
Received Import Request.
  Time since last request: 0.000369 seconds.
  path: Assets/Free_SpeedTrees/Broadleaves_Card_Desktop_Spec.tga
  artifactKey: Guid(f11e0c60fcaddcd4ca3d2de05ae014c1) Importer(815301076,1909f56bfc062723c751e8b465ee728b)
Start importing Assets/Free_SpeedTrees/Broadleaves_Card_Desktop_Spec.tga using Guid(f11e0c60fcaddcd4ca3d2de05ae014c1) Importer(815301076,1909f56bfc062723c751e8b465ee728b)  -> (artifact id: '2ebd1ed53f0f510b00e4313484f46abf') in 0.018610 seconds
  Import took 0.022299 seconds .

========================================================================
Received Import Request.
  Time since last request: 0.000359 seconds.
  path: Assets/Free_SpeedTrees/Broadleaf_Mobile_Atlas_Billboards.tga
  artifactKey: Guid(e9d5f83e9143624479658513c3542ddb) Importer(815301076,1909f56bfc062723c751e8b465ee728b)
Start importing Assets/Free_SpeedTrees/Broadleaf_Mobile_Atlas_Billboards.tga using Guid(e9d5f83e9143624479658513c3542ddb) Importer(815301076,1909f56bfc062723c751e8b465ee728b)  -> (artifact id: '9eae30fbbb132766203092b4e154de02') in 0.016585 seconds
  Import took 0.020767 seconds .

========================================================================
Received Import Request.
  Time since last request: 0.065641 seconds.
  path: Assets/Free_SpeedTrees/Broadleaves_Desktop.tga
  artifactKey: Guid(ce9dea0a872176a4c894d4bcfb48fd18) Importer(815301076,1909f56bfc062723c751e8b465ee728b)
Start importing Assets/Free_SpeedTrees/Broadleaves_Desktop.tga using Guid(ce9dea0a872176a4c894d4bcfb48fd18) Importer(815301076,1909f56bfc062723c751e8b465ee728b)  -> (artifact id: '2dd7822a02cb747c181f9c311ceac387') in 0.015250 seconds
  Import took 0.018913 seconds .

========================================================================
Received Import Request.
  Time since last request: 0.000342 seconds.
  path: Assets/Free_SpeedTrees/Broadleaves_Desktop_Spec.tga
  artifactKey: Guid(8aa20d044431d7146a3169d49aac11bf) Importer(815301076,1909f56bfc062723c751e8b465ee728b)
Start importing Assets/Free_SpeedTrees/Broadleaves_Desktop_Spec.tga using Guid(8aa20d044431d7146a3169d49aac11bf) Importer(815301076,1909f56bfc062723c751e8b465ee728b)  -> (artifact id: '516d0946c63f388d746e9714931d35ee') in 0.014817 seconds
  Import took 0.018405 seconds .

========================================================================
Received Import Request.
  Time since last request: 0.000304 seconds.
  path: Assets/Free_SpeedTrees/Broadleaves_Mobile.tga
  artifactKey: Guid(fda4b0464694cfc4ea753953e2b5c879) Importer(815301076,1909f56bfc062723c751e8b465ee728b)
Start importing Assets/Free_SpeedTrees/Broadleaves_Mobile.tga using Guid(fda4b0464694cfc4ea753953e2b5c879) Importer(815301076,1909f56bfc062723c751e8b465ee728b)  -> (artifact id: '44f7b77c783e7dd172872d466d999ee3') in 0.017677 seconds
  Import took 0.022029 seconds .

========================================================================
Received Import Request.
  Time since last request: 0.000338 seconds.
  path: Assets/Free_SpeedTrees/Cap_01.tga
  artifactKey: Guid(4c736772015edbc45a598838d178886f) Importer(815301076,1909f56bfc062723c751e8b465ee728b)
Start importing Assets/Free_SpeedTrees/Cap_01.tga using Guid(4c736772015edbc45a598838d178886f) Importer(815301076,1909f56bfc062723c751e8b465ee728b)  -> (artifact id: '51023c3058c892567026b2af6d5b2285') in 0.017557 seconds
  Import took 0.021490 seconds .

========================================================================
Received Import Request.
  Time since last request: 0.000355 seconds.
  path: Assets/Free_SpeedTrees/Broadleaves_Desktop_Normal.tga
  artifactKey: Guid(ca83d5eb2956aee4e9773b061b826d27) Importer(815301076,1909f56bfc062723c751e8b465ee728b)
Start importing Assets/Free_SpeedTrees/Broadleaves_Desktop_Normal.tga using Guid(ca83d5eb2956aee4e9773b061b826d27) Importer(815301076,1909f56bfc062723c751e8b465ee728b)  -> (artifact id: 'fbe484c5dafc1aa222c3cf356746cf5b') in 0.018432 seconds
  Import took 0.022185 seconds .

========================================================================
Received Import Request.
  Time since last request: 0.000330 seconds.
  path: Assets/Free_SpeedTrees/Broadleaves_Mobile_Spec.tga
  artifactKey: Guid(55d21301079feab4f9262aad8851109c) Importer(815301076,1909f56bfc062723c751e8b465ee728b)
Start importing Assets/Free_SpeedTrees/Broadleaves_Mobile_Spec.tga using Guid(55d21301079feab4f9262aad8851109c) Importer(815301076,1909f56bfc062723c751e8b465ee728b)  -> (artifact id: '837ca78e7694a29f9f17a7bac6b691f2') in 0.018729 seconds
  Import took 0.023388 seconds .

========================================================================
Received Import Request.
  Time since last request: 0.000329 seconds.
  path: Assets/Free_SpeedTrees/Broadleaves_Mobile_Normal.tga
  artifactKey: Guid(43fb5de94234b754c904d3a30aa4c2f4) Importer(815301076,1909f56bfc062723c751e8b465ee728b)
Start importing Assets/Free_SpeedTrees/Broadleaves_Mobile_Normal.tga using Guid(43fb5de94234b754c904d3a30aa4c2f4) Importer(815301076,1909f56bfc062723c751e8b465ee728b)  -> (artifact id: '3ad5782e8460440f3d58e670fd30d300') in 0.020959 seconds
  Import took 0.025173 seconds .

========================================================================
Received Import Request.
  Time since last request: 0.000312 seconds.
  path: Assets/Free_SpeedTrees/Broadleaves_Desktop.tga
  artifactKey: Guid(ce9dea0a872176a4c894d4bcfb48fd18) Importer(815301076,1909f56bfc062723c751e8b465ee728b)
Start importing Assets/Free_SpeedTrees/Broadleaves_Desktop.tga using Guid(ce9dea0a872176a4c894d4bcfb48fd18) Importer(815301076,1909f56bfc062723c751e8b465ee728b)  -> (artifact id: '2dd7822a02cb747c181f9c311ceac387') in 0.015177 seconds
  Import took 0.018823 seconds .

========================================================================
Received Import Request.
  Time since last request: 0.363856 seconds.
  path: Assets/Free_SpeedTrees/Cap_01_Normal.tga
  artifactKey: Guid(28708d8807aed5e4fb6d176a1f42c0d9) Importer(815301076,1909f56bfc062723c751e8b465ee728b)
Start importing Assets/Free_SpeedTrees/Cap_01_Normal.tga using Guid(28708d8807aed5e4fb6d176a1f42c0d9) Importer(815301076,1909f56bfc062723c751e8b465ee728b)  -> (artifact id: '0ef4a453828d0910295b1da235867bbe') in 0.019110 seconds
  Import took 0.023291 seconds .

========================================================================
Received Import Request.
  Time since last request: 0.000347 seconds.
  path: Assets/Free_SpeedTrees/Cap_02_Normal.tga
  artifactKey: Guid(087603efcf9e15c4fa292a1ba47041f7) Importer(815301076,1909f56bfc062723c751e8b465ee728b)
Start importing Assets/Free_SpeedTrees/Cap_02_Normal.tga using Guid(087603efcf9e15c4fa292a1ba47041f7) Importer(815301076,1909f56bfc062723c751e8b465ee728b)  -> (artifact id: '78609d28df5b825b9da8f74335830516') in 0.016189 seconds
  Import took 0.020021 seconds .

========================================================================
Received Import Request.
  Time since last request: 0.000331 seconds.
  path: Assets/Free_SpeedTrees/Conifer_Desktop_Atlas_Billboards.tga
  artifactKey: Guid(b6b6a150997c48847a2e282d7758946e) Importer(815301076,1909f56bfc062723c751e8b465ee728b)
Start importing Assets/Free_SpeedTrees/Conifer_Desktop_Atlas_Billboards.tga using Guid(b6b6a150997c48847a2e282d7758946e) Importer(815301076,1909f56bfc062723c751e8b465ee728b)  -> (artifact id: '9824e1fdf41ee5515abf388b5d0bbf40') in 0.017953 seconds
  Import took 0.022472 seconds .

========================================================================
Received Import Request.
  Time since last request: 0.000346 seconds.
  path: Assets/Free_SpeedTrees/Conifer_Desktop_Atlas_Normal.tga
  artifactKey: Guid(baaa7978ce9574a4184b4f8e4cfa1b11) Importer(815301076,1909f56bfc062723c751e8b465ee728b)
Start importing Assets/Free_SpeedTrees/Conifer_Desktop_Atlas_Normal.tga using Guid(baaa7978ce9574a4184b4f8e4cfa1b11) Importer(815301076,1909f56bfc062723c751e8b465ee728b)  -> (artifact id: 'd58c99531fb35f14517757e0ce5c1893') in 0.016688 seconds
  Import took 0.020597 seconds .

========================================================================
Received Import Request.
  Time since last request: 0.000303 seconds.
  path: Assets/Free_SpeedTrees/Conifer_Needles_Desktop.tga
  artifactKey: Guid(7e67582339870f24596151c8ec9d2bd9) Importer(815301076,1909f56bfc062723c751e8b465ee728b)
Start importing Assets/Free_SpeedTrees/Conifer_Needles_Desktop.tga using Guid(7e67582339870f24596151c8ec9d2bd9) Importer(815301076,1909f56bfc062723c751e8b465ee728b)  -> (artifact id: 'ddb1b6ebce0be0aafe29180995b79ab5') in 0.018351 seconds
  Import took 0.022175 seconds .

========================================================================
Received Import Request.
  Time since last request: 0.000301 seconds.
  path: Assets/Free_SpeedTrees/Conifer_Needles_Dekstop_Spec.tga
  artifactKey: Guid(09510e72a92b53449aa8ac24fd74d06f) Importer(815301076,1909f56bfc062723c751e8b465ee728b)
Start importing Assets/Free_SpeedTrees/Conifer_Needles_Dekstop_Spec.tga using Guid(09510e72a92b53449aa8ac24fd74d06f) Importer(815301076,1909f56bfc062723c751e8b465ee728b)  -> (artifact id: '964a7fb049e770567012bd6954c6d99e') in 0.017377 seconds
  Import took 0.021961 seconds .

========================================================================
Received Import Request.
  Time since last request: 0.000373 seconds.
  path: Assets/Free_SpeedTrees/Conifer_Desktop_Atlas.tga
  artifactKey: Guid(6252e35b1ca7f8a41bee8af931e1518a) Importer(815301076,1909f56bfc062723c751e8b465ee728b)
Start importing Assets/Free_SpeedTrees/Conifer_Desktop_Atlas.tga using Guid(6252e35b1ca7f8a41bee8af931e1518a) Importer(815301076,1909f56bfc062723c751e8b465ee728b)  -> (artifact id: 'd0d4d1e0e1594b145a3bc598e839d5d8') in 0.023504 seconds
  Import took 0.027462 seconds .

========================================================================
Received Import Request.
  Time since last request: 0.000342 seconds.
  path: Assets/Free_SpeedTrees/ClippedFrond_Normal.tga
  artifactKey: Guid(e399812032ced8c4b91235f1231db905) Importer(815301076,1909f56bfc062723c751e8b465ee728b)
Start importing Assets/Free_SpeedTrees/ClippedFrond_Normal.tga using Guid(e399812032ced8c4b91235f1231db905) Importer(815301076,1909f56bfc062723c751e8b465ee728b)  -> (artifact id: 'db5b0c4cb4c05b1f5100425abd7bd05c') in 0.018722 seconds
  Import took 0.022752 seconds .

========================================================================
Received Import Request.
  Time since last request: 0.000343 seconds.
  path: Assets/Free_SpeedTrees/Conifer_Desktop_Atlas_Specular.tga
  artifactKey: Guid(73268d3bd099d004c84aa15d081305a7) Importer(815301076,1909f56bfc062723c751e8b465ee728b)
Start importing Assets/Free_SpeedTrees/Conifer_Desktop_Atlas_Specular.tga using Guid(73268d3bd099d004c84aa15d081305a7) Importer(815301076,1909f56bfc062723c751e8b465ee728b)  -> (artifact id: '567d497ee46bdcbd12423bb0f15875dd') in 0.016525 seconds
  Import took 0.020440 seconds .

========================================================================
Received Import Request.
  Time since last request: 0.000348 seconds.
  path: Assets/Parks And Nature Pack/DataSource/Textures/ChairA_mt1_D.tga
  artifactKey: Guid(312c9af0bdcc80042ad11d8c641fe72f) Importer(815301076,1909f56bfc062723c751e8b465ee728b)
Start importing Assets/Parks And Nature Pack/DataSource/Textures/ChairA_mt1_D.tga using Guid(312c9af0bdcc80042ad11d8c641fe72f) Importer(815301076,1909f56bfc062723c751e8b465ee728b)  -> (artifact id: '78dcc30ced5757f7d827ce00bdca25fd') in 0.016575 seconds
  Import took 0.020150 seconds .

========================================================================
Received Import Request.
  Time since last request: 0.000362 seconds.
  path: Assets/Free_SpeedTrees/Cap_02.tga
  artifactKey: Guid(1e84037f5ea09ab4591dfa710d05aea0) Importer(815301076,1909f56bfc062723c751e8b465ee728b)
Start importing Assets/Free_SpeedTrees/Cap_02.tga using Guid(1e84037f5ea09ab4591dfa710d05aea0) Importer(815301076,1909f56bfc062723c751e8b465ee728b)  -> (artifact id: '4e63d8b4ba6778d1ff0ad0f7889e5287') in 0.016844 seconds
  Import took 0.021281 seconds .

========================================================================
Received Import Request.
  Time since last request: 0.000376 seconds.
  path: Assets/Free_SpeedTrees/Conifer_Desktop_Atlas_Billboards_Normal.tga
  artifactKey: Guid(b40ea9e85cab82240b343e59cba9e540) Importer(815301076,1909f56bfc062723c751e8b465ee728b)
Start importing Assets/Free_SpeedTrees/Conifer_Desktop_Atlas_Billboards_Normal.tga using Guid(b40ea9e85cab82240b343e59cba9e540) Importer(815301076,1909f56bfc062723c751e8b465ee728b)  -> (artifact id: '9f0b4d7e2f9f9c5457d91221a713f19d') in 0.020147 seconds
  Import took 0.024447 seconds .

========================================================================
Received Import Request.
  Time since last request: 0.000379 seconds.
  path: Assets/Free_SpeedTrees/ClippedFrond.tga
  artifactKey: Guid(92b189208338b724f828f66e4eb40478) Importer(815301076,1909f56bfc062723c751e8b465ee728b)
Start importing Assets/Free_SpeedTrees/ClippedFrond.tga using Guid(92b189208338b724f828f66e4eb40478) Importer(815301076,1909f56bfc062723c751e8b465ee728b)  -> (artifact id: 'c8d2c426bf1b98587e67acd88542a355') in 0.016516 seconds
  Import took 0.020788 seconds .

========================================================================
Received Import Request.
  Time since last request: 0.112144 seconds.
  path: Assets/Free_SpeedTrees/Conifer_Needles_Desktop_Normal.tga
  artifactKey: Guid(3aa94b05cef7fed4eaa649ae8e6eb783) Importer(815301076,1909f56bfc062723c751e8b465ee728b)
Start importing Assets/Free_SpeedTrees/Conifer_Needles_Desktop_Normal.tga using Guid(3aa94b05cef7fed4eaa649ae8e6eb783) Importer(815301076,1909f56bfc062723c751e8b465ee728b)  -> (artifact id: '21a81aeab2b2ac579b4f8dfc8f530fc1') in 0.014532 seconds
  Import took 0.018349 seconds .

========================================================================
Received Import Request.
  Time since last request: 0.000305 seconds.
  path: Assets/Free_SpeedTrees/ConiferBark_Normal.tga
  artifactKey: Guid(f37a87d1d87d5994493dcd34c80cd320) Importer(815301076,1909f56bfc062723c751e8b465ee728b)
Start importing Assets/Free_SpeedTrees/ConiferBark_Normal.tga using Guid(f37a87d1d87d5994493dcd34c80cd320) Importer(815301076,1909f56bfc062723c751e8b465ee728b)  -> (artifact id: '366a29dfe01b75ebab4ebedd80449686') in 0.016297 seconds
  Import took 0.021242 seconds .

========================================================================
Received Import Request.
  Time since last request: 0.000372 seconds.
  path: Assets/Free_SpeedTrees/Conifer_Needles_Desktop_Normal.tga
  artifactKey: Guid(3aa94b05cef7fed4eaa649ae8e6eb783) Importer(815301076,1909f56bfc062723c751e8b465ee728b)
Start importing Assets/Free_SpeedTrees/Conifer_Needles_Desktop_Normal.tga using Guid(3aa94b05cef7fed4eaa649ae8e6eb783) Importer(815301076,1909f56bfc062723c751e8b465ee728b)  -> (artifact id: '21a81aeab2b2ac579b4f8dfc8f530fc1') in 0.021366 seconds
  Import took 0.025381 seconds .

========================================================================
Received Import Request.
  Time since last request: 0.000371 seconds.
  path: Assets/Free_SpeedTrees/ConiferBark.tga
  artifactKey: Guid(29902be09adfaa44d879f4d96eea5d5e) Importer(815301076,1909f56bfc062723c751e8b465ee728b)
Start importing Assets/Free_SpeedTrees/ConiferBark.tga using Guid(29902be09adfaa44d879f4d96eea5d5e) Importer(815301076,1909f56bfc062723c751e8b465ee728b)  -> (artifact id: 'bd5ea34fd5b2869fdc7d46fbd7b4bef6') in 0.015717 seconds
  Import took 0.019454 seconds .

========================================================================
Received Import Request.
  Time since last request: 9.506198 seconds.
  path: Assets/Text Font/Roboto/Roboto-ThinItalic.ttf
  artifactKey: Guid(159d45702a417488a9c58c9fa8eee308) Importer(815301076,1909f56bfc062723c751e8b465ee728b)
Start importing Assets/Text Font/Roboto/Roboto-ThinItalic.ttf using Guid(159d45702a417488a9c58c9fa8eee308) Importer(815301076,1909f56bfc062723c751e8b465ee728b)  -> (artifact id: 'd058f4c782f50050502e71f08439bf83') in 0.031782 seconds
  Import took 0.035569 seconds .

========================================================================
Received Import Request.
  Time since last request: 0.000274 seconds.
  path: Assets/Text Font/Roboto/Roboto-Bold.ttf
  artifactKey: Guid(46dc2ae96b5ad4159bd64261eb3c0e83) Importer(815301076,1909f56bfc062723c751e8b465ee728b)
Start importing Assets/Text Font/Roboto/Roboto-Bold.ttf using Guid(46dc2ae96b5ad4159bd64261eb3c0e83) Importer(815301076,1909f56bfc062723c751e8b465ee728b)  -> (artifact id: 'f316fcd82f89f7d3247954835f989238') in 0.018531 seconds
  Import took 0.022311 seconds .

========================================================================
Received Import Request.
  Time since last request: 0.000290 seconds.
  path: Assets/Text Font/Roboto/Roboto-ThinItalic.ttf
  artifactKey: Guid(159d45702a417488a9c58c9fa8eee308) Importer(815301076,1909f56bfc062723c751e8b465ee728b)
Start importing Assets/Text Font/Roboto/Roboto-ThinItalic.ttf using Guid(159d45702a417488a9c58c9fa8eee308) Importer(815301076,1909f56bfc062723c751e8b465ee728b)  -> (artifact id: 'd058f4c782f50050502e71f08439bf83') in 0.012377 seconds
  Import took 0.016433 seconds .

========================================================================
Received Import Request.
  Time since last request: 0.165650 seconds.
  path: Assets/Text Font/Roboto/Roboto-Italic.ttf
  artifactKey: Guid(9fe9ca3659d1a44cebd4bdedde6d1af0) Importer(815301076,1909f56bfc062723c751e8b465ee728b)
Start importing Assets/Text Font/Roboto/Roboto-Italic.ttf using Guid(9fe9ca3659d1a44cebd4bdedde6d1af0) Importer(815301076,1909f56bfc062723c751e8b465ee728b)  -> (artifact id: '72fa44324642e998a63884fec20694d3') in 0.020678 seconds
  Import took 0.024481 seconds .

========================================================================
Received Import Request.
  Time since last request: 0.000360 seconds.
  path: Assets/Text Font/Roboto/Roboto-BlackItalic.ttf
  artifactKey: Guid(9fdebc56d2a9043e7a022dbdf7e50110) Importer(815301076,1909f56bfc062723c751e8b465ee728b)
Start importing Assets/Text Font/Roboto/Roboto-BlackItalic.ttf using Guid(9fdebc56d2a9043e7a022dbdf7e50110) Importer(815301076,1909f56bfc062723c751e8b465ee728b)  -> (artifact id: '0e6e3af7d0192a3a75c9d65566a0ae5c') in 0.026301 seconds
  Import took 0.030490 seconds .

========================================================================
Received Import Request.
  Time since last request: 0.000380 seconds.
  path: Assets/Text Font/Roboto/Roboto-LightItalic.ttf
  artifactKey: Guid(54ff73007ab7e4ae98686d387257d84b) Importer(815301076,1909f56bfc062723c751e8b465ee728b)
Start importing Assets/Text Font/Roboto/Roboto-LightItalic.ttf using Guid(54ff73007ab7e4ae98686d387257d84b) Importer(815301076,1909f56bfc062723c751e8b465ee728b)  -> (artifact id: '58c505f71b0fcb761fcdf95aaa660e42') in 0.027099 seconds
  Import took 0.030751 seconds .

========================================================================
Received Import Request.
  Time since last request: 0.000347 seconds.
  path: Assets/Text Font/Roboto/Roboto-Black.ttf
  artifactKey: Guid(7674c80bd9f0747b98a72a73b32a75af) Importer(815301076,1909f56bfc062723c751e8b465ee728b)
Start importing Assets/Text Font/Roboto/Roboto-Black.ttf using Guid(7674c80bd9f0747b98a72a73b32a75af) Importer(815301076,1909f56bfc062723c751e8b465ee728b)  -> (artifact id: '42f63b010a1e04d8bd66ec3858b86340') in 0.020348 seconds
  Import took 0.024859 seconds .

========================================================================
Received Import Request.
  Time since last request: 0.000416 seconds.
  path: Assets/Text Font/Roboto/Roboto-Medium.ttf
  artifactKey: Guid(3352074c34f49456e91d0dfd94175693) Importer(815301076,1909f56bfc062723c751e8b465ee728b)
Start importing Assets/Text Font/Roboto/Roboto-Medium.ttf using Guid(3352074c34f49456e91d0dfd94175693) Importer(815301076,1909f56bfc062723c751e8b465ee728b)  -> (artifact id: '9ab5118984430a592d94e267daf8220d') in 0.020258 seconds
  Import took 0.024050 seconds .

========================================================================
Received Import Request.
  Time since last request: 0.000401 seconds.
  path: Assets/Text Font/Roboto/Roboto-Light.ttf
  artifactKey: Guid(1acda879ce1b24a05b1cb85abc98128b) Importer(815301076,1909f56bfc062723c751e8b465ee728b)
Start importing Assets/Text Font/Roboto/Roboto-Light.ttf using Guid(1acda879ce1b24a05b1cb85abc98128b) Importer(815301076,1909f56bfc062723c751e8b465ee728b)  -> (artifact id: '34fef8be4ece66caefcf3fc153d2c3ef') in 0.018721 seconds
  Import took 0.023352 seconds .

========================================================================
Received Import Request.
  Time since last request: 0.000312 seconds.
  path: Assets/Text Font/Roboto/Roboto-MediumItalic.ttf
  artifactKey: Guid(3b29d23b1283641908adf29f95ba5026) Importer(815301076,1909f56bfc062723c751e8b465ee728b)
Start importing Assets/Text Font/Roboto/Roboto-MediumItalic.ttf using Guid(3b29d23b1283641908adf29f95ba5026) Importer(815301076,1909f56bfc062723c751e8b465ee728b)  -> (artifact id: '0acb86d6e82387dd4e8e12eaba069adb') in 0.020227 seconds
  Import took 0.024083 seconds .

========================================================================
Received Import Request.
  Time since last request: 0.000304 seconds.
  path: Assets/Text Font/Roboto/Roboto-Thin.ttf
  artifactKey: Guid(628f37a94421e4a15bdd54628ff4ab3e) Importer(815301076,1909f56bfc062723c751e8b465ee728b)
Start importing Assets/Text Font/Roboto/Roboto-Thin.ttf using Guid(628f37a94421e4a15bdd54628ff4ab3e) Importer(815301076,1909f56bfc062723c751e8b465ee728b)  -> (artifact id: 'a13dd24508624840e828c2a1fb361a36') in 0.018404 seconds
  Import took 0.022249 seconds .

========================================================================
Received Import Request.
  Time since last request: 0.000356 seconds.
  path: Assets/Text Font/Roboto/Roboto-BoldItalic.ttf
  artifactKey: Guid(b8e40f7d024774251b176c2eb5bd72c2) Importer(815301076,1909f56bfc062723c751e8b465ee728b)
Start importing Assets/Text Font/Roboto/Roboto-BoldItalic.ttf using Guid(b8e40f7d024774251b176c2eb5bd72c2) Importer(815301076,1909f56bfc062723c751e8b465ee728b)  -> (artifact id: '46b371b73c77ccdf8525c23bb27178f4') in 0.020969 seconds
  Import took 0.024747 seconds .

========================================================================
Received Import Request.
  Time since last request: 0.172964 seconds.
  path: Assets/GrassFlowers/Textures/GrassFlowers/grassFlower10.tga
  artifactKey: Guid(dcefc591c195a9f468e9157baa03eb4f) Importer(815301076,1909f56bfc062723c751e8b465ee728b)
Start importing Assets/GrassFlowers/Textures/GrassFlowers/grassFlower10.tga using Guid(dcefc591c195a9f468e9157baa03eb4f) Importer(815301076,1909f56bfc062723c751e8b465ee728b)  -> (artifact id: '4e6038d4b105481a1e2578772b22b02f') in 0.017056 seconds
  Import took 0.020834 seconds .

========================================================================
Received Import Request.
  Time since last request: 0.000267 seconds.
  path: Assets/GravelTexture4k/gravel-threequarter-4k-color.jpg
  artifactKey: Guid(9e97f217625b5d24085b910c27b048e4) Importer(815301076,1909f56bfc062723c751e8b465ee728b)
Start importing Assets/GravelTexture4k/gravel-threequarter-4k-color.jpg using Guid(9e97f217625b5d24085b910c27b048e4) Importer(815301076,1909f56bfc062723c751e8b465ee728b)  -> (artifact id: '4b85c1687a20269faa8549c218d54adc') in 0.019807 seconds
  Import took 0.023320 seconds .

========================================================================
Received Import Request.
  Time since last request: 0.000338 seconds.
  path: Assets/GrassFlowers/Textures/GrassFlowers/grassFlower10.tga
  artifactKey: Guid(dcefc591c195a9f468e9157baa03eb4f) Importer(815301076,1909f56bfc062723c751e8b465ee728b)
Start importing Assets/GrassFlowers/Textures/GrassFlowers/grassFlower10.tga using Guid(dcefc591c195a9f468e9157baa03eb4f) Importer(815301076,1909f56bfc062723c751e8b465ee728b)  -> (artifact id: '4e6038d4b105481a1e2578772b22b02f') in 0.017758 seconds
  Import took 0.021387 seconds .

========================================================================
Received Import Request.
  Time since last request: 0.000369 seconds.
  path: Assets/GravelTexture4k/gravel-threequarter-4k-bump-disp.jpg
  artifactKey: Guid(97111af6fdfcb044c88d117367c92518) Importer(815301076,1909f56bfc062723c751e8b465ee728b)
Start importing Assets/GravelTexture4k/gravel-threequarter-4k-bump-disp.jpg using Guid(97111af6fdfcb044c88d117367c92518) Importer(815301076,1909f56bfc062723c751e8b465ee728b)  -> (artifact id: '3f09e03302158d61e7d05a8e178ccf3d') in 0.019587 seconds
  Import took 0.023712 seconds .

========================================================================
Received Import Request.
  Time since last request: 0.000358 seconds.
  path: Assets/ADG_Textures/ground_vol1/ground1/ground1_Ambient_Occlusion.tga
  artifactKey: Guid(c1bc467cfaaedf540b3910d72cb62cb8) Importer(815301076,1909f56bfc062723c751e8b465ee728b)
Start importing Assets/ADG_Textures/ground_vol1/ground1/ground1_Ambient_Occlusion.tga using Guid(c1bc467cfaaedf540b3910d72cb62cb8) Importer(815301076,1909f56bfc062723c751e8b465ee728b)  -> (artifact id: 'b25d715b79afea91a14fba3602dfc310') in 0.016663 seconds
  Import took 0.020411 seconds .

========================================================================
Received Import Request.
  Time since last request: 0.000370 seconds.
  path: Assets/ADG_Textures/ground_vol1/ground1/ground1_Diffuse.tga
  artifactKey: Guid(eacec9cd0f31ea04b82121877a6cccaa) Importer(815301076,1909f56bfc062723c751e8b465ee728b)
Start importing Assets/ADG_Textures/ground_vol1/ground1/ground1_Diffuse.tga using Guid(eacec9cd0f31ea04b82121877a6cccaa) Importer(815301076,1909f56bfc062723c751e8b465ee728b)  -> (artifact id: 'b80aeaafb8344dfe88aa04b27dd8fc92') in 0.017057 seconds
  Import took 0.020757 seconds .

========================================================================
Received Import Request.
  Time since last request: 0.000378 seconds.
  path: Assets/GravelTexture4k/gravel-threequarter-4k-bump-norm.jpg
  artifactKey: Guid(afc5c1639564f2a4d9b9357bc990eca2) Importer(815301076,1909f56bfc062723c751e8b465ee728b)
Start importing Assets/GravelTexture4k/gravel-threequarter-4k-bump-norm.jpg using Guid(afc5c1639564f2a4d9b9357bc990eca2) Importer(815301076,1909f56bfc062723c751e8b465ee728b)  -> (artifact id: '4598ba640806cf033f195815a175dee0') in 0.023118 seconds
  Import took 0.027554 seconds .

========================================================================
Received Import Request.
  Time since last request: 0.111413 seconds.
  path: Assets/ADG_Textures/ground_vol1/ground1/ground1_Height.tga
  artifactKey: Guid(2a92ec3b24546c447ae2a5f5da6f3db8) Importer(815301076,1909f56bfc062723c751e8b465ee728b)
Start importing Assets/ADG_Textures/ground_vol1/ground1/ground1_Height.tga using Guid(2a92ec3b24546c447ae2a5f5da6f3db8) Importer(815301076,1909f56bfc062723c751e8b465ee728b)  -> (artifact id: '6714133951c978015ce29020b34da77c') in 0.023029 seconds
  Import took 0.027042 seconds .

========================================================================
Received Import Request.
  Time since last request: 0.000301 seconds.
  path: Assets/ADG_Textures/ground_vol1/ground3/ground3_Normal.tga
  artifactKey: Guid(c138e91626b4607499e005102913a875) Importer(815301076,1909f56bfc062723c751e8b465ee728b)
Start importing Assets/ADG_Textures/ground_vol1/ground3/ground3_Normal.tga using Guid(c138e91626b4607499e005102913a875) Importer(815301076,1909f56bfc062723c751e8b465ee728b)  -> (artifact id: '53177ef73e6c2340d69242a3f3900f62') in 0.018369 seconds
  Import took 0.021874 seconds .

========================================================================
Received Import Request.
  Time since last request: 0.000331 seconds.
  path: Assets/ADG_Textures/ground_vol1/ground3/ground3_Diffuse.tga
  artifactKey: Guid(c454ab598058d19449addc55a13cc73a) Importer(815301076,1909f56bfc062723c751e8b465ee728b)
Start importing Assets/ADG_Textures/ground_vol1/ground3/ground3_Diffuse.tga using Guid(c454ab598058d19449addc55a13cc73a) Importer(815301076,1909f56bfc062723c751e8b465ee728b)  -> (artifact id: '99ea2794b91733e58b738f5736fab703') in 0.016697 seconds
  Import took 0.021285 seconds .

========================================================================
Received Import Request.
  Time since last request: 0.000273 seconds.
  path: Assets/ADG_Textures/ground_vol1/ground2/ground2_Height.tga
  artifactKey: Guid(cb74fa1f447a9ed4baf1d1bce2326844) Importer(815301076,1909f56bfc062723c751e8b465ee728b)
Start importing Assets/ADG_Textures/ground_vol1/ground2/ground2_Height.tga using Guid(cb74fa1f447a9ed4baf1d1bce2326844) Importer(815301076,1909f56bfc062723c751e8b465ee728b)  -> (artifact id: 'a151498c5ba183854515e69dae315a44') in 0.015483 seconds
  Import took 0.019611 seconds .

========================================================================
Received Import Request.
  Time since last request: 0.000348 seconds.
  path: Assets/ADG_Textures/ground_vol1/ground2/ground2_Metallic.tga
  artifactKey: Guid(05ec23c4c1d2ad54eaebfd0bf25af051) Importer(815301076,1909f56bfc062723c751e8b465ee728b)
Start importing Assets/ADG_Textures/ground_vol1/ground2/ground2_Metallic.tga using Guid(05ec23c4c1d2ad54eaebfd0bf25af051) Importer(815301076,1909f56bfc062723c751e8b465ee728b)  -> (artifact id: '45f2916288eb54debacf32d6ebee5657') in 0.015008 seconds
  Import took 0.018787 seconds .

========================================================================
Received Import Request.
  Time since last request: 0.000259 seconds.
  path: Assets/ADG_Textures/ground_vol1/ground3/ground3_Ambient_Occlusion.tga
  artifactKey: Guid(ffe490c725fffcb479786a6e534250b9) Importer(815301076,1909f56bfc062723c751e8b465ee728b)
Start importing Assets/ADG_Textures/ground_vol1/ground3/ground3_Ambient_Occlusion.tga using Guid(ffe490c725fffcb479786a6e534250b9) Importer(815301076,1909f56bfc062723c751e8b465ee728b)  -> (artifact id: 'd8e4597bff2a1f23c3f9d88f8161e08a') in 0.016109 seconds
  Import took 0.019884 seconds .

========================================================================
Received Import Request.
  Time since last request: 0.000293 seconds.
  path: Assets/ADG_Textures/ground_vol1/ground7/ground7_Height.tga
  artifactKey: Guid(7675b323e40eb7d448be59ef94396cca) Importer(815301076,1909f56bfc062723c751e8b465ee728b)
Start importing Assets/ADG_Textures/ground_vol1/ground7/ground7_Height.tga using Guid(7675b323e40eb7d448be59ef94396cca) Importer(815301076,1909f56bfc062723c751e8b465ee728b)  -> (artifact id: '90ea92dfb08ec5a99e83bf3279e3c250') in 0.021771 seconds
  Import took 0.026082 seconds .

========================================================================
Received Import Request.
  Time since last request: 0.000487 seconds.
  path: Assets/ADG_Textures/ground_vol1/ground6/ground6_Diffuse.tga
  artifactKey: Guid(6dff70b1f69dbc640b854ad550b78c39) Importer(815301076,1909f56bfc062723c751e8b465ee728b)
Start importing Assets/ADG_Textures/ground_vol1/ground6/ground6_Diffuse.tga using Guid(6dff70b1f69dbc640b854ad550b78c39) Importer(815301076,1909f56bfc062723c751e8b465ee728b)  -> (artifact id: 'c7b724739840da0dabb81cc93531e800') in 0.017391 seconds
  Import took 0.021748 seconds .

========================================================================
Received Import Request.
  Time since last request: 0.000373 seconds.
  path: Assets/ADG_Textures/ground_vol1/ground4/ground4_Metallic.tga
  artifactKey: Guid(fb1c850a227a62544b63c6626cfa8ba8) Importer(815301076,1909f56bfc062723c751e8b465ee728b)
Start importing Assets/ADG_Textures/ground_vol1/ground4/ground4_Metallic.tga using Guid(fb1c850a227a62544b63c6626cfa8ba8) Importer(815301076,1909f56bfc062723c751e8b465ee728b)  -> (artifact id: '91cf54d6e096b441088abd0615057324') in 0.016703 seconds
  Import took 0.020318 seconds .

========================================================================
Received Import Request.
  Time since last request: 0.000354 seconds.
  path: Assets/ADG_Textures/ground_vol1/ground7/ground7_Ambient_Occlusion.tga
  artifactKey: Guid(39069846104692045a9ba8eda0dbad6d) Importer(815301076,1909f56bfc062723c751e8b465ee728b)
Start importing Assets/ADG_Textures/ground_vol1/ground7/ground7_Ambient_Occlusion.tga using Guid(39069846104692045a9ba8eda0dbad6d) Importer(815301076,1909f56bfc062723c751e8b465ee728b)  -> (artifact id: '94cb90e2475669852cb1bc790cbb9871') in 0.017833 seconds
  Import took 0.022315 seconds .

========================================================================
Received Import Request.
  Time since last request: 0.000324 seconds.
  path: Assets/ADG_Textures/ground_vol1/ground5/ground5_Diffuse.tga
  artifactKey: Guid(216e2729631e003468211108545a08f1) Importer(815301076,1909f56bfc062723c751e8b465ee728b)
Start importing Assets/ADG_Textures/ground_vol1/ground5/ground5_Diffuse.tga using Guid(216e2729631e003468211108545a08f1) Importer(815301076,1909f56bfc062723c751e8b465ee728b)  -> (artifact id: '2dce6da33c8169c85abd8b6da0934f43') in 0.015932 seconds
  Import took 0.019970 seconds .

========================================================================
Received Import Request.
  Time since last request: 0.000349 seconds.
  path: Assets/ADG_Textures/ground_vol1/ground2/ground2_Ambient_Occlusion.tga
  artifactKey: Guid(cbfdc0c455424e84c94f238e9b9382ec) Importer(815301076,1909f56bfc062723c751e8b465ee728b)
Start importing Assets/ADG_Textures/ground_vol1/ground2/ground2_Ambient_Occlusion.tga using Guid(cbfdc0c455424e84c94f238e9b9382ec) Importer(815301076,1909f56bfc062723c751e8b465ee728b)  -> (artifact id: '451cf41d18bd4bcfa2dfb2478d7c697d') in 0.018199 seconds
  Import took 0.021997 seconds .

========================================================================
Received Import Request.
  Time since last request: 0.000324 seconds.
  path: Assets/ADG_Textures/ground_vol1/ground7/ground7_Metallic.tga
  artifactKey: Guid(e9d30098b0fc07a4887f73b87ad656f5) Importer(815301076,1909f56bfc062723c751e8b465ee728b)
Start importing Assets/ADG_Textures/ground_vol1/ground7/ground7_Metallic.tga using Guid(e9d30098b0fc07a4887f73b87ad656f5) Importer(815301076,1909f56bfc062723c751e8b465ee728b)  -> (artifact id: '63b73e83c70151a0dd25c759eecb31d2') in 0.017704 seconds
  Import took 0.022141 seconds .

========================================================================
Received Import Request.
  Time since last request: 0.000329 seconds.
  path: Assets/ADG_Textures/ground_vol1/ground2/ground2_Normal.tga
  artifactKey: Guid(f3b2a952874cda74583658ed78a08ef2) Importer(815301076,1909f56bfc062723c751e8b465ee728b)
Start importing Assets/ADG_Textures/ground_vol1/ground2/ground2_Normal.tga using Guid(f3b2a952874cda74583658ed78a08ef2) Importer(815301076,1909f56bfc062723c751e8b465ee728b)  -> (artifact id: '72344391abfedebd5f95bc2ebacc4223') in 0.018972 seconds
  Import took 0.022994 seconds .

========================================================================
Received Import Request.
  Time since last request: 0.000362 seconds.
  path: Assets/ADG_Textures/ground_vol1/ground2/ground2_Diffuse.tga
  artifactKey: Guid(ef1fbc9bae2718d4a8dbe2baaa01399c) Importer(815301076,1909f56bfc062723c751e8b465ee728b)
Start importing Assets/ADG_Textures/ground_vol1/ground2/ground2_Diffuse.tga using Guid(ef1fbc9bae2718d4a8dbe2baaa01399c) Importer(815301076,1909f56bfc062723c751e8b465ee728b)  -> (artifact id: '5661e26a6f6424f46a1bc7e96cae275c') in 0.016994 seconds
  Import took 0.020456 seconds .

========================================================================
Received Import Request.
  Time since last request: 0.000379 seconds.
  path: Assets/ADG_Textures/ground_vol1/ground7/ground7_Normal.tga
  artifactKey: Guid(772b522eb070d9c4fa30ce003900a485) Importer(815301076,1909f56bfc062723c751e8b465ee728b)
Start importing Assets/ADG_Textures/ground_vol1/ground7/ground7_Normal.tga using Guid(772b522eb070d9c4fa30ce003900a485) Importer(815301076,1909f56bfc062723c751e8b465ee728b)  -> (artifact id: 'e3ae937974fac6eba8575430c6380c12') in 0.022115 seconds
  Import took 0.026159 seconds .

========================================================================
Received Import Request.
  Time since last request: 0.000359 seconds.
  path: Assets/ADG_Textures/ground_vol1/ground8/ground8_Diffuse.tga
  artifactKey: Guid(27dcac97c77064349b5278157901e387) Importer(815301076,1909f56bfc062723c751e8b465ee728b)
Start importing Assets/ADG_Textures/ground_vol1/ground8/ground8_Diffuse.tga using Guid(27dcac97c77064349b5278157901e387) Importer(815301076,1909f56bfc062723c751e8b465ee728b)  -> (artifact id: 'a8ea86939ba71c5bddee8c213b6f9205') in 0.017852 seconds
  Import took 0.021818 seconds .

========================================================================
Received Import Request.
  Time since last request: 0.000310 seconds.
  path: Assets/ADG_Textures/ground_vol1/ground1/ground1_Normal.tga
  artifactKey: Guid(aeff12fbe9fe2384bae4d1b436607b55) Importer(815301076,1909f56bfc062723c751e8b465ee728b)
Start importing Assets/ADG_Textures/ground_vol1/ground1/ground1_Normal.tga using Guid(aeff12fbe9fe2384bae4d1b436607b55) Importer(815301076,1909f56bfc062723c751e8b465ee728b)  -> (artifact id: '86452f21551e02e033776e7d76e2c484') in 0.018165 seconds
  Import took 0.021729 seconds .

========================================================================
Received Import Request.
  Time since last request: 0.000330 seconds.
  path: Assets/ADG_Textures/ground_vol1/ground5/ground5_Height.tga
  artifactKey: Guid(60541731a16ad774bb3be1de36aa592f) Importer(815301076,1909f56bfc062723c751e8b465ee728b)
Start importing Assets/ADG_Textures/ground_vol1/ground5/ground5_Height.tga using Guid(60541731a16ad774bb3be1de36aa592f) Importer(815301076,1909f56bfc062723c751e8b465ee728b)  -> (artifact id: 'aa0ff55226daa7cf9c5e7c8f47925bfa') in 0.017885 seconds
  Import took 0.021685 seconds .

========================================================================
Received Import Request.
  Time since last request: 0.000371 seconds.
  path: Assets/ADG_Textures/ground_vol1/ground5/ground5_Metallic.tga
  artifactKey: Guid(8d63b7caa4e75dd4aa5e84f4b97befa6) Importer(815301076,1909f56bfc062723c751e8b465ee728b)
Start importing Assets/ADG_Textures/ground_vol1/ground5/ground5_Metallic.tga using Guid(8d63b7caa4e75dd4aa5e84f4b97befa6) Importer(815301076,1909f56bfc062723c751e8b465ee728b)  -> (artifact id: '4c12245a220b29df819e148f6cfd55ea') in 0.017455 seconds
  Import took 0.021367 seconds .

========================================================================
Received Import Request.
  Time since last request: 0.000351 seconds.
  path: Assets/ADG_Textures/ground_vol1/ground6/ground6_Normal.tga
  artifactKey: Guid(7fa0035d52e52164dbe94df41517b0b7) Importer(815301076,1909f56bfc062723c751e8b465ee728b)
Start importing Assets/ADG_Textures/ground_vol1/ground6/ground6_Normal.tga using Guid(7fa0035d52e52164dbe94df41517b0b7) Importer(815301076,1909f56bfc062723c751e8b465ee728b)  -> (artifact id: 'd57b17c32840190b352c6e128527aac7') in 0.019544 seconds
  Import took 0.023714 seconds .

========================================================================
Received Import Request.
  Time since last request: 0.000372 seconds.
  path: Assets/ADG_Textures/ground_vol1/ground4/ground4_Height.tga
  artifactKey: Guid(3397c7f4a7562e546bcfc9faa71e1659) Importer(815301076,1909f56bfc062723c751e8b465ee728b)
Start importing Assets/ADG_Textures/ground_vol1/ground4/ground4_Height.tga using Guid(3397c7f4a7562e546bcfc9faa71e1659) Importer(815301076,1909f56bfc062723c751e8b465ee728b)  -> (artifact id: 'e428ce40350c1c674a7445559779aa87') in 0.018946 seconds
  Import took 0.022881 seconds .

========================================================================
Received Import Request.
  Time since last request: 0.000401 seconds.
  path: Assets/ADG_Textures/ground_vol1/ground3/ground3_Metallic.tga
  artifactKey: Guid(a55658d42f533714ebdf91ad5706ee74) Importer(815301076,1909f56bfc062723c751e8b465ee728b)
Start importing Assets/ADG_Textures/ground_vol1/ground3/ground3_Metallic.tga using Guid(a55658d42f533714ebdf91ad5706ee74) Importer(815301076,1909f56bfc062723c751e8b465ee728b)  -> (artifact id: '9b1e596e913065a95dc07e1b3943a9ce') in 0.015162 seconds
  Import took 0.019120 seconds .

========================================================================
Received Import Request.
  Time since last request: 0.000343 seconds.
  path: Assets/ADG_Textures/ground_vol1/ground6/ground6_Height.tga
  artifactKey: Guid(083decf4ef7144f4bb014384ac1044b0) Importer(815301076,1909f56bfc062723c751e8b465ee728b)
Start importing Assets/ADG_Textures/ground_vol1/ground6/ground6_Height.tga using Guid(083decf4ef7144f4bb014384ac1044b0) Importer(815301076,1909f56bfc062723c751e8b465ee728b)  -> (artifact id: '43128d04e3e0aa86df2ab29ca5fac021') in 0.018817 seconds
  Import took 0.022560 seconds .

========================================================================
Received Import Request.
  Time since last request: 0.000267 seconds.
  path: Assets/ADG_Textures/ground_vol1/ground4/ground4_Normal.tga
  artifactKey: Guid(6711a6f408dca5b41b938ec249d8d444) Importer(815301076,1909f56bfc062723c751e8b465ee728b)
Start importing Assets/ADG_Textures/ground_vol1/ground4/ground4_Normal.tga using Guid(6711a6f408dca5b41b938ec249d8d444) Importer(815301076,1909f56bfc062723c751e8b465ee728b)  -> (artifact id: '89b570daefa9fae280ccc532c8c2e536') in 0.016901 seconds
  Import took 0.021520 seconds .

========================================================================
Received Import Request.
  Time since last request: 0.000377 seconds.
  path: Assets/ADG_Textures/ground_vol1/ground4/ground4_Diffuse.tga
  artifactKey: Guid(9875bf7345d4ac04ab35f3b9ed63a954) Importer(815301076,1909f56bfc062723c751e8b465ee728b)
Start importing Assets/ADG_Textures/ground_vol1/ground4/ground4_Diffuse.tga using Guid(9875bf7345d4ac04ab35f3b9ed63a954) Importer(815301076,1909f56bfc062723c751e8b465ee728b)  -> (artifact id: '485a6d1fa4bf4f89eabcd63ab87a6d95') in 0.019675 seconds
  Import took 0.023367 seconds .

========================================================================
Received Import Request.
  Time since last request: 0.000406 seconds.
  path: Assets/ADG_Textures/ground_vol1/ground6/ground6_Metallic.tga
  artifactKey: Guid(587f7b9aecf33ee4b8f2c5ca769cd35a) Importer(815301076,1909f56bfc062723c751e8b465ee728b)
Start importing Assets/ADG_Textures/ground_vol1/ground6/ground6_Metallic.tga using Guid(587f7b9aecf33ee4b8f2c5ca769cd35a) Importer(815301076,1909f56bfc062723c751e8b465ee728b)  -> (artifact id: '5a58b1d39bd3bc6876a86ab363b8b280') in 0.020153 seconds
  Import took 0.024959 seconds .

========================================================================
Received Import Request.
  Time since last request: 0.000381 seconds.
  path: Assets/ADG_Textures/ground_vol1/ground7/ground7_Diffuse.tga
  artifactKey: Guid(3d6ea8373013b3546a620f84802e06f6) Importer(815301076,1909f56bfc062723c751e8b465ee728b)
Start importing Assets/ADG_Textures/ground_vol1/ground7/ground7_Diffuse.tga using Guid(3d6ea8373013b3546a620f84802e06f6) Importer(815301076,1909f56bfc062723c751e8b465ee728b)  -> (artifact id: 'df7ebefa1bf014df8d7fed10db6e3b3d') in 0.016969 seconds
  Import took 0.020743 seconds .

========================================================================
Received Import Request.
  Time since last request: 0.000344 seconds.
  path: Assets/ADG_Textures/ground_vol1/ground5/ground5_Normal.tga
  artifactKey: Guid(219386670151bc542a3b2fd69819e13e) Importer(815301076,1909f56bfc062723c751e8b465ee728b)
Start importing Assets/ADG_Textures/ground_vol1/ground5/ground5_Normal.tga using Guid(219386670151bc542a3b2fd69819e13e) Importer(815301076,1909f56bfc062723c751e8b465ee728b)  -> (artifact id: '373fa36a4f7ae184bd9e61cdbb799d20') in 0.022019 seconds
  Import took 0.025549 seconds .

========================================================================
Received Import Request.
  Time since last request: 0.000339 seconds.
  path: Assets/ADG_Textures/ground_vol1/ground8/ground8_Ambient_Occlusion.tga
  artifactKey: Guid(83f79670916b18a4cb3dd454e8c6c7e2) Importer(815301076,1909f56bfc062723c751e8b465ee728b)
Start importing Assets/ADG_Textures/ground_vol1/ground8/ground8_Ambient_Occlusion.tga using Guid(83f79670916b18a4cb3dd454e8c6c7e2) Importer(815301076,1909f56bfc062723c751e8b465ee728b)  -> (artifact id: 'fb135e8223767185e149e2cb368af778') in 0.018081 seconds
  Import took 0.022211 seconds .

========================================================================
Received Import Request.
  Time since last request: 0.000358 seconds.
  path: Assets/ADG_Textures/ground_vol1/ground5/ground5_Ambient_Occlusion.tga
  artifactKey: Guid(03e262b3b2775504b8e1534cce498347) Importer(815301076,1909f56bfc062723c751e8b465ee728b)
Start importing Assets/ADG_Textures/ground_vol1/ground5/ground5_Ambient_Occlusion.tga using Guid(03e262b3b2775504b8e1534cce498347) Importer(815301076,1909f56bfc062723c751e8b465ee728b)  -> (artifact id: '167dd1f15ce72fa46b7bfffd353056df') in 0.018475 seconds
  Import took 0.022346 seconds .

========================================================================
Received Import Request.
  Time since last request: 0.000368 seconds.
  path: Assets/ADG_Textures/ground_vol1/ground6/ground6_Ambient_Occlusion.tga
  artifactKey: Guid(ebd3d1a8771ae20409976ac604480143) Importer(815301076,1909f56bfc062723c751e8b465ee728b)
Start importing Assets/ADG_Textures/ground_vol1/ground6/ground6_Ambient_Occlusion.tga using Guid(ebd3d1a8771ae20409976ac604480143) Importer(815301076,1909f56bfc062723c751e8b465ee728b)  -> (artifact id: '097e391dc7b100ea0852ef555eab71fc') in 0.016978 seconds
  Import took 0.020698 seconds .

========================================================================
Received Import Request.
  Time since last request: 0.000328 seconds.
  path: Assets/ADG_Textures/ground_vol1/ground4/ground4_Ambient_Occlusion.tga
  artifactKey: Guid(1626b1dd9f03a1a4d87b2440d41208a8) Importer(815301076,1909f56bfc062723c751e8b465ee728b)
Start importing Assets/ADG_Textures/ground_vol1/ground4/ground4_Ambient_Occlusion.tga using Guid(1626b1dd9f03a1a4d87b2440d41208a8) Importer(815301076,1909f56bfc062723c751e8b465ee728b)  -> (artifact id: '4baf9fbe7f371f9ae806a24d5b3f6886') in 0.016553 seconds
  Import took 0.020309 seconds .

========================================================================
Received Import Request.
  Time since last request: 0.000312 seconds.
  path: Assets/ADG_Textures/ground_vol1/ground1/ground1_Metallic.tga
  artifactKey: Guid(33d10529b8ef9af47a3d97a1c7419649) Importer(815301076,1909f56bfc062723c751e8b465ee728b)
Start importing Assets/ADG_Textures/ground_vol1/ground1/ground1_Metallic.tga using Guid(33d10529b8ef9af47a3d97a1c7419649) Importer(815301076,1909f56bfc062723c751e8b465ee728b)  -> (artifact id: '9a0b28c3663712499ac8a09fb2f3ab3f') in 0.014932 seconds
  Import took 0.018465 seconds .

========================================================================
Received Import Request.
  Time since last request: 0.000358 seconds.
  path: Assets/ADG_Textures/ground_vol1/ground3/ground3_Height.tga
  artifactKey: Guid(05969a2c28cfe044cadd6d4b9d12eb3c) Importer(815301076,1909f56bfc062723c751e8b465ee728b)
Start importing Assets/ADG_Textures/ground_vol1/ground3/ground3_Height.tga using Guid(05969a2c28cfe044cadd6d4b9d12eb3c) Importer(815301076,1909f56bfc062723c751e8b465ee728b)  -> (artifact id: 'd41d9bc11d99d0e39774fd78a1db7778') in 0.017867 seconds
  Import took 0.022651 seconds .

========================================================================
Received Import Request.
  Time since last request: 60.625584 seconds.
  path: Assets/Myblend.mat
  artifactKey: Guid(a05e8342a684a104aa732fc8bc5bbb6e) Importer(815301076,1909f56bfc062723c751e8b465ee728b)
Start importing Assets/Myblend.mat using Guid(a05e8342a684a104aa732fc8bc5bbb6e) Importer(815301076,1909f56bfc062723c751e8b465ee728b)  -> (artifact id: '290d8c638c59cf7faf79a2ab4f405eb0') in 0.032729 seconds
  Import took 0.036804 seconds .

========================================================================
Received Import Request.
  Time since last request: 0.000333 seconds.
  path: Assets/NewPlaneImprovise.mat
  artifactKey: Guid(9443cf34be94ee345bc14f5c1f57f40c) Importer(815301076,1909f56bfc062723c751e8b465ee728b)
Start importing Assets/NewPlaneImprovise.mat using Guid(9443cf34be94ee345bc14f5c1f57f40c) Importer(815301076,1909f56bfc062723c751e8b465ee728b)  -> (artifact id: '4289e5aa56bfc42a9a633e14c5332c5b') in 0.022596 seconds
  Import took 0.027349 seconds .

========================================================================
Received Prepare
Registering precompiled user dll's ...
Registered in 0.002785 seconds.
Begin MonoManager ReloadAssembly
Native extension for WindowsStandalone target not found
Native extension for WebGL target not found
Refreshing native plugins compatible for Editor in 0.54 ms, found 2 plugins.
Preloading 0 native plugins for Editor in 0.00 ms.
Mono: successfully reloaded assembly
- Completed reload, in  1.134 seconds
Platform modules already initialized, skipping
Refreshing native plugins compatible for Editor in 0.56 ms, found 2 plugins.
Preloading 0 native plugins for Editor in 0.00 ms.
Unloading 1883 Unused Serialized files (Serialized files now loaded: 0)
System memory in use before: 110.8 MB.
System memory in use after: 111.0 MB.

Unloading 13 unused Assets to reduce memory usage. Loaded Objects now: 2462.
Total: 2.427000 ms (FindLiveObjects: 0.206100 ms CreateObjectMapping: 0.075600 ms MarkObjects: 2.126200 ms  DeleteObjects: 0.018000 ms)

========================================================================
Received Prepare
Registering precompiled user dll's ...
Registered in 0.002789 seconds.
Begin MonoManager ReloadAssembly
Native extension for WindowsStandalone target not found
Native extension for WebGL target not found
Refreshing native plugins compatible for Editor in 0.58 ms, found 2 plugins.
Preloading 0 native plugins for Editor in 0.00 ms.
Mono: successfully reloaded assembly
- Completed reload, in  1.143 seconds
Platform modules already initialized, skipping
Refreshing native plugins compatible for Editor in 0.58 ms, found 2 plugins.
Preloading 0 native plugins for Editor in 0.00 ms.
Unloading 1883 Unused Serialized files (Serialized files now loaded: 0)
System memory in use before: 110.9 MB.
System memory in use after: 111.0 MB.

Unloading 13 unused Assets to reduce memory usage. Loaded Objects now: 2465.
Total: 2.452500 ms (FindLiveObjects: 0.198000 ms CreateObjectMapping: 0.067800 ms MarkObjects: 2.169500 ms  DeleteObjects: 0.016300 ms)

========================================================================
Received Prepare
Registering precompiled user dll's ...
Registered in 0.023159 seconds.
Begin MonoManager ReloadAssembly
Native extension for WindowsStandalone target not found
Native extension for WebGL target not found
Refreshing native plugins compatible for Editor in 0.57 ms, found 2 plugins.
Preloading 0 native plugins for Editor in 0.00 ms.
[ScriptCompilation] NOT recompiling all scripts because this is an import worker process. Reason to compile was: Define symbols changed
Mono: successfully reloaded assembly
- Completed reload, in  1.059 seconds
Platform modules already initialized, skipping
Refreshing native plugins compatible for Editor in 0.59 ms, found 2 plugins.
Preloading 0 native plugins for Editor in 0.00 ms.
Unloading 2003 Unused Serialized files (Serialized files now loaded: 0)
System memory in use before: 118.7 MB.
System memory in use after: 116.7 MB.

Unloading 40 unused Assets to reduce memory usage. Loaded Objects now: 2561.
Total: 3.006700 ms (FindLiveObjects: 0.190400 ms CreateObjectMapping: 0.064900 ms MarkObjects: 2.097200 ms  DeleteObjects: 0.653200 ms)

========================================================================
Received Prepare
Registering precompiled user dll's ...
Registered in 0.003189 seconds.
Begin MonoManager ReloadAssembly
Native extension for WindowsStandalone target not found
Native extension for WebGL target not found
Refreshing native plugins compatible for Editor in 0.53 ms, found 2 plugins.
Preloading 0 native plugins for Editor in 0.00 ms.
Mono: successfully reloaded assembly
- Completed reload, in  1.313 seconds
Platform modules already initialized, skipping
Refreshing native plugins compatible for Editor in 1.43 ms, found 2 plugins.
Preloading 0 native plugins for Editor in 0.00 ms.
Unloading 2003 Unused Serialized files (Serialized files now loaded: 0)
System memory in use before: 118.7 MB.
System memory in use after: 116.8 MB.

Unloading 40 unused Assets to reduce memory usage. Loaded Objects now: 2564.
Total: 5.331700 ms (FindLiveObjects: 0.332400 ms CreateObjectMapping: 0.153000 ms MarkObjects: 3.572900 ms  DeleteObjects: 1.271700 ms)

AssetImportWorkerClient::OnTransportError - code=2 error=End of file
