Using pre-set license
Built from '2020.3/staging' branch; Version is '2020.3.10f1 (297d780c91bc) revision 2719096'; Using compiler version '192528614'; Build Type 'Release'
<<<<<<< Updated upstream
OS: 'Windows 10 Home; OS build 19042.1288; Version 2009; 64bit' Language: 'en' Physical Memory: 8091 MB
=======
OS: 'Windows 10 Home; OS build 19042.1288; Version 2009; 64bit' Language: 'en' Physical Memory: 16229 MB
>>>>>>> Stashed changes
BatchMode: 1, IsHumanControllingUs: 0, StartBugReporterOnCrash: 0, Is64bit: 1, IsPro: 0

 COMMAND LINE ARGUMENTS:
C:\Program Files\Unity\Hub\Editor\2020.3.10f1\Editor\Unity.exe
-adb2
-batchMode
-noUpm
-name
AssetImportWorker0
-projectPath
<<<<<<< Updated upstream
C:/Users/ASUS PC/Documents/GitHub/wanderer---game-engine/Wander game
-logFile
Logs/AssetImportWorker0.log
-srvPort
53963
Successfully changed project path to: C:/Users/ASUS PC/Documents/GitHub/wanderer---game-engine/Wander game
C:/Users/ASUS PC/Documents/GitHub/wanderer---game-engine/Wander game
Using Asset Import Pipeline V2.
Refreshing native plugins compatible for Editor in 488.95 ms, found 2 plugins.
Preloading 0 native plugins for Editor in 0.00 ms.
Initialize engine version: 2020.3.10f1 (297d780c91bc)
[Subsystems] Discovering subsystems at path C:/Program Files/Unity/Hub/Editor/2020.3.10f1/Editor/Data/Resources/UnitySubsystems
[Subsystems] Discovering subsystems at path C:/Users/ASUS PC/Documents/GitHub/wanderer---game-engine/Wander game/Assets
GfxDevice: creating device client; threaded=0
Direct3D:
    Version:  Direct3D 11.0 [level 11.1]
    Renderer: Intel(R) HD Graphics 520 (ID=0x1916)
    Vendor:   
    VRAM:     4045 MB
    Driver:   30.0.100.9864
=======
D:/E3WANDERER/wanderer---game-engine/Wander game
-logFile
Logs/AssetImportWorker0.log
-srvPort
63499
Successfully changed project path to: D:/E3WANDERER/wanderer---game-engine/Wander game
D:/E3WANDERER/wanderer---game-engine/Wander game
Using Asset Import Pipeline V2.
Refreshing native plugins compatible for Editor in 83.83 ms, found 2 plugins.
Preloading 0 native plugins for Editor in 0.00 ms.
Initialize engine version: 2020.3.10f1 (297d780c91bc)
[Subsystems] Discovering subsystems at path C:/Program Files/Unity/Hub/Editor/2020.3.10f1/Editor/Data/Resources/UnitySubsystems
[Subsystems] Discovering subsystems at path D:/E3WANDERER/wanderer---game-engine/Wander game/Assets
GfxDevice: creating device client; threaded=0
Direct3D:
    Version:  Direct3D 11.0 [level 11.1]
    Renderer: NVIDIA GeForce GTX 1650 (ID=0x1f91)
    Vendor:   
    VRAM:     3962 MB
    Driver:   26.21.14.4219
>>>>>>> Stashed changes
Initialize mono
Mono path[0] = 'C:/Program Files/Unity/Hub/Editor/2020.3.10f1/Editor/Data/Managed'
Mono path[1] = 'C:/Program Files/Unity/Hub/Editor/2020.3.10f1/Editor/Data/MonoBleedingEdge/lib/mono/unityjit'
Mono config path = 'C:/Program Files/Unity/Hub/Editor/2020.3.10f1/Editor/Data/MonoBleedingEdge/etc'
<<<<<<< Updated upstream
Using monoOptions --debugger-agent=transport=dt_socket,embedding=1,server=y,suspend=n,address=127.0.0.1:56580
Begin MonoManager ReloadAssembly
=======
Using monoOptions --debugger-agent=transport=dt_socket,embedding=1,server=y,suspend=n,address=127.0.0.1:56084
Begin MonoManager ReloadAssembly
Registering precompiled unity dll's ...
Register platform support module: C:/Program Files/Unity/Hub/Editor/2020.3.10f1/Editor/Data/PlaybackEngines/WebGLSupport/UnityEditor.WebGL.Extensions.dll
Register platform support module: C:/Program Files/Unity/Hub/Editor/2020.3.10f1/Editor/Data/PlaybackEngines/WindowsStandaloneSupport/UnityEditor.WindowsStandalone.Extensions.dll
Registered in 0.005230 seconds.
Native extension for WindowsStandalone target not found
Native extension for WebGL target not found
Refreshing native plugins compatible for Editor in 68.28 ms, found 2 plugins.
Preloading 0 native plugins for Editor in 0.00 ms.
Mono: successfully reloaded assembly
- Completed reload, in  3.234 seconds
Platform modules already initialized, skipping
Registering precompiled user dll's ...
Registered in 0.008875 seconds.
Begin MonoManager ReloadAssembly
Native extension for WindowsStandalone target not found
Native extension for WebGL target not found
Refreshing native plugins compatible for Editor in 0.64 ms, found 2 plugins.
Preloading 0 native plugins for Editor in 0.00 ms.
Mono: successfully reloaded assembly
- Completed reload, in  1.449 seconds
Platform modules already initialized, skipping
========================================================================
Worker process is ready to serve import requests
Launched and connected shader compiler UnityShaderCompiler.exe after 0.07 seconds
Refreshing native plugins compatible for Editor in 0.77 ms, found 2 plugins.
Preloading 0 native plugins for Editor in 0.00 ms.
Unloading 1947 Unused Serialized files (Serialized files now loaded: 0)
System memory in use before: 104.1 MB.
System memory in use after: 104.2 MB.

Unloading 18 unused Assets to reduce memory usage. Loaded Objects now: 2402.
Total: 2.586500 ms (FindLiveObjects: 0.191900 ms CreateObjectMapping: 0.080500 ms MarkObjects: 2.225700 ms  DeleteObjects: 0.086800 ms)

========================================================================
Received Import Request.
  path: Assets/Floor.mat
  artifactKey: Guid(a63e6eb568b48654aad0bda737e22416) Importer(815301076,1909f56bfc062723c751e8b465ee728b)
Start importing Assets/Floor.mat using Guid(a63e6eb568b48654aad0bda737e22416) Importer(815301076,1909f56bfc062723c751e8b465ee728b)  -> (artifact id: '19044c63ce7a007e9e52a665d1c97c50') in 0.217381 seconds
  Import took 0.221857 seconds .

========================================================================
Received Import Request.
  Time since last request: 0.000414 seconds.
  path: Assets/Wanderer Song 1.mp3
  artifactKey: Guid(6a4bea774ebc7f4408ac6fa3efd930be) Importer(815301076,1909f56bfc062723c751e8b465ee728b)
Start importing Assets/Wanderer Song 1.mp3 using Guid(6a4bea774ebc7f4408ac6fa3efd930be) Importer(815301076,1909f56bfc062723c751e8b465ee728b)  -> (artifact id: '8374864a34210d53f269bc351b2982ea') in 0.100991 seconds
  Import took 0.104609 seconds .

========================================================================
Received Import Request.
  Time since last request: 0.000405 seconds.
  path: Assets/Polybrush Textures blend.mat
  artifactKey: Guid(d7e197989997e8b47826a2a20f4f49f6) Importer(815301076,1909f56bfc062723c751e8b465ee728b)
Start importing Assets/Polybrush Textures blend.mat using Guid(d7e197989997e8b47826a2a20f4f49f6) Importer(815301076,1909f56bfc062723c751e8b465ee728b)  -> (artifact id: '317c333b1a31af4bf57ff5acdd0b2879') in 0.018929 seconds
  Import took 0.023621 seconds .

========================================================================
Received Import Request.
  Time since last request: 0.000429 seconds.
  path: Assets/Myblend.mat
  artifactKey: Guid(a05e8342a684a104aa732fc8bc5bbb6e) Importer(815301076,1909f56bfc062723c751e8b465ee728b)
Start importing Assets/Myblend.mat using Guid(a05e8342a684a104aa732fc8bc5bbb6e) Importer(815301076,1909f56bfc062723c751e8b465ee728b)  -> (artifact id: '2cac596fd371b0f9921fd5b23b042262') in 0.075765 seconds
  Import took 0.081663 seconds .

========================================================================
Received Import Request.
  Time since last request: 0.001307 seconds.
  path: Assets/Myblend.mat
  artifactKey: Guid(a05e8342a684a104aa732fc8bc5bbb6e) Importer(815301076,1909f56bfc062723c751e8b465ee728b)
Start importing Assets/Myblend.mat using Guid(a05e8342a684a104aa732fc8bc5bbb6e) Importer(815301076,1909f56bfc062723c751e8b465ee728b)  -> (artifact id: '2cac596fd371b0f9921fd5b23b042262') in 0.037305 seconds
  Import took 0.043727 seconds .

========================================================================
Received Import Request.
  Time since last request: 29.332794 seconds.
  path: Assets/Free_SpeedTrees/Broadleaf_Desktop.spm
  artifactKey: Guid(b6972eaa35c2e574e8ab5083a59d8459) Importer(815301076,1909f56bfc062723c751e8b465ee728b)
Start importing Assets/Free_SpeedTrees/Broadleaf_Desktop.spm using Guid(b6972eaa35c2e574e8ab5083a59d8459) Importer(815301076,1909f56bfc062723c751e8b465ee728b)  -> (artifact id: '803b666be73ce76b13f5ae0335fbb223') in 0.151785 seconds
  Import took 0.156278 seconds .

========================================================================
Received Import Request.
  Time since last request: 0.000458 seconds.
  path: Assets/Free_SpeedTrees/Broadleaf_Mobile.spm
  artifactKey: Guid(1e84b98fc4c200c4aa16e1ec38895673) Importer(815301076,1909f56bfc062723c751e8b465ee728b)
Start importing Assets/Free_SpeedTrees/Broadleaf_Mobile.spm using Guid(1e84b98fc4c200c4aa16e1ec38895673) Importer(815301076,1909f56bfc062723c751e8b465ee728b)  -> (artifact id: '1d4ac4d47be80e55c6cfb03a765a7f38') in 0.084219 seconds
  Import took 0.088366 seconds .

========================================================================
Received Import Request.
  Time since last request: 0.000391 seconds.
  path: Assets/Free_SpeedTrees/Broadleaf_Mobile_Atlas.tga
  artifactKey: Guid(aff229c1761713249bcd47b52eae7b9d) Importer(815301076,1909f56bfc062723c751e8b465ee728b)
Start importing Assets/Free_SpeedTrees/Broadleaf_Mobile_Atlas.tga using Guid(aff229c1761713249bcd47b52eae7b9d) Importer(815301076,1909f56bfc062723c751e8b465ee728b)  -> (artifact id: 'd921d8141e27b5ec9b7b1bfa327324aa') in 0.047197 seconds
  Import took 0.050809 seconds .

========================================================================
Received Import Request.
  Time since last request: 0.000369 seconds.
  path: Assets/Free_SpeedTrees/Broadleaf_Desktop_Atlas_Normal.tga
  artifactKey: Guid(95797b7ad77ef66488f0a638eb46b900) Importer(815301076,1909f56bfc062723c751e8b465ee728b)
Start importing Assets/Free_SpeedTrees/Broadleaf_Desktop_Atlas_Normal.tga using Guid(95797b7ad77ef66488f0a638eb46b900) Importer(815301076,1909f56bfc062723c751e8b465ee728b)  -> (artifact id: 'c30d5c6906f6fa578edd8d7ac8f4eccf') in 0.026565 seconds
  Import took 0.031200 seconds .

========================================================================
Received Import Request.
  Time since last request: 0.000369 seconds.
  path: Assets/Free_SpeedTrees/Cap_01_Normal.tga
  artifactKey: Guid(28708d8807aed5e4fb6d176a1f42c0d9) Importer(815301076,1909f56bfc062723c751e8b465ee728b)
Start importing Assets/Free_SpeedTrees/Cap_01_Normal.tga using Guid(28708d8807aed5e4fb6d176a1f42c0d9) Importer(815301076,1909f56bfc062723c751e8b465ee728b)  -> (artifact id: '0ef4a453828d0910295b1da235867bbe') in 0.018280 seconds
  Import took 0.022459 seconds .

========================================================================
Received Import Request.
  Time since last request: 0.000436 seconds.
  path: Assets/Free_SpeedTrees/Broadleaf_Mobile_Atlas_Billboards_Normal.tga
  artifactKey: Guid(d08ed16db3ffed749b2a182a220ec7e8) Importer(815301076,1909f56bfc062723c751e8b465ee728b)
Start importing Assets/Free_SpeedTrees/Broadleaf_Mobile_Atlas_Billboards_Normal.tga using Guid(d08ed16db3ffed749b2a182a220ec7e8) Importer(815301076,1909f56bfc062723c751e8b465ee728b)  -> (artifact id: '36d31b005aca2f598ffbb5079e429d5c') in 0.016893 seconds
  Import took 0.020812 seconds .

========================================================================
Received Import Request.
  Time since last request: 0.000427 seconds.
  path: Assets/Free_SpeedTrees/Conifer_Desktop_Atlas_Normal.tga
  artifactKey: Guid(baaa7978ce9574a4184b4f8e4cfa1b11) Importer(815301076,1909f56bfc062723c751e8b465ee728b)
Start importing Assets/Free_SpeedTrees/Conifer_Desktop_Atlas_Normal.tga using Guid(baaa7978ce9574a4184b4f8e4cfa1b11) Importer(815301076,1909f56bfc062723c751e8b465ee728b)  -> (artifact id: 'd58c99531fb35f14517757e0ce5c1893') in 0.018460 seconds
  Import took 0.022954 seconds .

========================================================================
Received Import Request.
  Time since last request: 0.000403 seconds.
  path: Assets/Free_SpeedTrees/Broadleaf_Desktop_Atlas_Billboards.tga
  artifactKey: Guid(400cf02f268b02e4497feb50a409aaf6) Importer(815301076,1909f56bfc062723c751e8b465ee728b)
Start importing Assets/Free_SpeedTrees/Broadleaf_Desktop_Atlas_Billboards.tga using Guid(400cf02f268b02e4497feb50a409aaf6) Importer(815301076,1909f56bfc062723c751e8b465ee728b)  -> (artifact id: '14c4266e3e0a262b1a0bbf9aeb8554e8') in 0.020647 seconds
  Import took 0.024575 seconds .

========================================================================
Received Import Request.
  Time since last request: 0.000368 seconds.
  path: Assets/Free_SpeedTrees/Conifer_Needles_Desktop_Normal.tga
  artifactKey: Guid(3aa94b05cef7fed4eaa649ae8e6eb783) Importer(815301076,1909f56bfc062723c751e8b465ee728b)
Start importing Assets/Free_SpeedTrees/Conifer_Needles_Desktop_Normal.tga using Guid(3aa94b05cef7fed4eaa649ae8e6eb783) Importer(815301076,1909f56bfc062723c751e8b465ee728b)  -> (artifact id: '21a81aeab2b2ac579b4f8dfc8f530fc1') in 0.016443 seconds
  Import took 0.020693 seconds .

========================================================================
Received Import Request.
  Time since last request: 0.000538 seconds.
  path: Assets/Free_SpeedTrees/Palm_Desktop_Atlas_Billboards_Normal.tga
  artifactKey: Guid(b98975c2c06423345b8a31d592d0dd30) Importer(815301076,1909f56bfc062723c751e8b465ee728b)
Start importing Assets/Free_SpeedTrees/Palm_Desktop_Atlas_Billboards_Normal.tga using Guid(b98975c2c06423345b8a31d592d0dd30) Importer(815301076,1909f56bfc062723c751e8b465ee728b)  -> (artifact id: 'c26920d65ab500c98e4a08bfbb43c84c') in 0.023882 seconds
  Import took 0.027852 seconds .

========================================================================
Received Import Request.
  Time since last request: 0.000327 seconds.
  path: Assets/Free_SpeedTrees/Palm_Desktop.spm
  artifactKey: Guid(5c2ecb53217ee6d47845944d5e81b5a6) Importer(815301076,1909f56bfc062723c751e8b465ee728b)
Start importing Assets/Free_SpeedTrees/Palm_Desktop.spm using Guid(5c2ecb53217ee6d47845944d5e81b5a6) Importer(815301076,1909f56bfc062723c751e8b465ee728b)  -> (artifact id: 'a3aa2d5230355172a5094b785df446f5') in 0.092467 seconds
  Import took 0.097209 seconds .

========================================================================
Received Import Request.
  Time since last request: 0.000496 seconds.
  path: Assets/Free_SpeedTrees/Cap_01.tga
  artifactKey: Guid(4c736772015edbc45a598838d178886f) Importer(815301076,1909f56bfc062723c751e8b465ee728b)
Start importing Assets/Free_SpeedTrees/Cap_01.tga using Guid(4c736772015edbc45a598838d178886f) Importer(815301076,1909f56bfc062723c751e8b465ee728b)  -> (artifact id: '51023c3058c892567026b2af6d5b2285') in 0.016995 seconds
  Import took 0.024064 seconds .

========================================================================
Received Import Request.
  Time since last request: 0.000555 seconds.
  path: Assets/Free_SpeedTrees/ClippedFrond_Normal.tga
  artifactKey: Guid(e399812032ced8c4b91235f1231db905) Importer(815301076,1909f56bfc062723c751e8b465ee728b)
Start importing Assets/Free_SpeedTrees/ClippedFrond_Normal.tga using Guid(e399812032ced8c4b91235f1231db905) Importer(815301076,1909f56bfc062723c751e8b465ee728b)  -> (artifact id: 'db5b0c4cb4c05b1f5100425abd7bd05c') in 0.023092 seconds
  Import took 0.027513 seconds .

========================================================================
Received Import Request.
  Time since last request: 0.000475 seconds.
  path: Assets/Free_SpeedTrees/Conifer_Desktop_Atlas_Specular.tga
  artifactKey: Guid(73268d3bd099d004c84aa15d081305a7) Importer(815301076,1909f56bfc062723c751e8b465ee728b)
Start importing Assets/Free_SpeedTrees/Conifer_Desktop_Atlas_Specular.tga using Guid(73268d3bd099d004c84aa15d081305a7) Importer(815301076,1909f56bfc062723c751e8b465ee728b)  -> (artifact id: '567d497ee46bdcbd12423bb0f15875dd') in 0.018463 seconds
  Import took 0.023204 seconds .

========================================================================
Received Import Request.
  Time since last request: 0.000393 seconds.
  path: Assets/Free_SpeedTrees/PalmBark_Detail_Normal.tga
  artifactKey: Guid(0a2326416847b0144b84a9af7474a69f) Importer(815301076,1909f56bfc062723c751e8b465ee728b)
Start importing Assets/Free_SpeedTrees/PalmBark_Detail_Normal.tga using Guid(0a2326416847b0144b84a9af7474a69f) Importer(815301076,1909f56bfc062723c751e8b465ee728b)  -> (artifact id: '1983d30dd6b16fd0e38dc6d4955cc3c2') in 0.016540 seconds
  Import took 0.021449 seconds .

========================================================================
Received Import Request.
  Time since last request: 0.000521 seconds.
  path: Assets/Free_SpeedTrees/Broadleaf_Desktop_Atlas.tga
  artifactKey: Guid(31018c739fc121f40904965bce982a7e) Importer(815301076,1909f56bfc062723c751e8b465ee728b)
Start importing Assets/Free_SpeedTrees/Broadleaf_Desktop_Atlas.tga using Guid(31018c739fc121f40904965bce982a7e) Importer(815301076,1909f56bfc062723c751e8b465ee728b)  -> (artifact id: 'c2131ff32db91e4fcef74623ef80fad7') in 0.027580 seconds
  Import took 0.032684 seconds .

========================================================================
Received Import Request.
  Time since last request: 0.000356 seconds.
  path: Assets/Free_SpeedTrees/Broadleaf_Mobile_Atlas_Normal.tga
  artifactKey: Guid(cae8ecee60430f64b90c5796b575e166) Importer(815301076,1909f56bfc062723c751e8b465ee728b)
Start importing Assets/Free_SpeedTrees/Broadleaf_Mobile_Atlas_Normal.tga using Guid(cae8ecee60430f64b90c5796b575e166) Importer(815301076,1909f56bfc062723c751e8b465ee728b)  -> (artifact id: 'ee6a2858717aee2ea7717682dd131d07') in 0.022822 seconds
  Import took 0.027560 seconds .

========================================================================
Received Import Request.
  Time since last request: 0.000365 seconds.
  path: Assets/Free_SpeedTrees/Broadleaves_Desktop_Normal.tga
  artifactKey: Guid(ca83d5eb2956aee4e9773b061b826d27) Importer(815301076,1909f56bfc062723c751e8b465ee728b)
Start importing Assets/Free_SpeedTrees/Broadleaves_Desktop_Normal.tga using Guid(ca83d5eb2956aee4e9773b061b826d27) Importer(815301076,1909f56bfc062723c751e8b465ee728b)  -> (artifact id: 'fbe484c5dafc1aa222c3cf356746cf5b') in 0.018208 seconds
  Import took 0.022202 seconds .

========================================================================
Received Import Request.
  Time since last request: 0.000313 seconds.
  path: Assets/Free_SpeedTrees/Broadleaves_Mobile_Spec.tga
  artifactKey: Guid(55d21301079feab4f9262aad8851109c) Importer(815301076,1909f56bfc062723c751e8b465ee728b)
Start importing Assets/Free_SpeedTrees/Broadleaves_Mobile_Spec.tga using Guid(55d21301079feab4f9262aad8851109c) Importer(815301076,1909f56bfc062723c751e8b465ee728b)  -> (artifact id: '837ca78e7694a29f9f17a7bac6b691f2') in 0.022929 seconds
  Import took 0.026892 seconds .

========================================================================
Received Import Request.
  Time since last request: 0.000340 seconds.
  path: Assets/Free_SpeedTrees/BroadleafBark_Normal.tga
  artifactKey: Guid(1f5ec39442ecd0743b110eccfc24d442) Importer(815301076,1909f56bfc062723c751e8b465ee728b)
Start importing Assets/Free_SpeedTrees/BroadleafBark_Normal.tga using Guid(1f5ec39442ecd0743b110eccfc24d442) Importer(815301076,1909f56bfc062723c751e8b465ee728b)  -> (artifact id: '30d73a257a7f51a3dd52aca11bc8bb64') in 0.016375 seconds
  Import took 0.022101 seconds .

========================================================================
Received Import Request.
  Time since last request: 0.000321 seconds.
  path: Assets/Free_SpeedTrees/Broadleaves_Card_Desktop_Spec.tga
  artifactKey: Guid(f11e0c60fcaddcd4ca3d2de05ae014c1) Importer(815301076,1909f56bfc062723c751e8b465ee728b)
Start importing Assets/Free_SpeedTrees/Broadleaves_Card_Desktop_Spec.tga using Guid(f11e0c60fcaddcd4ca3d2de05ae014c1) Importer(815301076,1909f56bfc062723c751e8b465ee728b)  -> (artifact id: '2ebd1ed53f0f510b00e4313484f46abf') in 0.018475 seconds
  Import took 0.024252 seconds .

========================================================================
Received Import Request.
  Time since last request: 0.000314 seconds.
  path: Assets/Free_SpeedTrees/Broadleaf_Mobile_Atlas_Billboards.tga
  artifactKey: Guid(e9d5f83e9143624479658513c3542ddb) Importer(815301076,1909f56bfc062723c751e8b465ee728b)
Start importing Assets/Free_SpeedTrees/Broadleaf_Mobile_Atlas_Billboards.tga using Guid(e9d5f83e9143624479658513c3542ddb) Importer(815301076,1909f56bfc062723c751e8b465ee728b)  -> (artifact id: '9eae30fbbb132766203092b4e154de02') in 0.016297 seconds
  Import took 0.020126 seconds .

========================================================================
Received Import Request.
  Time since last request: 0.000286 seconds.
  path: Assets/Free_SpeedTrees/Conifer_Desktop_Atlas_Billboards.tga
  artifactKey: Guid(b6b6a150997c48847a2e282d7758946e) Importer(815301076,1909f56bfc062723c751e8b465ee728b)
Start importing Assets/Free_SpeedTrees/Conifer_Desktop_Atlas_Billboards.tga using Guid(b6b6a150997c48847a2e282d7758946e) Importer(815301076,1909f56bfc062723c751e8b465ee728b)  -> (artifact id: '9824e1fdf41ee5515abf388b5d0bbf40') in 0.016241 seconds
  Import took 0.021984 seconds .

========================================================================
Received Import Request.
  Time since last request: 0.000340 seconds.
  path: Assets/Free_SpeedTrees/ClippedFrond.tga
  artifactKey: Guid(92b189208338b724f828f66e4eb40478) Importer(815301076,1909f56bfc062723c751e8b465ee728b)
Start importing Assets/Free_SpeedTrees/ClippedFrond.tga using Guid(92b189208338b724f828f66e4eb40478) Importer(815301076,1909f56bfc062723c751e8b465ee728b)  -> (artifact id: 'c8d2c426bf1b98587e67acd88542a355') in 0.015304 seconds
  Import took 0.019723 seconds .

========================================================================
Received Import Request.
  Time since last request: 0.000346 seconds.
  path: Assets/Free_SpeedTrees/Broadleaves_Desktop_Spec.tga
  artifactKey: Guid(8aa20d044431d7146a3169d49aac11bf) Importer(815301076,1909f56bfc062723c751e8b465ee728b)
Start importing Assets/Free_SpeedTrees/Broadleaves_Desktop_Spec.tga using Guid(8aa20d044431d7146a3169d49aac11bf) Importer(815301076,1909f56bfc062723c751e8b465ee728b)  -> (artifact id: '516d0946c63f388d746e9714931d35ee') in 0.017364 seconds
  Import took 0.022560 seconds .

========================================================================
Received Import Request.
  Time since last request: 0.000452 seconds.
  path: Assets/Free_SpeedTrees/ConiferBark_Normal.tga
  artifactKey: Guid(f37a87d1d87d5994493dcd34c80cd320) Importer(815301076,1909f56bfc062723c751e8b465ee728b)
Start importing Assets/Free_SpeedTrees/ConiferBark_Normal.tga using Guid(f37a87d1d87d5994493dcd34c80cd320) Importer(815301076,1909f56bfc062723c751e8b465ee728b)  -> (artifact id: '366a29dfe01b75ebab4ebedd80449686') in 0.030298 seconds
  Import took 0.035214 seconds .

========================================================================
Received Import Request.
  Time since last request: 0.000513 seconds.
  path: Assets/Free_SpeedTrees/PalmBark_Detail.tga
  artifactKey: Guid(8b7a06b5540df73499b1ca9e9a99f815) Importer(815301076,1909f56bfc062723c751e8b465ee728b)
Start importing Assets/Free_SpeedTrees/PalmBark_Detail.tga using Guid(8b7a06b5540df73499b1ca9e9a99f815) Importer(815301076,1909f56bfc062723c751e8b465ee728b)  -> (artifact id: '14d9d8a636e4c606f9284addbde9e93b') in 0.018295 seconds
  Import took 0.023770 seconds .

========================================================================
Received Import Request.
  Time since last request: 0.000406 seconds.
  path: Assets/Free_SpeedTrees/Palm_Desktop_Atlas_Billboards.tga
  artifactKey: Guid(084d7ceca59c0ac47928eb2300496432) Importer(815301076,1909f56bfc062723c751e8b465ee728b)
Start importing Assets/Free_SpeedTrees/Palm_Desktop_Atlas_Billboards.tga using Guid(084d7ceca59c0ac47928eb2300496432) Importer(815301076,1909f56bfc062723c751e8b465ee728b)  -> (artifact id: '3931ccc3027860add6906580f719ba99') in 0.018157 seconds
  Import took 0.024340 seconds .

========================================================================
Received Import Request.
  Time since last request: 0.000304 seconds.
  path: Assets/Free_SpeedTrees/BroadleafBark.tga
  artifactKey: Guid(8388ef004037cfb4bb078b578e3ed979) Importer(815301076,1909f56bfc062723c751e8b465ee728b)
Start importing Assets/Free_SpeedTrees/BroadleafBark.tga using Guid(8388ef004037cfb4bb078b578e3ed979) Importer(815301076,1909f56bfc062723c751e8b465ee728b)  -> (artifact id: '43e9c1ab15f2b5c6e1e2f0d08f6aa3de') in 0.018584 seconds
  Import took 0.024753 seconds .

========================================================================
Received Import Request.
  Time since last request: 0.000387 seconds.
  path: Assets/Free_SpeedTrees/Broadleaves_Mobile.tga
  artifactKey: Guid(fda4b0464694cfc4ea753953e2b5c879) Importer(815301076,1909f56bfc062723c751e8b465ee728b)
Start importing Assets/Free_SpeedTrees/Broadleaves_Mobile.tga using Guid(fda4b0464694cfc4ea753953e2b5c879) Importer(815301076,1909f56bfc062723c751e8b465ee728b)  -> (artifact id: '44f7b77c783e7dd172872d466d999ee3') in 0.020086 seconds
  Import took 0.025707 seconds .

========================================================================
Received Import Request.
  Time since last request: 0.000400 seconds.
  path: Assets/Free_SpeedTrees/Broadleaves.obj
  artifactKey: Guid(cf3c778055c27074b849beaac044a88b) Importer(815301076,1909f56bfc062723c751e8b465ee728b)
Start importing Assets/Free_SpeedTrees/Broadleaves.obj using Guid(cf3c778055c27074b849beaac044a88b) Importer(815301076,1909f56bfc062723c751e8b465ee728b)  -> (artifact id: '0ee9dbf0d214cc2207d112ea37ee1b9b') in 0.044131 seconds
  Import took 0.048243 seconds .

========================================================================
Received Import Request.
  Time since last request: 0.000391 seconds.
  path: Assets/Free_SpeedTrees/Conifer_Needles_Desktop.tga
  artifactKey: Guid(7e67582339870f24596151c8ec9d2bd9) Importer(815301076,1909f56bfc062723c751e8b465ee728b)
Start importing Assets/Free_SpeedTrees/Conifer_Needles_Desktop.tga using Guid(7e67582339870f24596151c8ec9d2bd9) Importer(815301076,1909f56bfc062723c751e8b465ee728b)  -> (artifact id: 'ddb1b6ebce0be0aafe29180995b79ab5') in 0.018526 seconds
  Import took 0.023732 seconds .

========================================================================
Received Import Request.
  Time since last request: 0.000438 seconds.
  path: Assets/Free_SpeedTrees/PalmBark.tga
  artifactKey: Guid(73cac1ea7f4e8d644a257032a71360a5) Importer(815301076,1909f56bfc062723c751e8b465ee728b)
Start importing Assets/Free_SpeedTrees/PalmBark.tga using Guid(73cac1ea7f4e8d644a257032a71360a5) Importer(815301076,1909f56bfc062723c751e8b465ee728b)  -> (artifact id: '62ea7b3a492caabb854c4ad11724092e') in 0.015189 seconds
  Import took 0.020322 seconds .

========================================================================
Received Import Request.
  Time since last request: 0.000384 seconds.
  path: Assets/Free_SpeedTrees/ConiferBark.tga
  artifactKey: Guid(29902be09adfaa44d879f4d96eea5d5e) Importer(815301076,1909f56bfc062723c751e8b465ee728b)
Start importing Assets/Free_SpeedTrees/ConiferBark.tga using Guid(29902be09adfaa44d879f4d96eea5d5e) Importer(815301076,1909f56bfc062723c751e8b465ee728b)  -> (artifact id: 'bd5ea34fd5b2869fdc7d46fbd7b4bef6') in 0.012935 seconds
  Import took 0.017925 seconds .

========================================================================
Received Import Request.
  Time since last request: 0.000252 seconds.
  path: Assets/Free_SpeedTrees/Conifer_Needles_Dekstop_Spec.tga
  artifactKey: Guid(09510e72a92b53449aa8ac24fd74d06f) Importer(815301076,1909f56bfc062723c751e8b465ee728b)
Start importing Assets/Free_SpeedTrees/Conifer_Needles_Dekstop_Spec.tga using Guid(09510e72a92b53449aa8ac24fd74d06f) Importer(815301076,1909f56bfc062723c751e8b465ee728b)  -> (artifact id: '964a7fb049e770567012bd6954c6d99e') in 0.014121 seconds
  Import took 0.017671 seconds .

========================================================================
Received Import Request.
  Time since last request: 0.000441 seconds.
  path: Assets/Free_SpeedTrees/Palm_Desktop_Atlas.tga
  artifactKey: Guid(b15094df28b3a074fb23b0d7e6a30823) Importer(815301076,1909f56bfc062723c751e8b465ee728b)
Start importing Assets/Free_SpeedTrees/Palm_Desktop_Atlas.tga using Guid(b15094df28b3a074fb23b0d7e6a30823) Importer(815301076,1909f56bfc062723c751e8b465ee728b)  -> (artifact id: 'fcb219e35627bd51a864d538e7980a59') in 0.016975 seconds
  Import took 0.021444 seconds .

========================================================================
Received Import Request.
  Time since last request: 0.000256 seconds.
  path: Assets/Free_SpeedTrees/Palm_Desktop_Atlas_Normal.tga
  artifactKey: Guid(accfd802ffccef54295c2df37645a2f2) Importer(815301076,1909f56bfc062723c751e8b465ee728b)
Start importing Assets/Free_SpeedTrees/Palm_Desktop_Atlas_Normal.tga using Guid(accfd802ffccef54295c2df37645a2f2) Importer(815301076,1909f56bfc062723c751e8b465ee728b)  -> (artifact id: '0d6a5ebbe0a3f8d6f05ed50d0f551909') in 0.021235 seconds
  Import took 0.025374 seconds .

========================================================================
Received Import Request.
  Time since last request: 0.000260 seconds.
  path: Assets/Free_SpeedTrees/Broadleaf_Desktop_Atlas_Specular.tga
  artifactKey: Guid(331fab33425f2a443a5533996e30c2f3) Importer(815301076,1909f56bfc062723c751e8b465ee728b)
Start importing Assets/Free_SpeedTrees/Broadleaf_Desktop_Atlas_Specular.tga using Guid(331fab33425f2a443a5533996e30c2f3) Importer(815301076,1909f56bfc062723c751e8b465ee728b)  -> (artifact id: 'bc5605c36de5c56f64867f46218fd379') in 0.017955 seconds
  Import took 0.022049 seconds .

========================================================================
Received Import Request.
  Time since last request: 0.000270 seconds.
  path: Assets/Free_SpeedTrees/Cap_02_Normal.tga
  artifactKey: Guid(087603efcf9e15c4fa292a1ba47041f7) Importer(815301076,1909f56bfc062723c751e8b465ee728b)
Start importing Assets/Free_SpeedTrees/Cap_02_Normal.tga using Guid(087603efcf9e15c4fa292a1ba47041f7) Importer(815301076,1909f56bfc062723c751e8b465ee728b)  -> (artifact id: '78609d28df5b825b9da8f74335830516') in 0.016253 seconds
  Import took 0.020393 seconds .

========================================================================
Received Import Request.
  Time since last request: 0.000283 seconds.
  path: Assets/Free_SpeedTrees/Conifer_Desktop_Atlas.tga
  artifactKey: Guid(6252e35b1ca7f8a41bee8af931e1518a) Importer(815301076,1909f56bfc062723c751e8b465ee728b)
Start importing Assets/Free_SpeedTrees/Conifer_Desktop_Atlas.tga using Guid(6252e35b1ca7f8a41bee8af931e1518a) Importer(815301076,1909f56bfc062723c751e8b465ee728b)  -> (artifact id: 'd0d4d1e0e1594b145a3bc598e839d5d8') in 0.019655 seconds
  Import took 0.023968 seconds .

========================================================================
Received Import Request.
  Time since last request: 0.000291 seconds.
  path: Assets/Free_SpeedTrees/Broadleaves_Card_Desktop_Normal.tga
  artifactKey: Guid(ba3df608f71aa66459b42227a3bfe843) Importer(815301076,1909f56bfc062723c751e8b465ee728b)
Start importing Assets/Free_SpeedTrees/Broadleaves_Card_Desktop_Normal.tga using Guid(ba3df608f71aa66459b42227a3bfe843) Importer(815301076,1909f56bfc062723c751e8b465ee728b)  -> (artifact id: '1e60a6a59c4bedaa2cd3d50086dc87b7') in 0.015618 seconds
  Import took 0.020491 seconds .

========================================================================
Received Import Request.
  Time since last request: 0.000363 seconds.
  path: Assets/Free_SpeedTrees/Broadleaf_Mobile_Atlas_Specular.tga
  artifactKey: Guid(2fae588f60ac4474ea0fb25519d51427) Importer(815301076,1909f56bfc062723c751e8b465ee728b)
Start importing Assets/Free_SpeedTrees/Broadleaf_Mobile_Atlas_Specular.tga using Guid(2fae588f60ac4474ea0fb25519d51427) Importer(815301076,1909f56bfc062723c751e8b465ee728b)  -> (artifact id: 'ec267af9f50c2dff81ee1e868ee30415') in 0.021199 seconds
  Import took 0.025514 seconds .

========================================================================
Received Import Request.
  Time since last request: 0.000282 seconds.
  path: Assets/Free_SpeedTrees/Conifer_Desktop.spm
  artifactKey: Guid(70417e08343ef354db9a6c398faf67bc) Importer(815301076,1909f56bfc062723c751e8b465ee728b)
Start importing Assets/Free_SpeedTrees/Conifer_Desktop.spm using Guid(70417e08343ef354db9a6c398faf67bc) Importer(815301076,1909f56bfc062723c751e8b465ee728b)  -> (artifact id: '2b7bb9d83d1471e0cb974250d8f71423') in 0.085211 seconds
  Import took 0.089582 seconds .

========================================================================
Received Import Request.
  Time since last request: 0.000373 seconds.
  path: Assets/Free_SpeedTrees/Cap_02.tga
  artifactKey: Guid(1e84037f5ea09ab4591dfa710d05aea0) Importer(815301076,1909f56bfc062723c751e8b465ee728b)
Start importing Assets/Free_SpeedTrees/Cap_02.tga using Guid(1e84037f5ea09ab4591dfa710d05aea0) Importer(815301076,1909f56bfc062723c751e8b465ee728b)  -> (artifact id: '4e63d8b4ba6778d1ff0ad0f7889e5287') in 0.014170 seconds
  Import took 0.018348 seconds .

========================================================================
Received Import Request.
  Time since last request: 0.000306 seconds.
  path: Assets/Free_SpeedTrees/Palm_Desktop_Atlas_Specular.tga
  artifactKey: Guid(74e4b8a9d329a9d4da4f2280b142d8c2) Importer(815301076,1909f56bfc062723c751e8b465ee728b)
Start importing Assets/Free_SpeedTrees/Palm_Desktop_Atlas_Specular.tga using Guid(74e4b8a9d329a9d4da4f2280b142d8c2) Importer(815301076,1909f56bfc062723c751e8b465ee728b)  -> (artifact id: '88482f66fc15c68e3df3312b82a79c93') in 0.014554 seconds
  Import took 0.018259 seconds .

========================================================================
Received Import Request.
  Time since last request: 0.000265 seconds.
  path: Assets/Free_SpeedTrees/Conifer_Desktop_Atlas_Billboards_Normal.tga
  artifactKey: Guid(b40ea9e85cab82240b343e59cba9e540) Importer(815301076,1909f56bfc062723c751e8b465ee728b)
Start importing Assets/Free_SpeedTrees/Conifer_Desktop_Atlas_Billboards_Normal.tga using Guid(b40ea9e85cab82240b343e59cba9e540) Importer(815301076,1909f56bfc062723c751e8b465ee728b)  -> (artifact id: '9f0b4d7e2f9f9c5457d91221a713f19d') in 0.016068 seconds
  Import took 0.019568 seconds .

========================================================================
Received Import Request.
  Time since last request: 0.000363 seconds.
  path: Assets/Free_SpeedTrees/Broadleaf_Desktop_Atlas_Billboards_Normal.tga
  artifactKey: Guid(9eee8eb4a2dc9b544acbad65d658bae6) Importer(815301076,1909f56bfc062723c751e8b465ee728b)
Start importing Assets/Free_SpeedTrees/Broadleaf_Desktop_Atlas_Billboards_Normal.tga using Guid(9eee8eb4a2dc9b544acbad65d658bae6) Importer(815301076,1909f56bfc062723c751e8b465ee728b)  -> (artifact id: '5cfd2ffa470e4b745909a5b85f46ff2d') in 0.015140 seconds
  Import took 0.020592 seconds .

========================================================================
Received Import Request.
  Time since last request: 0.000362 seconds.
  path: Assets/Free_SpeedTrees/Broadleaves_Card_Desktop.tga
  artifactKey: Guid(e64cf5c9456ef684aaff7b60939f2eaa) Importer(815301076,1909f56bfc062723c751e8b465ee728b)
Start importing Assets/Free_SpeedTrees/Broadleaves_Card_Desktop.tga using Guid(e64cf5c9456ef684aaff7b60939f2eaa) Importer(815301076,1909f56bfc062723c751e8b465ee728b)  -> (artifact id: 'd5d9694de26afe4d0bccf4ff1e62d293') in 0.022197 seconds
  Import took 0.026655 seconds .

========================================================================
Received Import Request.
  Time since last request: 0.000373 seconds.
  path: Assets/Free_SpeedTrees/Broadleaves_Mobile_Normal.tga
  artifactKey: Guid(43fb5de94234b754c904d3a30aa4c2f4) Importer(815301076,1909f56bfc062723c751e8b465ee728b)
Start importing Assets/Free_SpeedTrees/Broadleaves_Mobile_Normal.tga using Guid(43fb5de94234b754c904d3a30aa4c2f4) Importer(815301076,1909f56bfc062723c751e8b465ee728b)  -> (artifact id: '3ad5782e8460440f3d58e670fd30d300') in 0.018089 seconds
  Import took 0.023416 seconds .

========================================================================
Received Import Request.
  Time since last request: 0.000290 seconds.
  path: Assets/Free_SpeedTrees/Broadleaves_Desktop.tga
  artifactKey: Guid(ce9dea0a872176a4c894d4bcfb48fd18) Importer(815301076,1909f56bfc062723c751e8b465ee728b)
Start importing Assets/Free_SpeedTrees/Broadleaves_Desktop.tga using Guid(ce9dea0a872176a4c894d4bcfb48fd18) Importer(815301076,1909f56bfc062723c751e8b465ee728b)  -> (artifact id: '2dd7822a02cb747c181f9c311ceac387') in 0.018728 seconds
  Import took 0.024404 seconds .

========================================================================
Received Import Request.
  Time since last request: 0.000293 seconds.
  path: Assets/Free_SpeedTrees/PalmBark_Normal.tga
  artifactKey: Guid(848a6ba0b902217489e437776cba0a85) Importer(815301076,1909f56bfc062723c751e8b465ee728b)
Start importing Assets/Free_SpeedTrees/PalmBark_Normal.tga using Guid(848a6ba0b902217489e437776cba0a85) Importer(815301076,1909f56bfc062723c751e8b465ee728b)  -> (artifact id: 'fbfb97c48812baa33fbfde7b5a26f4f3') in 0.017489 seconds
  Import took 0.022735 seconds .

========================================================================
Received Import Request.
  Time since last request: 0.740628 seconds.
  path: Assets/GrassFlowers/Post-Processing For GrassFlowers.asset
  artifactKey: Guid(150fbd13cfcddb34ebc82b228a769165) Importer(815301076,1909f56bfc062723c751e8b465ee728b)
Start importing Assets/GrassFlowers/Post-Processing For GrassFlowers.asset using Guid(150fbd13cfcddb34ebc82b228a769165) Importer(815301076,1909f56bfc062723c751e8b465ee728b)  -> (artifact id: 'e929973134c60d9c3a23d3e15f3b3626') in 0.011045 seconds
  Import took 0.015604 seconds .

========================================================================
Received Import Request.
  Time since last request: 51.462828 seconds.
  path: Assets/GrassFlowers/Textures/GrassFlowers/grass01.tga
  artifactKey: Guid(91a1945982e98be4d9fe3e3d12fdebd8) Importer(815301076,1909f56bfc062723c751e8b465ee728b)
Start importing Assets/GrassFlowers/Textures/GrassFlowers/grass01.tga using Guid(91a1945982e98be4d9fe3e3d12fdebd8) Importer(815301076,1909f56bfc062723c751e8b465ee728b)  -> (artifact id: '79e6f3d5f454f4900da673b873489ee1') in 0.014915 seconds
  Import took 0.019829 seconds .

========================================================================
Received Import Request.
  Time since last request: 0.000400 seconds.
  path: Assets/GrassFlowers/Textures/GrassFlowers/grassFlower03.tga
  artifactKey: Guid(c6bde8cacfa93444fa98152cb9e36815) Importer(815301076,1909f56bfc062723c751e8b465ee728b)
Start importing Assets/GrassFlowers/Textures/GrassFlowers/grassFlower03.tga using Guid(c6bde8cacfa93444fa98152cb9e36815) Importer(815301076,1909f56bfc062723c751e8b465ee728b)  -> (artifact id: 'd35207dc354ac8c1353f1d70ce3f58b8') in 0.018073 seconds
  Import took 0.022101 seconds .

========================================================================
Received Import Request.
  Time since last request: 0.000533 seconds.
  path: Assets/GrassFlowers/Textures/GrassFlowers/grassFlower04.tga
  artifactKey: Guid(5c744e80ad52c884c9ac4c9139b3aaae) Importer(815301076,1909f56bfc062723c751e8b465ee728b)
Start importing Assets/GrassFlowers/Textures/GrassFlowers/grassFlower04.tga using Guid(5c744e80ad52c884c9ac4c9139b3aaae) Importer(815301076,1909f56bfc062723c751e8b465ee728b)  -> (artifact id: 'cb03f5e592d57d915c5f99d3a647bfee') in 0.018696 seconds
  Import took 0.025359 seconds .

========================================================================
Received Import Request.
  Time since last request: 0.000441 seconds.
  path: Assets/GrassFlowers/Textures/GrassFlowers/grassFlower07.tga
  artifactKey: Guid(5afd653e4d79b7a4c9523dd543c0bead) Importer(815301076,1909f56bfc062723c751e8b465ee728b)
Start importing Assets/GrassFlowers/Textures/GrassFlowers/grassFlower07.tga using Guid(5afd653e4d79b7a4c9523dd543c0bead) Importer(815301076,1909f56bfc062723c751e8b465ee728b)  -> (artifact id: 'd29ae9f5c57008026e518e043de2db1e') in 0.018919 seconds
  Import took 0.025553 seconds .

========================================================================
Received Import Request.
  Time since last request: 0.000457 seconds.
  path: Assets/GrassFlowers/Textures/GrassFlowers/grassFlower08.tga
  artifactKey: Guid(8900a35e436818940b97df26c3a8a1aa) Importer(815301076,1909f56bfc062723c751e8b465ee728b)
Start importing Assets/GrassFlowers/Textures/GrassFlowers/grassFlower08.tga using Guid(8900a35e436818940b97df26c3a8a1aa) Importer(815301076,1909f56bfc062723c751e8b465ee728b)  -> (artifact id: '5428a7293dc86145901d52c4c1fb9f0e') in 0.016268 seconds
  Import took 0.021311 seconds .

========================================================================
Received Import Request.
  Time since last request: 0.000433 seconds.
  path: Assets/GrassFlowers/Textures/GrassFlowers/grassFlower05.tga
  artifactKey: Guid(e3b33de953074bc4a88d9487f19c1202) Importer(815301076,1909f56bfc062723c751e8b465ee728b)
Start importing Assets/GrassFlowers/Textures/GrassFlowers/grassFlower05.tga using Guid(e3b33de953074bc4a88d9487f19c1202) Importer(815301076,1909f56bfc062723c751e8b465ee728b)  -> (artifact id: 'c599cb85d87fd628cc2948f1acb778fb') in 0.017425 seconds
  Import took 0.022070 seconds .

========================================================================
Received Import Request.
  Time since last request: 0.000317 seconds.
  path: Assets/GrassFlowers/Textures/GrassFlowers/grassFlower01.tga
  artifactKey: Guid(5733619f617fd954cac22d3d11fd1b93) Importer(815301076,1909f56bfc062723c751e8b465ee728b)
Start importing Assets/GrassFlowers/Textures/GrassFlowers/grassFlower01.tga using Guid(5733619f617fd954cac22d3d11fd1b93) Importer(815301076,1909f56bfc062723c751e8b465ee728b)  -> (artifact id: '380099602f3874f75a05efdc1084e0ef') in 0.022981 seconds
  Import took 0.026707 seconds .

========================================================================
Received Import Request.
  Time since last request: 0.000347 seconds.
  path: Assets/GrassFlowers/Textures/GrassFlowers/grassFlower06.tga
  artifactKey: Guid(b3d0250e4b7a1ac4abe98a38d34d2048) Importer(815301076,1909f56bfc062723c751e8b465ee728b)
Start importing Assets/GrassFlowers/Textures/GrassFlowers/grassFlower06.tga using Guid(b3d0250e4b7a1ac4abe98a38d34d2048) Importer(815301076,1909f56bfc062723c751e8b465ee728b)  -> (artifact id: '9a8cb21695f12c1494e756126a8fa931') in 0.017162 seconds
  Import took 0.022944 seconds .

========================================================================
Received Import Request.
  Time since last request: 0.000292 seconds.
  path: Assets/GrassFlowers/Textures/GrassFlowers/grass02.tga
  artifactKey: Guid(cf3069941001b5c46b1f13d4551d0fd9) Importer(815301076,1909f56bfc062723c751e8b465ee728b)
Start importing Assets/GrassFlowers/Textures/GrassFlowers/grass02.tga using Guid(cf3069941001b5c46b1f13d4551d0fd9) Importer(815301076,1909f56bfc062723c751e8b465ee728b)  -> (artifact id: 'f632020371acb0aafef93b99472fd025') in 0.019195 seconds
  Import took 0.023328 seconds .

========================================================================
Received Import Request.
  Time since last request: 0.000321 seconds.
  path: Assets/GrassFlowers/Textures/GrassFlowers/grassFlower10.tga
  artifactKey: Guid(dcefc591c195a9f468e9157baa03eb4f) Importer(815301076,1909f56bfc062723c751e8b465ee728b)
Start importing Assets/GrassFlowers/Textures/GrassFlowers/grassFlower10.tga using Guid(dcefc591c195a9f468e9157baa03eb4f) Importer(815301076,1909f56bfc062723c751e8b465ee728b)  -> (artifact id: '4e6038d4b105481a1e2578772b22b02f') in 0.016257 seconds
  Import took 0.020672 seconds .

========================================================================
Received Import Request.
  Time since last request: 0.000604 seconds.
  path: Assets/GrassFlowers/Textures/GrassFlowers/grassFlower09.tga
  artifactKey: Guid(d238efbd27bc5ae4ead9839995f74830) Importer(815301076,1909f56bfc062723c751e8b465ee728b)
Start importing Assets/GrassFlowers/Textures/GrassFlowers/grassFlower09.tga using Guid(d238efbd27bc5ae4ead9839995f74830) Importer(815301076,1909f56bfc062723c751e8b465ee728b)  -> (artifact id: '4ac90bb490e4c15526678ad413326079') in 0.018006 seconds
  Import took 0.022733 seconds .

========================================================================
Received Import Request.
  Time since last request: 0.000282 seconds.
  path: Assets/GrassFlowers/Textures/GrassFlowers/grassFlower02.tga
  artifactKey: Guid(b0601839c4520064bb61d58d088810bc) Importer(815301076,1909f56bfc062723c751e8b465ee728b)
Start importing Assets/GrassFlowers/Textures/GrassFlowers/grassFlower02.tga using Guid(b0601839c4520064bb61d58d088810bc) Importer(815301076,1909f56bfc062723c751e8b465ee728b)  -> (artifact id: '5db9677fc5c5fd4fabef0bc357a9936e') in 0.017190 seconds
  Import took 0.021825 seconds .

========================================================================
Received Import Request.
  Time since last request: 28.426196 seconds.
  path: Assets/GravelTexture4k/gravel-threequarter-4k-bump-disp.jpg
  artifactKey: Guid(97111af6fdfcb044c88d117367c92518) Importer(815301076,1909f56bfc062723c751e8b465ee728b)
Start importing Assets/GravelTexture4k/gravel-threequarter-4k-bump-disp.jpg using Guid(97111af6fdfcb044c88d117367c92518) Importer(815301076,1909f56bfc062723c751e8b465ee728b)  -> (artifact id: '3f09e03302158d61e7d05a8e178ccf3d') in 0.033587 seconds
  Import took 0.038279 seconds .

========================================================================
Received Import Request.
  Time since last request: 0.000401 seconds.
  path: Assets/GravelTexture4k/threeQuarterMinus-4k.mat
  artifactKey: Guid(6bf2b088b7bc6cf48b63cbddae7ca352) Importer(815301076,1909f56bfc062723c751e8b465ee728b)
Start importing Assets/GravelTexture4k/threeQuarterMinus-4k.mat using Guid(6bf2b088b7bc6cf48b63cbddae7ca352) Importer(815301076,1909f56bfc062723c751e8b465ee728b)  -> (artifact id: 'd49f3eeaa104e22209343307c342736a') in 0.050265 seconds
  Import took 0.053979 seconds .

========================================================================
Received Import Request.
  Time since last request: 0.000468 seconds.
  path: Assets/GravelTexture4k/gravel-threequarter-4k-color.jpg
  artifactKey: Guid(9e97f217625b5d24085b910c27b048e4) Importer(815301076,1909f56bfc062723c751e8b465ee728b)
Start importing Assets/GravelTexture4k/gravel-threequarter-4k-color.jpg using Guid(9e97f217625b5d24085b910c27b048e4) Importer(815301076,1909f56bfc062723c751e8b465ee728b)  -> (artifact id: '4b85c1687a20269faa8549c218d54adc') in 0.019364 seconds
  Import took 0.025005 seconds .

========================================================================
Received Import Request.
  Time since last request: 0.000498 seconds.
  path: Assets/GravelTexture4k/gravel-threequarter-4k-bump-norm.jpg
  artifactKey: Guid(afc5c1639564f2a4d9b9357bc990eca2) Importer(815301076,1909f56bfc062723c751e8b465ee728b)
Start importing Assets/GravelTexture4k/gravel-threequarter-4k-bump-norm.jpg using Guid(afc5c1639564f2a4d9b9357bc990eca2) Importer(815301076,1909f56bfc062723c751e8b465ee728b)  -> (artifact id: '4598ba640806cf033f195815a175dee0') in 0.020049 seconds
  Import took 0.024916 seconds .

========================================================================
Received Import Request.
  Time since last request: 3.026466 seconds.
  path: Assets/Parks And Nature Pack/Prefab/ChairA.prefab
  artifactKey: Guid(24a898469d9c2394bb863db56a74b3d6) Importer(815301076,1909f56bfc062723c751e8b465ee728b)
Start importing Assets/Parks And Nature Pack/Prefab/ChairA.prefab using Guid(24a898469d9c2394bb863db56a74b3d6) Importer(815301076,1909f56bfc062723c751e8b465ee728b)  -> (artifact id: 'a766803854461a3d03003b2667f00473') in 0.020187 seconds
  Import took 0.024402 seconds .

========================================================================
Received Import Request.
  Time since last request: 0.000377 seconds.
  path: Assets/Parks And Nature Pack/Prefab/Tree1.prefab
  artifactKey: Guid(17de3c1426f928b4e97bb2feeeb4d11e) Importer(815301076,1909f56bfc062723c751e8b465ee728b)
Start importing Assets/Parks And Nature Pack/Prefab/Tree1.prefab using Guid(17de3c1426f928b4e97bb2feeeb4d11e) Importer(815301076,1909f56bfc062723c751e8b465ee728b)  -> (artifact id: '603f17effdb04bd81adf00de81119dc6') in 0.027728 seconds
  Import took 0.032422 seconds .

========================================================================
Received Import Request.
  Time since last request: 0.000498 seconds.
  path: Assets/Parks And Nature Pack/Prefab/GrassE.prefab
  artifactKey: Guid(7692fca38ff1e2a41a1150cb803fe20c) Importer(815301076,1909f56bfc062723c751e8b465ee728b)
Start importing Assets/Parks And Nature Pack/Prefab/GrassE.prefab using Guid(7692fca38ff1e2a41a1150cb803fe20c) Importer(815301076,1909f56bfc062723c751e8b465ee728b)  -> (artifact id: '5a90c6eb37039486eb740ee47bcc1faa') in 0.016471 seconds
  Import took 0.021368 seconds .

========================================================================
Received Import Request.
  Time since last request: 1.464962 seconds.
  path: Assets/Parks And Nature Pack/DataSource/ChairA.FBX
  artifactKey: Guid(1f1ec87c4cf7b8d45bba8f9a607aa21d) Importer(815301076,1909f56bfc062723c751e8b465ee728b)
Start importing Assets/Parks And Nature Pack/DataSource/ChairA.FBX using Guid(1f1ec87c4cf7b8d45bba8f9a607aa21d) Importer(815301076,1909f56bfc062723c751e8b465ee728b)  -> (artifact id: 'ccf867336a744ef3d9343419e511a9c3') in 0.021304 seconds
  Import took 0.028306 seconds .

========================================================================
Received Import Request.
  Time since last request: 0.000385 seconds.
  path: Assets/Parks And Nature Pack/DataSource/GrassE.FBX
  artifactKey: Guid(619d19eb784382445b09e854bb73e335) Importer(815301076,1909f56bfc062723c751e8b465ee728b)
Start importing Assets/Parks And Nature Pack/DataSource/GrassE.FBX using Guid(619d19eb784382445b09e854bb73e335) Importer(815301076,1909f56bfc062723c751e8b465ee728b)  -> (artifact id: 'e81d4ce1e1b93d22a602a0477e00d94e') in 0.023812 seconds
  Import took 0.028567 seconds .

========================================================================
Received Import Request.
  Time since last request: 0.000389 seconds.
  path: Assets/Parks And Nature Pack/DataSource/Tree1.FBX
  artifactKey: Guid(002c5d719ab1cef41877debff2067ab6) Importer(815301076,1909f56bfc062723c751e8b465ee728b)
Start importing Assets/Parks And Nature Pack/DataSource/Tree1.FBX using Guid(002c5d719ab1cef41877debff2067ab6) Importer(815301076,1909f56bfc062723c751e8b465ee728b)  -> (artifact id: '5c4e8a6271f9dc1dd0b4b9894498ea32') in 0.052972 seconds
  Import took 0.058271 seconds .

========================================================================
Received Import Request.
  Time since last request: 42.804177 seconds.
  path: Assets/ProBuilder Data/Default Color Palette.asset
  artifactKey: Guid(4018f1f1e6178b14ab2d86cec4397677) Importer(815301076,1909f56bfc062723c751e8b465ee728b)
Start importing Assets/ProBuilder Data/Default Color Palette.asset using Guid(4018f1f1e6178b14ab2d86cec4397677) Importer(815301076,1909f56bfc062723c751e8b465ee728b)  -> (artifact id: 'fd4f584bf655d28f751e9c36cdb2f97f') in 0.010190 seconds
  Import took 0.014598 seconds .

========================================================================
Received Import Request.
  Time since last request: 139.587558 seconds.
  path: Assets/GrassFlowers/Textures/GrassFlowers
  artifactKey: Guid(6c0cbfdcc9b9ae64f9ddd77c2003e193) Importer(815301076,1909f56bfc062723c751e8b465ee728b)
Start importing Assets/GrassFlowers/Textures/GrassFlowers using Guid(6c0cbfdcc9b9ae64f9ddd77c2003e193) Importer(815301076,1909f56bfc062723c751e8b465ee728b)  -> (artifact id: 'c1169a85014eaba6ed41a314b460928b') in 0.008974 seconds
  Import took 0.013321 seconds .

========================================================================
Received Import Request.
  Time since last request: 359.813756 seconds.
  path: Assets/Free_SpeedTrees/PalmFrond.tga
  artifactKey: Guid(ded5a4d59b5ef9c4bb5aa8a8d57b5fd2) Importer(815301076,1909f56bfc062723c751e8b465ee728b)
Start importing Assets/Free_SpeedTrees/PalmFrond.tga using Guid(ded5a4d59b5ef9c4bb5aa8a8d57b5fd2) Importer(815301076,1909f56bfc062723c751e8b465ee728b)  -> (artifact id: '042498e406efe62f74d29df5a09e7d12') in 0.015667 seconds
  Import took 0.020882 seconds .

========================================================================
Received Import Request.
  Time since last request: 0.000378 seconds.
  path: Assets/Free_SpeedTrees/PalmFrond_Normal.tga
  artifactKey: Guid(37d401ed5593db646a078ec27db9eb5e) Importer(815301076,1909f56bfc062723c751e8b465ee728b)
Start importing Assets/Free_SpeedTrees/PalmFrond_Normal.tga using Guid(37d401ed5593db646a078ec27db9eb5e) Importer(815301076,1909f56bfc062723c751e8b465ee728b)  -> (artifact id: '11d6a975c9489f50e858054b49349354') in 0.014964 seconds
  Import took 0.018997 seconds .

========================================================================
Received Import Request.
  Time since last request: 0.000451 seconds.
  path: Assets/Free_SpeedTrees/PalmFrond_Spec.tga
  artifactKey: Guid(ff5ae99d6014df84a89412c1f0ec079e) Importer(815301076,1909f56bfc062723c751e8b465ee728b)
Start importing Assets/Free_SpeedTrees/PalmFrond_Spec.tga using Guid(ff5ae99d6014df84a89412c1f0ec079e) Importer(815301076,1909f56bfc062723c751e8b465ee728b)  -> (artifact id: '6294473bc744bb9858c2935e4992f932') in 0.018239 seconds
  Import took 0.024302 seconds .

========================================================================
Received Import Request.
  Time since last request: 0.000384 seconds.
  path: Assets/Free_SpeedTrees/PalmFrond_Normal.tga
  artifactKey: Guid(37d401ed5593db646a078ec27db9eb5e) Importer(815301076,1909f56bfc062723c751e8b465ee728b)
Start importing Assets/Free_SpeedTrees/PalmFrond_Normal.tga using Guid(37d401ed5593db646a078ec27db9eb5e) Importer(815301076,1909f56bfc062723c751e8b465ee728b)  -> (artifact id: '11d6a975c9489f50e858054b49349354') in 0.019767 seconds
  Import took 0.025673 seconds .

========================================================================
Received Import Request.
  Time since last request: 0.000435 seconds.
  path: Assets/Free_SpeedTrees/PalmFrond.tga
  artifactKey: Guid(ded5a4d59b5ef9c4bb5aa8a8d57b5fd2) Importer(815301076,1909f56bfc062723c751e8b465ee728b)
Start importing Assets/Free_SpeedTrees/PalmFrond.tga using Guid(ded5a4d59b5ef9c4bb5aa8a8d57b5fd2) Importer(815301076,1909f56bfc062723c751e8b465ee728b)  -> (artifact id: '042498e406efe62f74d29df5a09e7d12') in 0.013558 seconds
  Import took 0.019698 seconds .

========================================================================
Received Import Request.
  Time since last request: 40.051538 seconds.
  path: Assets/Myblend.shader
  artifactKey: Guid(f1dff49254eba8f4ea5d5faf152636d1) Importer(815301076,1909f56bfc062723c751e8b465ee728b)
Start importing Assets/Myblend.shader using Guid(f1dff49254eba8f4ea5d5faf152636d1) Importer(815301076,1909f56bfc062723c751e8b465ee728b)  -> (artifact id: '2bfea037f27612e78a12b70b823755b5') in 0.005754 seconds
  Import took 0.009514 seconds .

========================================================================
Received Import Request.
  Time since last request: 0.007108 seconds.
  path: Assets/Myblend.shader
  artifactKey: Guid(f1dff49254eba8f4ea5d5faf152636d1) Importer(815301076,1909f56bfc062723c751e8b465ee728b)
Start importing Assets/Myblend.shader using Guid(f1dff49254eba8f4ea5d5faf152636d1) Importer(815301076,1909f56bfc062723c751e8b465ee728b)  -> (artifact id: '2bfea037f27612e78a12b70b823755b5') in 0.003041 seconds
  Import took 0.006933 seconds .

========================================================================
Received Import Request.
  Time since last request: 1557.336005 seconds.
  path: Assets/Myblend.shader
  artifactKey: Guid(f1dff49254eba8f4ea5d5faf152636d1) Importer(815301076,1909f56bfc062723c751e8b465ee728b)
Start importing Assets/Myblend.shader using Guid(f1dff49254eba8f4ea5d5faf152636d1) Importer(815301076,1909f56bfc062723c751e8b465ee728b)  -> (artifact id: '3ce3b0691ca2c7161bb98c77b9c382e3') in 0.010634 seconds
  Import took 0.015930 seconds .

========================================================================
Received Import Request.
  Time since last request: 170.639220 seconds.
  path: Assets/Myblend.shader
  artifactKey: Guid(f1dff49254eba8f4ea5d5faf152636d1) Importer(815301076,1909f56bfc062723c751e8b465ee728b)
Start importing Assets/Myblend.shader using Guid(f1dff49254eba8f4ea5d5faf152636d1) Importer(815301076,1909f56bfc062723c751e8b465ee728b)  -> (artifact id: '0f774d8ecee6fcfd34a469817dc47b57') in 0.005645 seconds
  Import took 0.010228 seconds .

========================================================================
Received Prepare
Registering precompiled user dll's ...
Registered in 0.166712 seconds.
Begin MonoManager ReloadAssembly
Native extension for WindowsStandalone target not found
Native extension for WebGL target not found
Refreshing native plugins compatible for Editor in 0.56 ms, found 2 plugins.
Preloading 0 native plugins for Editor in 0.00 ms.
Mono: successfully reloaded assembly
- Completed reload, in  1.341 seconds
Platform modules already initialized, skipping
Refreshing native plugins compatible for Editor in 0.56 ms, found 2 plugins.
Preloading 0 native plugins for Editor in 0.00 ms.
Unloading 1883 Unused Serialized files (Serialized files now loaded: 0)
System memory in use before: 102.0 MB.
System memory in use after: 102.1 MB.

Unloading 14 unused Assets to reduce memory usage. Loaded Objects now: 2457.
Total: 3.149700 ms (FindLiveObjects: 0.202700 ms CreateObjectMapping: 0.077200 ms MarkObjects: 2.802800 ms  DeleteObjects: 0.065600 ms)

AssetImportWorkerClient::OnTransportError - code=2 error=End of file
>>>>>>> Stashed changes
