Using pre-set license
Built from '2020.3/staging' branch; Version is '2020.3.10f1 (297d780c91bc) revision 2719096'; Using compiler version '192528614'; Build Type 'Release'
OS: 'Windows 10 Home; OS build 19042.1288; Version 2009; 64bit' Language: 'en' Physical Memory: 8091 MB
BatchMode: 1, IsHumanControllingUs: 0, StartBugReporterOnCrash: 0, Is64bit: 1, IsPro: 0

 COMMAND LINE ARGUMENTS:
C:\Program Files\Unity\Hub\Editor\2020.3.10f1\Editor\Unity.exe
-adb2
-batchMode
-noUpm
-name
AssetImportWorker1
-projectPath
C:/Users/ASUS PC/Documents/GitHub/Wanderer skybox
-logFile
Logs/AssetImportWorker1.log
-srvPort
55030
Successfully changed project path to: C:/Users/ASUS PC/Documents/GitHub/Wanderer skybox
C:/Users/ASUS PC/Documents/GitHub/Wanderer skybox
Using Asset Import Pipeline V2.
Refreshing native plugins compatible for Editor in 62.89 ms, found 2 plugins.
Preloading 0 native plugins for Editor in 0.00 ms.
Initialize engine version: 2020.3.10f1 (297d780c91bc)
[Subsystems] Discovering subsystems at path C:/Program Files/Unity/Hub/Editor/2020.3.10f1/Editor/Data/Resources/UnitySubsystems
[Subsystems] Discovering subsystems at path C:/Users/ASUS PC/Documents/GitHub/Wanderer skybox/Assets
GfxDevice: creating device client; threaded=0
Direct3D:
    Version:  Direct3D 11.0 [level 11.1]
    Renderer: Intel(R) HD Graphics 520 (ID=0x1916)
    Vendor:   
    VRAM:     4045 MB
    Driver:   30.0.100.9864
Initialize mono
Mono path[0] = 'C:/Program Files/Unity/Hub/Editor/2020.3.10f1/Editor/Data/Managed'
Mono path[1] = 'C:/Program Files/Unity/Hub/Editor/2020.3.10f1/Editor/Data/MonoBleedingEdge/lib/mono/unityjit'
Mono config path = 'C:/Program Files/Unity/Hub/Editor/2020.3.10f1/Editor/Data/MonoBleedingEdge/etc'
Using monoOptions --debugger-agent=transport=dt_socket,embedding=1,server=y,suspend=n,address=127.0.0.1:56044
Begin MonoManager ReloadAssembly
Registering precompiled unity dll's ...
Register platform support module: C:/Program Files/Unity/Hub/Editor/2020.3.10f1/Editor/Data/PlaybackEngines/WindowsStandaloneSupport/UnityEditor.WindowsStandalone.Extensions.dll
Registered in 0.010871 seconds.
Native extension for WindowsStandalone target not found
Refreshing native plugins compatible for Editor in 41.36 ms, found 2 plugins.
Preloading 0 native plugins for Editor in 0.00 ms.
Mono: successfully reloaded assembly
- Completed reload, in  1.897 seconds
Platform modules already initialized, skipping
Registering precompiled user dll's ...
Registered in 0.015619 seconds.
Begin MonoManager ReloadAssembly
Native extension for WindowsStandalone target not found
Refreshing native plugins compatible for Editor in 0.36 ms, found 2 plugins.
Preloading 0 native plugins for Editor in 0.00 ms.
Mono: successfully reloaded assembly
- Completed reload, in  2.371 seconds
Platform modules already initialized, skipping
========================================================================
Worker process is ready to serve import requests
Launched and connected shader compiler UnityShaderCompiler.exe after 0.30 seconds
Refreshing native plugins compatible for Editor in 0.34 ms, found 2 plugins.
Preloading 0 native plugins for Editor in 0.00 ms.
Unloading 1444 Unused Serialized files (Serialized files now loaded: 0)
System memory in use before: 72.0 MB.
System memory in use after: 72.1 MB.

Unloading 18 unused Assets to reduce memory usage. Loaded Objects now: 1880.
Total: 3.538300 ms (FindLiveObjects: 0.195600 ms CreateObjectMapping: 0.059400 ms MarkObjects: 3.134200 ms  DeleteObjects: 0.147200 ms)

========================================================================
Received Import Request.
  path: Assets/AHProxy/PlanetShader/DemoScene/Meshes/Materials/No Name.mat
  artifactKey: Guid(dbdc921fccb54f5459740f2ec5f52d57) Importer(815301076,1909f56bfc062723c751e8b465ee728b)
Start importing Assets/AHProxy/PlanetShader/DemoScene/Meshes/Materials/No Name.mat using Guid(dbdc921fccb54f5459740f2ec5f52d57) Importer(815301076,1909f56bfc062723c751e8b465ee728b)  -> (artifact id: '0e2fc8d9f3c9fe3143be6ed9141b0c8a') in 0.363846 seconds
  Import took 0.366990 seconds .

========================================================================
Received Import Request.
  Time since last request: 0.000448 seconds.
  path: Assets/AHProxy/PlanetShader/DemoScene/Meshes/Materials
  artifactKey: Guid(2586f59ef3708ae42977ba8a71e0acc1) Importer(815301076,1909f56bfc062723c751e8b465ee728b)
Start importing Assets/AHProxy/PlanetShader/DemoScene/Meshes/Materials using Guid(2586f59ef3708ae42977ba8a71e0acc1) Importer(815301076,1909f56bfc062723c751e8b465ee728b)  -> (artifact id: '1bacad295472c3136c45d517c29314cd') in 0.023176 seconds
  Import took 0.043751 seconds .

========================================================================
Received Import Request.
  Time since last request: 0.000426 seconds.
  path: Assets/AHProxy/PlanetShader/DemoScene/Textures/Earth/4k_earth_daymap.png
  artifactKey: Guid(9b116def74d450549af70af4d532ec8f) Importer(815301076,1909f56bfc062723c751e8b465ee728b)
Start importing Assets/AHProxy/PlanetShader/DemoScene/Textures/Earth/4k_earth_daymap.png using Guid(9b116def74d450549af70af4d532ec8f) Importer(815301076,1909f56bfc062723c751e8b465ee728b)  -> (artifact id: '93a49e958d784e402934ddca71e0490e') in 0.082429 seconds
  Import took 0.086035 seconds .

========================================================================
Received Import Request.
  Time since last request: 0.000413 seconds.
  path: Assets/AHProxy/PlanetShader/DemoScene/Textures/Mars/4k_mars.png
  artifactKey: Guid(f5a5135fd2ea45648aaca7d609f39789) Importer(815301076,1909f56bfc062723c751e8b465ee728b)
Start importing Assets/AHProxy/PlanetShader/DemoScene/Textures/Mars/4k_mars.png using Guid(f5a5135fd2ea45648aaca7d609f39789) Importer(815301076,1909f56bfc062723c751e8b465ee728b)  -> (artifact id: '07272fcfe7c526740bcbe94d97faa766') in 0.029255 seconds
  Import took 0.033750 seconds .

========================================================================
Received Import Request.
  Time since last request: 0.000498 seconds.
  path: Assets/AHProxy/PlanetShader/DemoScene/Textures/Earth/earth_lights.png
  artifactKey: Guid(207896b95f4759f4a8d58d9a87126409) Importer(815301076,1909f56bfc062723c751e8b465ee728b)
Start importing Assets/AHProxy/PlanetShader/DemoScene/Textures/Earth/earth_lights.png using Guid(207896b95f4759f4a8d58d9a87126409) Importer(815301076,1909f56bfc062723c751e8b465ee728b)  -> (artifact id: '3470ec3f1298d9872b469c56d80afad4') in 0.022959 seconds
  Import took 0.034564 seconds .

========================================================================
Received Import Request.
  Time since last request: 0.000408 seconds.
  path: Assets/AHProxy/PlanetShader/DemoScene/Meshes/PlanetRingLarge.fbx
  artifactKey: Guid(33b2e617a883bb443ac682368cb662c5) Importer(815301076,1909f56bfc062723c751e8b465ee728b)
Start importing Assets/AHProxy/PlanetShader/DemoScene/Meshes/PlanetRingLarge.fbx using Guid(33b2e617a883bb443ac682368cb662c5) Importer(815301076,1909f56bfc062723c751e8b465ee728b)  -> (artifact id: 'b00aed846c2a396abb2ff5c4d1be69e7') in 0.123686 seconds
  Import took 0.142741 seconds .

========================================================================
Received Import Request.
  Time since last request: 0.000328 seconds.
  path: Assets/AHProxy/PlanetShader
  artifactKey: Guid(64361d4d6702d3946a20ff7d7a1e3f2f) Importer(815301076,1909f56bfc062723c751e8b465ee728b)
Start importing Assets/AHProxy/PlanetShader using Guid(64361d4d6702d3946a20ff7d7a1e3f2f) Importer(815301076,1909f56bfc062723c751e8b465ee728b)  -> (artifact id: '9d5e2522698f54c03e92d9b564ab9108') in 0.008615 seconds
  Import took 0.012189 seconds .

========================================================================
Received Import Request.
  Time since last request: 0.000378 seconds.
  path: Assets/AHProxy/PlanetShader/DemoScene/Textures/Earth/4k_earth_clouds.png
  artifactKey: Guid(6830c978b5a81a94cbb760a166fd5f7c) Importer(815301076,1909f56bfc062723c751e8b465ee728b)
Start importing Assets/AHProxy/PlanetShader/DemoScene/Textures/Earth/4k_earth_clouds.png using Guid(6830c978b5a81a94cbb760a166fd5f7c) Importer(815301076,1909f56bfc062723c751e8b465ee728b)  -> (artifact id: '7508ebc318dc5b255a5c0762de27c261') in 0.028743 seconds
  Import took 0.033270 seconds .

========================================================================
Received Import Request.
  Time since last request: 0.000403 seconds.
  path: Assets/AHProxy/PlanetShader/DemoScene/Textures/Earth/4k_earth_heightmap.png
  artifactKey: Guid(5e0a897a24c87e240aa4c50719175048) Importer(815301076,1909f56bfc062723c751e8b465ee728b)
Start importing Assets/AHProxy/PlanetShader/DemoScene/Textures/Earth/4k_earth_heightmap.png using Guid(5e0a897a24c87e240aa4c50719175048) Importer(815301076,1909f56bfc062723c751e8b465ee728b)  -> (artifact id: 'd915cb7ebdba92de2771e170947ca737') in 0.021563 seconds
  Import took 0.025657 seconds .

========================================================================
Received Import Request.
  Time since last request: 0.000415 seconds.
  path: Assets/AHProxy/PlanetShader/Shader
  artifactKey: Guid(21557468504cf344fbbc72e7b9cb3b92) Importer(815301076,1909f56bfc062723c751e8b465ee728b)
Start importing Assets/AHProxy/PlanetShader/Shader using Guid(21557468504cf344fbbc72e7b9cb3b92) Importer(815301076,1909f56bfc062723c751e8b465ee728b)  -> (artifact id: 'ede35be2afe2e64e6b0222996a3426cc') in 0.011674 seconds
  Import took 0.037665 seconds .

========================================================================
Received Import Request.
  Time since last request: 0.000379 seconds.
  path: Assets/AHProxy/PlanetShader/DemoScene/Meshes/SunPlane.fbx
  artifactKey: Guid(6b4fa6e273df20141b39ca9f7e3212d2) Importer(815301076,1909f56bfc062723c751e8b465ee728b)
Start importing Assets/AHProxy/PlanetShader/DemoScene/Meshes/SunPlane.fbx using Guid(6b4fa6e273df20141b39ca9f7e3212d2) Importer(815301076,1909f56bfc062723c751e8b465ee728b)  -> (artifact id: '0efe1b918a3e01e8b18f80e24b6b1670') in 0.027930 seconds
  Import took 0.032128 seconds .

========================================================================
Received Import Request.
  Time since last request: 0.000381 seconds.
  path: Assets/AHProxy/PlanetShader/DemoScene/Textures/Mars/4k_mars_normalmap.png
  artifactKey: Guid(848de9c1671565a4e8536be1e15eedee) Importer(815301076,1909f56bfc062723c751e8b465ee728b)
Start importing Assets/AHProxy/PlanetShader/DemoScene/Textures/Mars/4k_mars_normalmap.png using Guid(848de9c1671565a4e8536be1e15eedee) Importer(815301076,1909f56bfc062723c751e8b465ee728b)  -> (artifact id: 'f8523d439786e0bac696d716d14b1950') in 0.021133 seconds
  Import took 0.024477 seconds .

========================================================================
Received Import Request.
  Time since last request: 0.000343 seconds.
  path: Assets/AHProxy/PlanetShader/DemoScene/Meshes/PlanetRingSmall.fbx
  artifactKey: Guid(94825c1d16932e54b98603e8c6ae664b) Importer(815301076,1909f56bfc062723c751e8b465ee728b)
Start importing Assets/AHProxy/PlanetShader/DemoScene/Meshes/PlanetRingSmall.fbx using Guid(94825c1d16932e54b98603e8c6ae664b) Importer(815301076,1909f56bfc062723c751e8b465ee728b)  -> (artifact id: 'ba5f3411656652b1b6a4f198d1c48239') in 0.022243 seconds
  Import took 0.025797 seconds .

========================================================================
Received Import Request.
  Time since last request: 0.000359 seconds.
  path: Assets/AHProxy/PlanetShader/DemoScene/Textures/Mars/4k_mars_heightmap.png
  artifactKey: Guid(33302a754f53c5b48978e718d0d8e824) Importer(815301076,1909f56bfc062723c751e8b465ee728b)
Start importing Assets/AHProxy/PlanetShader/DemoScene/Textures/Mars/4k_mars_heightmap.png using Guid(33302a754f53c5b48978e718d0d8e824) Importer(815301076,1909f56bfc062723c751e8b465ee728b)  -> (artifact id: '5834a21e32c5d473588ca910f0153c13') in 0.016817 seconds
  Import took 0.019607 seconds .

========================================================================
Received Import Request.
  Time since last request: 0.000358 seconds.
  path: Assets/AHProxy/PlanetShader/Shader/PlanetRingShader.shader
  artifactKey: Guid(0bedcb26456f2ca409c6a23f2718da3a) Importer(815301076,1909f56bfc062723c751e8b465ee728b)
Start importing Assets/AHProxy/PlanetShader/Shader/PlanetRingShader.shader using Guid(0bedcb26456f2ca409c6a23f2718da3a) Importer(815301076,1909f56bfc062723c751e8b465ee728b)  -> (artifact id: 'af4ae26fdfda96e277c5884e7a86492a') in 0.016645 seconds
  Import took 0.020018 seconds .

========================================================================
Received Import Request.
  Time since last request: 0.000357 seconds.
  path: Assets/AHProxy/PlanetShader/DemoScene/Meshes/PlanetRingNormal.fbx
  artifactKey: Guid(4bac097f81176534996088a37b3d4d1e) Importer(815301076,1909f56bfc062723c751e8b465ee728b)
Start importing Assets/AHProxy/PlanetShader/DemoScene/Meshes/PlanetRingNormal.fbx using Guid(4bac097f81176534996088a37b3d4d1e) Importer(815301076,1909f56bfc062723c751e8b465ee728b)  -> (artifact id: '54030a4537cb3cc0d0328c129e08989f') in 0.032905 seconds
  Import took 0.036567 seconds .

========================================================================
Received Import Request.
  Time since last request: 0.000388 seconds.
  path: Assets/AHProxy/PlanetShader/DemoScene/Textures/Jupiter/4k_jupiter.png
  artifactKey: Guid(b86dc313469963f4aa75de4015cb511f) Importer(815301076,1909f56bfc062723c751e8b465ee728b)
Start importing Assets/AHProxy/PlanetShader/DemoScene/Textures/Jupiter/4k_jupiter.png using Guid(b86dc313469963f4aa75de4015cb511f) Importer(815301076,1909f56bfc062723c751e8b465ee728b)  -> (artifact id: '531fedad35ed4209c8c50a52b325d729') in 0.024229 seconds
  Import took 0.028340 seconds .

========================================================================
Received Import Request.
  Time since last request: 0.001281 seconds.
  path: Assets/AHProxy/PlanetShader/DemoScene/Textures/Earth/4k_earth_normal_map.png
  artifactKey: Guid(170ba97657f19cf4496d1ac860281fbb) Importer(815301076,1909f56bfc062723c751e8b465ee728b)
Start importing Assets/AHProxy/PlanetShader/DemoScene/Textures/Earth/4k_earth_normal_map.png using Guid(170ba97657f19cf4496d1ac860281fbb) Importer(815301076,1909f56bfc062723c751e8b465ee728b)  -> (artifact id: 'efdf3b757f27092ea9b6c63990dddd29') in 0.026190 seconds
  Import took 0.030634 seconds .

========================================================================
Received Import Request.
  Time since last request: 0.000392 seconds.
  path: Assets/AHProxy/PlanetShader/DemoScene/Textures/Earth/4k_earth_specular_map.png
  artifactKey: Guid(30043056a8c241b48913af4daf2e328e) Importer(815301076,1909f56bfc062723c751e8b465ee728b)
Start importing Assets/AHProxy/PlanetShader/DemoScene/Textures/Earth/4k_earth_specular_map.png using Guid(30043056a8c241b48913af4daf2e328e) Importer(815301076,1909f56bfc062723c751e8b465ee728b)  -> (artifact id: '57f71aa904e69df362b4c53265c91147') in 0.023853 seconds
  Import took 0.028849 seconds .

========================================================================
Received Import Request.
  Time since last request: 0.000426 seconds.
  path: Assets/AHProxy/PlanetShader/Shader/PlanetShaderMobile.shader
  artifactKey: Guid(7d21e0a83355f5a46b9d3e26f94060bf) Importer(815301076,1909f56bfc062723c751e8b465ee728b)
Start importing Assets/AHProxy/PlanetShader/Shader/PlanetShaderMobile.shader using Guid(7d21e0a83355f5a46b9d3e26f94060bf) Importer(815301076,1909f56bfc062723c751e8b465ee728b)  -> (artifact id: 'fa903b5a3c286a498d3fb9abba86e263') in 0.008861 seconds
  Import took 0.012550 seconds .

========================================================================
Received Import Request.
  Time since last request: 0.000367 seconds.
  path: Assets/AHProxy/PlanetShader/DemoScene/Meshes/PlanetSphere.fbx
  artifactKey: Guid(541dc450e82531b4b950cd204a82c77b) Importer(815301076,1909f56bfc062723c751e8b465ee728b)
Start importing Assets/AHProxy/PlanetShader/DemoScene/Meshes/PlanetSphere.fbx using Guid(541dc450e82531b4b950cd204a82c77b) Importer(815301076,1909f56bfc062723c751e8b465ee728b)  -> (artifact id: '378b7d4949f20f22980f2ff72aa79cca') in 0.035381 seconds
  Import took 0.040331 seconds .

========================================================================
Received Import Request.
  Time since last request: 0.000350 seconds.
  path: Assets/AHProxy/PlanetShader/DemoScene/Meshes/Materials/lambert2.mat
  artifactKey: Guid(6d7af8f4ae935224c9694af7e70b61d1) Importer(815301076,1909f56bfc062723c751e8b465ee728b)
Start importing Assets/AHProxy/PlanetShader/DemoScene/Meshes/Materials/lambert2.mat using Guid(6d7af8f4ae935224c9694af7e70b61d1) Importer(815301076,1909f56bfc062723c751e8b465ee728b)  -> (artifact id: 'aa173d51b405dc48129f0cf91e2d782c') in 0.022913 seconds
  Import took 0.026956 seconds .

========================================================================
Received Import Request.
  Time since last request: 0.000382 seconds.
  path: Assets/AHProxy/PlanetShader/DemoScene/Textures/Earth
  artifactKey: Guid(c3787ce7cb4907746b68486e411e841c) Importer(815301076,1909f56bfc062723c751e8b465ee728b)
Start importing Assets/AHProxy/PlanetShader/DemoScene/Textures/Earth using Guid(c3787ce7cb4907746b68486e411e841c) Importer(815301076,1909f56bfc062723c751e8b465ee728b)  -> (artifact id: '9749b2fc197f8c252d809263b6a2b6b3') in 0.009207 seconds
  Import took 0.024000 seconds .

========================================================================
Received Import Request.
  Time since last request: 4.505974 seconds.
  path: Assets/AHProxy/PlanetShader/DemoScene/Materials/DemoSceneSkybox.mat
  artifactKey: Guid(edba9531c8600aa49b155e90f0acdcd6) Importer(815301076,1909f56bfc062723c751e8b465ee728b)
Start importing Assets/AHProxy/PlanetShader/DemoScene/Materials/DemoSceneSkybox.mat using Guid(edba9531c8600aa49b155e90f0acdcd6) Importer(815301076,1909f56bfc062723c751e8b465ee728b)  -> (artifact id: '08baa84a8798936d57f95c16b7974b59') in 0.046278 seconds
  Import took 0.050652 seconds .

========================================================================
Received Import Request.
  Time since last request: 0.000447 seconds.
  path: Assets/AHProxy/PlanetShader/DemoScene/Materials/Sun.mat
  artifactKey: Guid(e387e30b757a24041b59f4cfcacb4872) Importer(815301076,1909f56bfc062723c751e8b465ee728b)
Start importing Assets/AHProxy/PlanetShader/DemoScene/Materials/Sun.mat using Guid(e387e30b757a24041b59f4cfcacb4872) Importer(815301076,1909f56bfc062723c751e8b465ee728b)  -> (artifact id: '37bd0f1cee00f1c3a5cc25f4e58a6893') in 0.068387 seconds
  Import took 0.071170 seconds .

========================================================================
Received Import Request.
  Time since last request: 1.052794 seconds.
  path: Assets/AHProxy/PlanetShader/DemoScene/Textures/Skybox/DemoSceneSkybox_front.png
  artifactKey: Guid(ba65c1da5ab35934aa98af3fc494252c) Importer(815301076,1909f56bfc062723c751e8b465ee728b)
Start importing Assets/AHProxy/PlanetShader/DemoScene/Textures/Skybox/DemoSceneSkybox_front.png using Guid(ba65c1da5ab35934aa98af3fc494252c) Importer(815301076,1909f56bfc062723c751e8b465ee728b)  -> (artifact id: '4daa4329cc0885b0bd6399ff59fe70ec') in 0.022636 seconds
  Import took 0.026570 seconds .

========================================================================
Received Import Request.
  Time since last request: 0.001141 seconds.
  path: Assets/AHProxy/PlanetShader/DemoScene/Textures/Skybox/DemoSceneSkybox_up.png
  artifactKey: Guid(9d407d9fcb7308640ac7e7b7f41a9c37) Importer(815301076,1909f56bfc062723c751e8b465ee728b)
Start importing Assets/AHProxy/PlanetShader/DemoScene/Textures/Skybox/DemoSceneSkybox_up.png using Guid(9d407d9fcb7308640ac7e7b7f41a9c37) Importer(815301076,1909f56bfc062723c751e8b465ee728b)  -> (artifact id: '3bbc3158c45ed5788c3a733aa28318e1') in 0.022655 seconds
  Import took 0.060999 seconds .

========================================================================
Received Import Request.
  Time since last request: 0.000460 seconds.
  path: Assets/AHProxy/PlanetShader/DemoScene/Textures/Skybox/DemoSceneSkybox_right.png
  artifactKey: Guid(e2b163664e0e2104db8eb10718fd973d) Importer(815301076,1909f56bfc062723c751e8b465ee728b)
Start importing Assets/AHProxy/PlanetShader/DemoScene/Textures/Skybox/DemoSceneSkybox_right.png using Guid(e2b163664e0e2104db8eb10718fd973d) Importer(815301076,1909f56bfc062723c751e8b465ee728b)  -> (artifact id: '02bbe16d07f2fb76f8abe4f151ac57b3') in 0.022055 seconds
  Import took 0.058054 seconds .

========================================================================
Received Import Request.
  Time since last request: 0.000441 seconds.
  path: Assets/AHProxy/PlanetShader/DemoScene/Textures/Skybox/DemoSceneSkybox_down.png
  artifactKey: Guid(109b1844be503e74199ebbb73037d0a1) Importer(815301076,1909f56bfc062723c751e8b465ee728b)
Start importing Assets/AHProxy/PlanetShader/DemoScene/Textures/Skybox/DemoSceneSkybox_down.png using Guid(109b1844be503e74199ebbb73037d0a1) Importer(815301076,1909f56bfc062723c751e8b465ee728b)  -> (artifact id: '6a80973a7a121e305982d14221377b1e') in 0.021983 seconds
  Import took 0.026795 seconds .

========================================================================
Received Import Request.
  Time since last request: 0.000410 seconds.
  path: Assets/AHProxy/PlanetShader/DemoScene/Textures/Skybox/DemoSceneSkybox_left.png
  artifactKey: Guid(e7c8040973efbea41a811483481ec773) Importer(815301076,1909f56bfc062723c751e8b465ee728b)
Start importing Assets/AHProxy/PlanetShader/DemoScene/Textures/Skybox/DemoSceneSkybox_left.png using Guid(e7c8040973efbea41a811483481ec773) Importer(815301076,1909f56bfc062723c751e8b465ee728b)  -> (artifact id: '417f3e97d2e99695234be80323ae930c') in 0.036323 seconds
  Import took 0.051222 seconds .

========================================================================
Received Import Request.
  Time since last request: 0.000778 seconds.
  path: Assets/AHProxy/PlanetShader/DemoScene/Textures/Skybox/DemoSceneSkybox_back.png
  artifactKey: Guid(e6b8e5a0c91d095448c7e26d3d84cf00) Importer(815301076,1909f56bfc062723c751e8b465ee728b)
Start importing Assets/AHProxy/PlanetShader/DemoScene/Textures/Skybox/DemoSceneSkybox_back.png using Guid(e6b8e5a0c91d095448c7e26d3d84cf00) Importer(815301076,1909f56bfc062723c751e8b465ee728b)  -> (artifact id: '6ba7df2b81484842ec46e131a1a30ea1') in 0.021316 seconds
  Import took 0.026512 seconds .

========================================================================
Received Import Request.
  Time since last request: 5.196409 seconds.
  path: Assets/AHProxy/PlanetShader/DemoScene/Materials/Planets
  artifactKey: Guid(fc519b959b6468a4ba51cf37e7a86406) Importer(815301076,1909f56bfc062723c751e8b465ee728b)
Start importing Assets/AHProxy/PlanetShader/DemoScene/Materials/Planets using Guid(fc519b959b6468a4ba51cf37e7a86406) Importer(815301076,1909f56bfc062723c751e8b465ee728b)  -> (artifact id: '03b0fb6169d92efcb7caeeea2528af23') in 0.013739 seconds
  Import took 0.017537 seconds .

========================================================================
Received Import Request.
  Time since last request: 0.296745 seconds.
  path: Assets/AHProxy/PlanetShader/DemoScene/Materials/Planets/Earth.mat
  artifactKey: Guid(2428d1f34e850404d929653306f2a06d) Importer(815301076,1909f56bfc062723c751e8b465ee728b)
Start importing Assets/AHProxy/PlanetShader/DemoScene/Materials/Planets/Earth.mat using Guid(2428d1f34e850404d929653306f2a06d) Importer(815301076,1909f56bfc062723c751e8b465ee728b)  -> (artifact id: '56f231f241dcc11314e24b7ccbcb318a') in 0.450158 seconds
  Import took 0.454171 seconds .

========================================================================
Received Import Request.
  Time since last request: 0.000503 seconds.
  path: Assets/AHProxy/PlanetShader/DemoScene/Materials/Planets/Jupiter.mat
  artifactKey: Guid(fa63b5bd7e0fa0b45a08bf74ac4205a7) Importer(815301076,1909f56bfc062723c751e8b465ee728b)
Start importing Assets/AHProxy/PlanetShader/DemoScene/Materials/Planets/Jupiter.mat using Guid(fa63b5bd7e0fa0b45a08bf74ac4205a7) Importer(815301076,1909f56bfc062723c751e8b465ee728b)  -> (artifact id: 'be473866b14a83f3262255abc46e4388') in 0.025169 seconds
  Import took 0.028095 seconds .

========================================================================
Received Import Request.
  Time since last request: 0.000452 seconds.
  path: Assets/AHProxy/PlanetShader/DemoScene/Materials/Planets/Mercury.mat
  artifactKey: Guid(1aef184d850d8eb45b07d60d6f1436be) Importer(815301076,1909f56bfc062723c751e8b465ee728b)
Start importing Assets/AHProxy/PlanetShader/DemoScene/Materials/Planets/Mercury.mat using Guid(1aef184d850d8eb45b07d60d6f1436be) Importer(815301076,1909f56bfc062723c751e8b465ee728b)  -> (artifact id: 'c179d25bf7222a701abbeb00bede1c81') in 0.038382 seconds
  Import took 0.043310 seconds .

========================================================================
Received Import Request.
  Time since last request: 0.000441 seconds.
  path: Assets/AHProxy/PlanetShader/DemoScene/Materials/Planets/Saturn.mat
  artifactKey: Guid(c4bf587b0c70d834d923ddf3b2cf9166) Importer(815301076,1909f56bfc062723c751e8b465ee728b)
Start importing Assets/AHProxy/PlanetShader/DemoScene/Materials/Planets/Saturn.mat using Guid(c4bf587b0c70d834d923ddf3b2cf9166) Importer(815301076,1909f56bfc062723c751e8b465ee728b)  -> (artifact id: '872e9f11b22d4c25063aad6ef8b77603') in 0.034254 seconds
  Import took 0.264152 seconds .

========================================================================
Received Import Request.
  Time since last request: 0.001433 seconds.
  path: Assets/AHProxy/PlanetShader/DemoScene/Materials/Planets/Neptune.mat
  artifactKey: Guid(d95a85eabd31ab04f8e34af14f464c3f) Importer(815301076,1909f56bfc062723c751e8b465ee728b)
Start importing Assets/AHProxy/PlanetShader/DemoScene/Materials/Planets/Neptune.mat using Guid(d95a85eabd31ab04f8e34af14f464c3f) Importer(815301076,1909f56bfc062723c751e8b465ee728b)  -> (artifact id: '7a3133f437a7fd8a4f609a3b0e11f67e') in 0.034113 seconds
  Import took 0.039359 seconds .

========================================================================
Received Import Request.
  Time since last request: 0.000510 seconds.
  path: Assets/AHProxy/PlanetShader/DemoScene/Materials/Planets/Venus.mat
  artifactKey: Guid(85240e987ebf72d4987eb4cced5fa8b4) Importer(815301076,1909f56bfc062723c751e8b465ee728b)
Start importing Assets/AHProxy/PlanetShader/DemoScene/Materials/Planets/Venus.mat using Guid(85240e987ebf72d4987eb4cced5fa8b4) Importer(815301076,1909f56bfc062723c751e8b465ee728b)  -> (artifact id: '47b96d1674f5d9d2634d64a492caacba') in 0.033731 seconds
  Import took 0.036955 seconds .

========================================================================
Received Import Request.
  Time since last request: 0.000339 seconds.
  path: Assets/AHProxy/PlanetShader/DemoScene/Materials/Planets/SaturnRings.mat
  artifactKey: Guid(ae297437e4c552243a4df714ab2bf508) Importer(815301076,1909f56bfc062723c751e8b465ee728b)
Start importing Assets/AHProxy/PlanetShader/DemoScene/Materials/Planets/SaturnRings.mat using Guid(ae297437e4c552243a4df714ab2bf508) Importer(815301076,1909f56bfc062723c751e8b465ee728b)  -> (artifact id: '50aa2874158b3ebf22dbb926050ca375') in 0.358256 seconds
  Import took 0.362883 seconds .

========================================================================
Received Import Request.
  Time since last request: 0.000397 seconds.
  path: Assets/AHProxy/PlanetShader/DemoScene/Materials/Planets/Mars.mat
  artifactKey: Guid(ebed62f90944246459c0d42563d11485) Importer(815301076,1909f56bfc062723c751e8b465ee728b)
Start importing Assets/AHProxy/PlanetShader/DemoScene/Materials/Planets/Mars.mat using Guid(ebed62f90944246459c0d42563d11485) Importer(815301076,1909f56bfc062723c751e8b465ee728b)  -> (artifact id: 'abc2d5eeaad23bd6f00e6d8391953673') in 0.055765 seconds
  Import took 0.084246 seconds .

========================================================================
Received Import Request.
  Time since last request: 0.000427 seconds.
  path: Assets/AHProxy/PlanetShader/DemoScene/Materials/Planets/Uranus.mat
  artifactKey: Guid(b34ef3aee77b3c849a5515a124bfa8e8) Importer(815301076,1909f56bfc062723c751e8b465ee728b)
Start importing Assets/AHProxy/PlanetShader/DemoScene/Materials/Planets/Uranus.mat using Guid(b34ef3aee77b3c849a5515a124bfa8e8) Importer(815301076,1909f56bfc062723c751e8b465ee728b)  -> (artifact id: '372e98d8adda7ae2e15aee392c2e45b4') in 0.024298 seconds
  Import took 0.029008 seconds .

========================================================================
Received Import Request.
  Time since last request: 0.115387 seconds.
  path: Assets/AHProxy/PlanetShader/DemoScene/Materials/Planets/Mars.mat
  artifactKey: Guid(ebed62f90944246459c0d42563d11485) Importer(815301076,1909f56bfc062723c751e8b465ee728b)
Start importing Assets/AHProxy/PlanetShader/DemoScene/Materials/Planets/Mars.mat using Guid(ebed62f90944246459c0d42563d11485) Importer(815301076,1909f56bfc062723c751e8b465ee728b)  -> (artifact id: 'abc2d5eeaad23bd6f00e6d8391953673') in 0.031162 seconds
  Import took 0.034892 seconds .

========================================================================
Received Import Request.
  Time since last request: 13.104946 seconds.
  path: Assets/AHProxy/PlanetShader/DemoScene/Materials/Planets/Mobile
  artifactKey: Guid(8120bd1fe99d9f74c906154207e8cbad) Importer(815301076,1909f56bfc062723c751e8b465ee728b)
Start importing Assets/AHProxy/PlanetShader/DemoScene/Materials/Planets/Mobile using Guid(8120bd1fe99d9f74c906154207e8cbad) Importer(815301076,1909f56bfc062723c751e8b465ee728b)  -> (artifact id: '69c25eca006326957dd32b9847596ed7') in 0.012479 seconds
  Import took 0.017021 seconds .

========================================================================
Received Import Request.
  Time since last request: 12.396725 seconds.
  path: Assets/AHProxy/PlanetShader/DemoScene/Textures/Venus/4k_venus_surface.png
  artifactKey: Guid(534f00d9507e12749b0fb9593307f973) Importer(815301076,1909f56bfc062723c751e8b465ee728b)
Start importing Assets/AHProxy/PlanetShader/DemoScene/Textures/Venus/4k_venus_surface.png using Guid(534f00d9507e12749b0fb9593307f973) Importer(815301076,1909f56bfc062723c751e8b465ee728b)  -> (artifact id: '1edbab7ac552c08f068d80fbd62cc321') in 0.026792 seconds
  Import took 0.031708 seconds .

========================================================================
Received Import Request.
  Time since last request: 0.000540 seconds.
  path: Assets/AHProxy/PlanetShader/DemoScene/Textures/Venus/4k_venus_atmosphere.png
  artifactKey: Guid(e8db153baaacf3c4fb9f8873a4081651) Importer(815301076,1909f56bfc062723c751e8b465ee728b)
Start importing Assets/AHProxy/PlanetShader/DemoScene/Textures/Venus/4k_venus_atmosphere.png using Guid(e8db153baaacf3c4fb9f8873a4081651) Importer(815301076,1909f56bfc062723c751e8b465ee728b)  -> (artifact id: '84f3207ab3e6d65b842151618039cce4') in 0.023106 seconds
  Import took 0.027994 seconds .

========================================================================
Received Import Request.
  Time since last request: 0.858705 seconds.
  path: Assets/AHProxy/PlanetShader/DemoScene/Materials/Planets/Mobile/EarthMobile.mat
  artifactKey: Guid(5aaff034f90869f4891c8248fb8d44dd) Importer(815301076,1909f56bfc062723c751e8b465ee728b)
Start importing Assets/AHProxy/PlanetShader/DemoScene/Materials/Planets/Mobile/EarthMobile.mat using Guid(5aaff034f90869f4891c8248fb8d44dd) Importer(815301076,1909f56bfc062723c751e8b465ee728b)  -> (artifact id: '8ffe1cf40ca6f33c666e7a5aa17b2741') in 0.214315 seconds
  Import took 0.218083 seconds .

========================================================================
Received Import Request.
  Time since last request: 0.000457 seconds.
  path: Assets/AHProxy/PlanetShader/DemoScene/Materials/Planets/Mobile/VenusMobile.mat
  artifactKey: Guid(9344716f23cfb604e8c26fce84cba36a) Importer(815301076,1909f56bfc062723c751e8b465ee728b)
Start importing Assets/AHProxy/PlanetShader/DemoScene/Materials/Planets/Mobile/VenusMobile.mat using Guid(9344716f23cfb604e8c26fce84cba36a) Importer(815301076,1909f56bfc062723c751e8b465ee728b)  -> (artifact id: 'c071ffb98594fe2336dadc35ca842a17') in 0.023087 seconds
  Import took 0.026072 seconds .

========================================================================
Received Import Request.
  Time since last request: 0.000425 seconds.
  path: Assets/AHProxy/PlanetShader/DemoScene/Materials/Planets/Mobile/UranusMobile.mat
  artifactKey: Guid(281e7e2fafbda1941931212c0770429b) Importer(815301076,1909f56bfc062723c751e8b465ee728b)
Start importing Assets/AHProxy/PlanetShader/DemoScene/Materials/Planets/Mobile/UranusMobile.mat using Guid(281e7e2fafbda1941931212c0770429b) Importer(815301076,1909f56bfc062723c751e8b465ee728b)  -> (artifact id: '0c6157c286ce5b7563fabb6ab6f09620') in 0.019178 seconds
  Import took 0.041076 seconds .

========================================================================
Received Import Request.
  Time since last request: 0.000408 seconds.
  path: Assets/AHProxy/PlanetShader/DemoScene/Materials/Planets/Mobile/NeptuneMobile.mat
  artifactKey: Guid(4cefca5b0f47fb8488f704f5457eb5e5) Importer(815301076,1909f56bfc062723c751e8b465ee728b)
Start importing Assets/AHProxy/PlanetShader/DemoScene/Materials/Planets/Mobile/NeptuneMobile.mat using Guid(4cefca5b0f47fb8488f704f5457eb5e5) Importer(815301076,1909f56bfc062723c751e8b465ee728b)  -> (artifact id: '6940a72402dd01fcd15445ed8cec28fd') in 0.024755 seconds
  Import took 0.028438 seconds .

========================================================================
Received Import Request.
  Time since last request: 0.000419 seconds.
  path: Assets/AHProxy/PlanetShader/DemoScene/Materials/Planets/Mobile/JupiterMobile.mat
  artifactKey: Guid(400eb57add67b274e86e74cc645f940e) Importer(815301076,1909f56bfc062723c751e8b465ee728b)
Start importing Assets/AHProxy/PlanetShader/DemoScene/Materials/Planets/Mobile/JupiterMobile.mat using Guid(400eb57add67b274e86e74cc645f940e) Importer(815301076,1909f56bfc062723c751e8b465ee728b)  -> (artifact id: '88b0d6bbcf526b377e5cf8de0adeb985') in 0.030318 seconds
  Import took 0.035738 seconds .

========================================================================
Received Import Request.
  Time since last request: 0.000419 seconds.
  path: Assets/AHProxy/PlanetShader/DemoScene/Materials/Planets/Mobile/MarsMobile.mat
  artifactKey: Guid(281e20fb040fe5b479e251c8a0365f46) Importer(815301076,1909f56bfc062723c751e8b465ee728b)
Start importing Assets/AHProxy/PlanetShader/DemoScene/Materials/Planets/Mobile/MarsMobile.mat using Guid(281e20fb040fe5b479e251c8a0365f46) Importer(815301076,1909f56bfc062723c751e8b465ee728b)  -> (artifact id: '34fca180e0062db895b329efa55e2f22') in 0.036614 seconds
  Import took 0.041891 seconds .

========================================================================
Received Import Request.
  Time since last request: 0.000504 seconds.
  path: Assets/AHProxy/PlanetShader/DemoScene/Materials/Planets/Mobile/SaturnMobile.mat
  artifactKey: Guid(e2f02c989e05b934f90e3ef0d9e79e76) Importer(815301076,1909f56bfc062723c751e8b465ee728b)
Start importing Assets/AHProxy/PlanetShader/DemoScene/Materials/Planets/Mobile/SaturnMobile.mat using Guid(e2f02c989e05b934f90e3ef0d9e79e76) Importer(815301076,1909f56bfc062723c751e8b465ee728b)  -> (artifact id: 'ae6d5508b3f46280c8dc72d23819f58e') in 0.026774 seconds
  Import took 0.031050 seconds .

========================================================================
Received Import Request.
  Time since last request: 0.000435 seconds.
  path: Assets/AHProxy/PlanetShader/DemoScene/Materials/Planets/Mobile/MercuryMobile.mat
  artifactKey: Guid(e99bbf3182478844c8f4ef234b52a356) Importer(815301076,1909f56bfc062723c751e8b465ee728b)
Start importing Assets/AHProxy/PlanetShader/DemoScene/Materials/Planets/Mobile/MercuryMobile.mat using Guid(e99bbf3182478844c8f4ef234b52a356) Importer(815301076,1909f56bfc062723c751e8b465ee728b)  -> (artifact id: '5e5a75acdf5ac4cb63a94630a5055e5c') in 0.030829 seconds
  Import took 0.035064 seconds .

AssetImportWorkerClient::OnTransportError - code=2 error=End of file
